[0.075s] Invoking command in '/home/teban/bumperbot_ws/build/bumperbot_localization': CMAKE_PREFIX_PATH=${CMAKE_PREFIX_PATH}:/opt/ros/jazzy DEBUGINFOD_URLS=https://debuginfod.ubuntu.com /usr/bin/cmake --build /home/teban/bumperbot_ws/build/bumperbot_localization -- -j4 -l4
[0.318s] -- Found ament_cmake: 2.5.3 (/opt/ros/jazzy/share/ament_cmake/cmake)
[1.242s] -- Found rclcpp: 28.1.6 (/opt/ros/jazzy/share/rclcpp/cmake)
[1.474s] -- Found rosidl_generator_c: 4.6.5 (/opt/ros/jazzy/share/rosidl_generator_c/cmake)
[1.508s] -- Found rosidl_generator_cpp: 4.6.5 (/opt/ros/jazzy/share/rosidl_generator_cpp/cmake)
[1.577s] -- Using all available rosidl_typesupport_c: rosidl_typesupport_fastrtps_c;rosidl_typesupport_introspection_c
[1.650s] -- Using all available rosidl_typesupport_cpp: rosidl_typesupport_fastrtps_cpp;rosidl_typesupport_introspection_cpp
[1.996s] -- Found rmw_implementation_cmake: 7.3.1 (/opt/ros/jazzy/share/rmw_implementation_cmake/cmake)
[2.031s] -- Found rmw_fastrtps_cpp: 8.4.1 (/opt/ros/jazzy/share/rmw_fastrtps_cpp/cmake)
[2.337s] -- Using RMW implementation 'rmw_fastrtps_cpp' as default
[2.926s] -- Found rclpy: 7.1.3 (/opt/ros/jazzy/share/rclpy/cmake)
[2.926s] -- Found nav_msgs: 5.3.5 (/opt/ros/jazzy/share/nav_msgs/cmake)
[3.344s] -- Found sensor_msgs: 5.3.5 (/opt/ros/jazzy/share/sensor_msgs/cmake)
[3.651s] -- Found ament_lint_auto: 0.17.1 (/opt/ros/jazzy/share/ament_lint_auto/cmake)
[4.036s] -- Added test 'flake8' to check Python code syntax and style conventions
[4.036s] -- Configured 'flake8' exclude dirs and/or files: 
[4.037s] -- Added test 'lint_cmake' to check CMake code style
[4.044s] -- Added test 'pep257' to check Python code against some of the docstring style conventions in PEP 257
[4.050s] -- Added test 'xmllint' to check XML markup files
[4.076s] -- Configuring done (4.0s)
[4.197s] -- Generating done (0.0s)
[4.199s] -- Build files have been written to: /home/teban/bumperbot_ws/build/bumperbot_localization
[4.260s] Built target ament_cmake_python_copy_bumperbot_localization
[4.537s] running egg_info
[4.566s] writing bumperbot_localization.egg-info/PKG-INFO
[4.567s] writing dependency_links to bumperbot_localization.egg-info/dependency_links.txt
[4.567s] writing top-level names to bumperbot_localization.egg-info/top_level.txt
[4.646s] reading manifest file 'bumperbot_localization.egg-info/SOURCES.txt'
[4.664s] writing manifest file 'bumperbot_localization.egg-info/SOURCES.txt'
[4.696s] Built target ament_cmake_python_build_bumperbot_localization_egg
[4.710s] Invoked command in '/home/teban/bumperbot_ws/build/bumperbot_localization' returned '0': CMAKE_PREFIX_PATH=${CMAKE_PREFIX_PATH}:/opt/ros/jazzy DEBUGINFOD_URLS=https://debuginfod.ubuntu.com /usr/bin/cmake --build /home/teban/bumperbot_ws/build/bumperbot_localization -- -j4 -l4
[4.711s] Invoking command in '/home/teban/bumperbot_ws/build/bumperbot_localization': CMAKE_PREFIX_PATH=${CMAKE_PREFIX_PATH}:/opt/ros/jazzy DEBUGINFOD_URLS=https://debuginfod.ubuntu.com /usr/bin/cmake --install /home/teban/bumperbot_ws/build/bumperbot_localization
[4.721s] -- Install configuration: ""
[4.721s] -- Up-to-date: /home/teban/bumperbot_ws/install/bumperbot_localization/share/bumperbot_localization/environment/pythonpath.sh
[4.721s] -- Up-to-date: /home/teban/bumperbot_ws/install/bumperbot_localization/share/bumperbot_localization/environment/pythonpath.dsv
[4.722s] -- Up-to-date: /home/teban/bumperbot_ws/install/bumperbot_localization/lib/python3.12/site-packages/bumperbot_localization-0.0.0-py3.12.egg-info
[4.722s] -- Installing: /home/teban/bumperbot_ws/install/bumperbot_localization/lib/python3.12/site-packages/bumperbot_localization-0.0.0-py3.12.egg-info/top_level.txt
[4.722s] -- Installing: /home/teban/bumperbot_ws/install/bumperbot_localization/lib/python3.12/site-packages/bumperbot_localization-0.0.0-py3.12.egg-info/SOURCES.txt
[4.722s] -- Installing: /home/teban/bumperbot_ws/install/bumperbot_localization/lib/python3.12/site-packages/bumperbot_localization-0.0.0-py3.12.egg-info/PKG-INFO
[4.722s] -- Installing: /home/teban/bumperbot_ws/install/bumperbot_localization/lib/python3.12/site-packages/bumperbot_localization-0.0.0-py3.12.egg-info/dependency_links.txt
[4.722s] -- Up-to-date: /home/teban/bumperbot_ws/install/bumperbot_localization/lib/python3.12/site-packages/bumperbot_localization
[4.722s] -- Up-to-date: /home/teban/bumperbot_ws/install/bumperbot_localization/lib/python3.12/site-packages/bumperbot_localization/imu_republisher.py
[4.722s] -- Up-to-date: /home/teban/bumperbot_ws/install/bumperbot_localization/lib/python3.12/site-packages/bumperbot_localization/kalman_filter.py
[4.722s] -- Up-to-date: /home/teban/bumperbot_ws/install/bumperbot_localization/lib/python3.12/site-packages/bumperbot_localization/__init__.py
[4.767s] Listing '/home/teban/bumperbot_ws/install/bumperbot_localization/lib/python3.12/site-packages/bumperbot_localization'...
[4.773s] -- Up-to-date: /home/teban/bumperbot_ws/install/bumperbot_localization/lib/bumperbot_localization/kalman_filter.py
[4.773s] -- Up-to-date: /home/teban/bumperbot_ws/install/bumperbot_localization/lib/bumperbot_localization/imu_republisher.py
[4.774s] -- Installing: /home/teban/bumperbot_ws/install/bumperbot_localization/share/bumperbot_localization/launch
[4.774s] -- Installing: /home/teban/bumperbot_ws/install/bumperbot_localization/share/bumperbot_localization/launch/local_localization.launch.py
[4.774s] -- Installing: /home/teban/bumperbot_ws/install/bumperbot_localization/share/bumperbot_localization/config
[4.774s] -- Installing: /home/teban/bumperbot_ws/install/bumperbot_localization/share/bumperbot_localization/config/ekf.yaml
[4.774s] -- Installing: /home/teban/bumperbot_ws/install/bumperbot_localization/share/ament_index/resource_index/package_run_dependencies/bumperbot_localization
[4.774s] -- Up-to-date: /home/teban/bumperbot_ws/install/bumperbot_localization/share/ament_index/resource_index/parent_prefix_path/bumperbot_localization
[4.774s] -- Up-to-date: /home/teban/bumperbot_ws/install/bumperbot_localization/share/bumperbot_localization/environment/ament_prefix_path.sh
[4.774s] -- Up-to-date: /home/teban/bumperbot_ws/install/bumperbot_localization/share/bumperbot_localization/environment/ament_prefix_path.dsv
[4.774s] -- Up-to-date: /home/teban/bumperbot_ws/install/bumperbot_localization/share/bumperbot_localization/environment/path.sh
[4.775s] -- Up-to-date: /home/teban/bumperbot_ws/install/bumperbot_localization/share/bumperbot_localization/environment/path.dsv
[4.775s] -- Up-to-date: /home/teban/bumperbot_ws/install/bumperbot_localization/share/bumperbot_localization/local_setup.bash
[4.775s] -- Up-to-date: /home/teban/bumperbot_ws/install/bumperbot_localization/share/bumperbot_localization/local_setup.sh
[4.775s] -- Up-to-date: /home/teban/bumperbot_ws/install/bumperbot_localization/share/bumperbot_localization/local_setup.zsh
[4.775s] -- Up-to-date: /home/teban/bumperbot_ws/install/bumperbot_localization/share/bumperbot_localization/local_setup.dsv
[4.775s] -- Installing: /home/teban/bumperbot_ws/install/bumperbot_localization/share/bumperbot_localization/package.dsv
[4.775s] -- Up-to-date: /home/teban/bumperbot_ws/install/bumperbot_localization/share/ament_index/resource_index/packages/bumperbot_localization
[4.775s] -- Up-to-date: /home/teban/bumperbot_ws/install/bumperbot_localization/share/bumperbot_localization/cmake/bumperbot_localizationConfig.cmake
[4.775s] -- Up-to-date: /home/teban/bumperbot_ws/install/bumperbot_localization/share/bumperbot_localization/cmake/bumperbot_localizationConfig-version.cmake
[4.775s] -- Installing: /home/teban/bumperbot_ws/install/bumperbot_localization/share/bumperbot_localization/package.xml
[4.777s] Invoked command in '/home/teban/bumperbot_ws/build/bumperbot_localization' returned '0': CMAKE_PREFIX_PATH=${CMAKE_PREFIX_PATH}:/opt/ros/jazzy DEBUGINFOD_URLS=https://debuginfod.ubuntu.com /usr/bin/cmake --install /home/teban/bumperbot_ws/build/bumperbot_localization
