[7.527s] Invoking command in '/home/teban/bumperbot_ws/src/bumperbot_py_examples': DEBUGINFOD_URLS=https://debuginfod.ubuntu.com PYTHONPATH=/home/teban/bumperbot_ws/build/bumperbot_py_examples/prefix_override:/usr/lib/python3/dist-packages/colcon_core/task/python/colcon_distutils_commands:/home/teban/bumperbot_ws/install/bumperbot_py_examples/lib/python3.12/site-packages:${PYTHONPATH} /usr/bin/python3 -W ignore:setup.py install is deprecated -W ignore:easy_install command is deprecated setup.py egg_info --egg-base ../../build/bumperbot_py_examples build --build-base /home/teban/bumperbot_ws/build/bumperbot_py_examples/build install --record /home/teban/bumperbot_ws/build/bumperbot_py_examples/install.log --single-version-externally-managed install_data
[7.867s] running egg_info
[7.893s] writing ../../build/bumperbot_py_examples/bumperbot_py_examples.egg-info/PKG-INFO
[7.893s] writing dependency_links to ../../build/bumperbot_py_examples/bumperbot_py_examples.egg-info/dependency_links.txt
[7.893s] writing entry points to ../../build/bumperbot_py_examples/bumperbot_py_examples.egg-info/entry_points.txt
[7.894s] writing requirements to ../../build/bumperbot_py_examples/bumperbot_py_examples.egg-info/requires.txt
[7.894s] writing top-level names to ../../build/bumperbot_py_examples/bumperbot_py_examples.egg-info/top_level.txt
[7.949s] reading manifest file '../../build/bumperbot_py_examples/bumperbot_py_examples.egg-info/SOURCES.txt'
[7.955s] writing manifest file '../../build/bumperbot_py_examples/bumperbot_py_examples.egg-info/SOURCES.txt'
[7.955s] running build
[7.955s] running build_py
[7.956s] running install
[7.964s] running install_lib
[7.992s] running install_data
[7.992s] running install_egg_info
[8.022s] removing '/home/teban/bumperbot_ws/install/bumperbot_py_examples/lib/python3.12/site-packages/bumperbot_py_examples-0.0.0-py3.12.egg-info' (and everything under it)
[8.022s] Copying ../../build/bumperbot_py_examples/bumperbot_py_examples.egg-info to /home/teban/bumperbot_ws/install/bumperbot_py_examples/lib/python3.12/site-packages/bumperbot_py_examples-0.0.0-py3.12.egg-info
[8.028s] running install_scripts
[8.207s] Installing simple_publisher script to /home/teban/bumperbot_ws/install/bumperbot_py_examples/lib/bumperbot_py_examples
[8.207s] Installing simple_subscriber script to /home/teban/bumperbot_ws/install/bumperbot_py_examples/lib/bumperbot_py_examples
[8.207s] writing list of installed files to '/home/teban/bumperbot_ws/build/bumperbot_py_examples/install.log'
[8.239s] Invoked command in '/home/teban/bumperbot_ws/src/bumperbot_py_examples' returned '0': DEBUGINFOD_URLS=https://debuginfod.ubuntu.com PYTHONPATH=/home/teban/bumperbot_ws/build/bumperbot_py_examples/prefix_override:/usr/lib/python3/dist-packages/colcon_core/task/python/colcon_distutils_commands:/home/teban/bumperbot_ws/install/bumperbot_py_examples/lib/python3.12/site-packages:${PYTHONPATH} /usr/bin/python3 -W ignore:setup.py install is deprecated -W ignore:easy_install command is deprecated setup.py egg_info --egg-base ../../build/bumperbot_py_examples build --build-base /home/teban/bumperbot_ws/build/bumperbot_py_examples/build install --record /home/teban/bumperbot_ws/build/bumperbot_py_examples/install.log --single-version-externally-managed install_data
