[0.009s] Invoking command in '/home/teban/bumperbot_ws/build/bumperbot_localization': CMAKE_PREFIX_PATH=${CMAKE_PREFIX_PATH}:/opt/ros/jazzy DEBUGINFOD_URLS=https://debuginfod.ubuntu.com /usr/bin/cmake /home/teban/bumperbot_ws/src/bumperbot_localization -DCMAKE_INSTALL_PREFIX=/home/teban/bumperbot_ws/install/bumperbot_localization
[0.582s] -- The C compiler identification is GNU 13.3.0
[1.128s] -- The CXX compiler identification is GNU 13.3.0
[1.187s] -- Detecting C compiler ABI info
[1.422s] -- Detecting C compiler ABI info - done
[1.438s] -- Check for working C compiler: /usr/bin/cc - skipped
[1.440s] -- Detecting C compile features
[1.447s] -- Detecting C compile features - done
[1.478s] -- Detecting CXX compiler ABI info
[1.767s] -- Detecting CXX compiler ABI info - done
[1.784s] -- Check for working CXX compiler: /usr/bin/c++ - skipped
[1.784s] -- Detecting CXX compile features
[1.785s] -- Detecting CXX compile features - done
[1.999s] -- Found ament_cmake: 2.5.3 (/opt/ros/jazzy/share/ament_cmake/cmake)
[2.266s] -- Found Python3: /usr/bin/python3 (found version "3.12.3") found components: Interpreter 
[2.459s] -- Found ament_lint_auto: 0.17.1 (/opt/ros/jazzy/share/ament_lint_auto/cmake)
[2.617s] -- Added test 'lint_cmake' to check CMake code style
[2.619s] -- Added test 'xmllint' to check XML markup files
[2.621s] -- Configuring done (2.6s)
[2.626s] -- Generating done (0.0s)
[2.628s] -- Build files have been written to: /home/teban/bumperbot_ws/build/bumperbot_localization
[2.634s] Invoked command in '/home/teban/bumperbot_ws/build/bumperbot_localization' returned '0': CMAKE_PREFIX_PATH=${CMAKE_PREFIX_PATH}:/opt/ros/jazzy DEBUGINFOD_URLS=https://debuginfod.ubuntu.com /usr/bin/cmake /home/teban/bumperbot_ws/src/bumperbot_localization -DCMAKE_INSTALL_PREFIX=/home/teban/bumperbot_ws/install/bumperbot_localization
[2.635s] Invoking command in '/home/teban/bumperbot_ws/build/bumperbot_localization': CMAKE_PREFIX_PATH=${CMAKE_PREFIX_PATH}:/opt/ros/jazzy DEBUGINFOD_URLS=https://debuginfod.ubuntu.com /usr/bin/cmake --build /home/teban/bumperbot_ws/build/bumperbot_localization -- -j4 -l4
[2.687s] Invoked command in '/home/teban/bumperbot_ws/build/bumperbot_localization' returned '0': CMAKE_PREFIX_PATH=${CMAKE_PREFIX_PATH}:/opt/ros/jazzy DEBUGINFOD_URLS=https://debuginfod.ubuntu.com /usr/bin/cmake --build /home/teban/bumperbot_ws/build/bumperbot_localization -- -j4 -l4
[2.692s] Invoking command in '/home/teban/bumperbot_ws/build/bumperbot_localization': CMAKE_PREFIX_PATH=${CMAKE_PREFIX_PATH}:/opt/ros/jazzy DEBUGINFOD_URLS=https://debuginfod.ubuntu.com /usr/bin/cmake --install /home/teban/bumperbot_ws/build/bumperbot_localization
[2.707s] -- Install configuration: ""
[2.707s] -- Installing: /home/teban/bumperbot_ws/install/bumperbot_localization/share/ament_index/resource_index/package_run_dependencies/bumperbot_localization
[2.708s] -- Installing: /home/teban/bumperbot_ws/install/bumperbot_localization/share/ament_index/resource_index/parent_prefix_path/bumperbot_localization
[2.708s] -- Installing: /home/teban/bumperbot_ws/install/bumperbot_localization/share/bumperbot_localization/environment/ament_prefix_path.sh
[2.709s] -- Installing: /home/teban/bumperbot_ws/install/bumperbot_localization/share/bumperbot_localization/environment/ament_prefix_path.dsv
[2.711s] -- Installing: /home/teban/bumperbot_ws/install/bumperbot_localization/share/bumperbot_localization/environment/path.sh
[2.711s] -- Installing: /home/teban/bumperbot_ws/install/bumperbot_localization/share/bumperbot_localization/environment/path.dsv
[2.711s] -- Installing: /home/teban/bumperbot_ws/install/bumperbot_localization/share/bumperbot_localization/local_setup.bash
[2.711s] -- Installing: /home/teban/bumperbot_ws/install/bumperbot_localization/share/bumperbot_localization/local_setup.sh
[2.712s] -- Installing: /home/teban/bumperbot_ws/install/bumperbot_localization/share/bumperbot_localization/local_setup.zsh
[2.712s] -- Installing: /home/teban/bumperbot_ws/install/bumperbot_localization/share/bumperbot_localization/local_setup.dsv
[2.712s] -- Installing: /home/teban/bumperbot_ws/install/bumperbot_localization/share/bumperbot_localization/package.dsv
[2.712s] -- Installing: /home/teban/bumperbot_ws/install/bumperbot_localization/share/ament_index/resource_index/packages/bumperbot_localization
[2.712s] -- Installing: /home/teban/bumperbot_ws/install/bumperbot_localization/share/bumperbot_localization/cmake/bumperbot_localizationConfig.cmake
[2.712s] -- Installing: /home/teban/bumperbot_ws/install/bumperbot_localization/share/bumperbot_localization/cmake/bumperbot_localizationConfig-version.cmake
[2.712s] -- Installing: /home/teban/bumperbot_ws/install/bumperbot_localization/share/bumperbot_localization/package.xml
[2.714s] Invoked command in '/home/teban/bumperbot_ws/build/bumperbot_localization' returned '0': CMAKE_PREFIX_PATH=${CMAKE_PREFIX_PATH}:/opt/ros/jazzy DEBUGINFOD_URLS=https://debuginfod.ubuntu.com /usr/bin/cmake --install /home/teban/bumperbot_ws/build/bumperbot_localization
