[0.070s] Invoking command in '/home/teban/bumperbot_ws/build/bumperbot_localization': CMAKE_PREFIX_PATH=${CMAKE_PREFIX_PATH}:/opt/ros/jazzy DEBUGINFOD_URLS=https://debuginfod.ubuntu.com /usr/bin/cmake --build /home/teban/bumperbot_ws/build/bumperbot_localization -- -j4 -l4
[0.341s] -- Found ament_cmake: 2.5.3 (/opt/ros/jazzy/share/ament_cmake/cmake)
[1.181s] -- Found rclcpp: 28.1.6 (/opt/ros/jazzy/share/rclcpp/cmake)
[1.415s] -- Found rosidl_generator_c: 4.6.5 (/opt/ros/jazzy/share/rosidl_generator_c/cmake)
[1.477s] -- Found rosidl_generator_cpp: 4.6.5 (/opt/ros/jazzy/share/rosidl_generator_cpp/cmake)
[1.608s] -- Using all available rosidl_typesupport_c: rosidl_typesupport_fastrtps_c;rosidl_typesupport_introspection_c
[1.702s] -- Using all available rosidl_typesupport_cpp: rosidl_typesupport_fastrtps_cpp;rosidl_typesupport_introspection_cpp
[2.321s] -- Found rmw_implementation_cmake: 7.3.1 (/opt/ros/jazzy/share/rmw_implementation_cmake/cmake)
[2.372s] -- Found rmw_fastrtps_cpp: 8.4.1 (/opt/ros/jazzy/share/rmw_fastrtps_cpp/cmake)
[3.065s] -- Found OpenSSL: /usr/lib/x86_64-linux-gnu/libcrypto.so (found version "3.0.13")  
[3.185s] -- Found FastRTPS: /opt/ros/jazzy/include (Required is at least version "2.13") 
[3.224s] -- Using RMW implementation 'rmw_fastrtps_cpp' as default
[3.762s] -- Found rclpy: 7.1.3 (/opt/ros/jazzy/share/rclpy/cmake)
[3.783s] -- Found nav_msgs: 5.3.5 (/opt/ros/jazzy/share/nav_msgs/cmake)
[4.097s] -- Found sensor_msgs: 5.3.5 (/opt/ros/jazzy/share/sensor_msgs/cmake)
[4.457s] -- Found ament_lint_auto: 0.17.1 (/opt/ros/jazzy/share/ament_lint_auto/cmake)
[4.660s] -- Added test 'flake8' to check Python code syntax and style conventions
[4.660s] -- Configured 'flake8' exclude dirs and/or files: 
[4.661s] -- Added test 'lint_cmake' to check CMake code style
[4.668s] -- Added test 'pep257' to check Python code against some of the docstring style conventions in PEP 257
[4.680s] -- Added test 'xmllint' to check XML markup files
[4.736s] -- Configuring done (4.6s)
[4.833s] -- Generating done (0.0s)
[4.837s] -- Build files have been written to: /home/teban/bumperbot_ws/build/bumperbot_localization
[4.894s] Built target ament_cmake_python_copy_bumperbot_localization
[5.183s] running egg_info
[5.184s] creating bumperbot_localization.egg-info
[5.211s] writing bumperbot_localization.egg-info/PKG-INFO
[5.214s] writing dependency_links to bumperbot_localization.egg-info/dependency_links.txt
[5.214s] writing top-level names to bumperbot_localization.egg-info/top_level.txt
[5.214s] writing manifest file 'bumperbot_localization.egg-info/SOURCES.txt'
[5.300s] reading manifest file 'bumperbot_localization.egg-info/SOURCES.txt'
[5.301s] writing manifest file 'bumperbot_localization.egg-info/SOURCES.txt'
[5.341s] Built target ament_cmake_python_build_bumperbot_localization_egg
[5.362s] Invoked command in '/home/teban/bumperbot_ws/build/bumperbot_localization' returned '0': CMAKE_PREFIX_PATH=${CMAKE_PREFIX_PATH}:/opt/ros/jazzy DEBUGINFOD_URLS=https://debuginfod.ubuntu.com /usr/bin/cmake --build /home/teban/bumperbot_ws/build/bumperbot_localization -- -j4 -l4
[5.362s] Invoking command in '/home/teban/bumperbot_ws/build/bumperbot_localization': CMAKE_PREFIX_PATH=${CMAKE_PREFIX_PATH}:/opt/ros/jazzy DEBUGINFOD_URLS=https://debuginfod.ubuntu.com /usr/bin/cmake --install /home/teban/bumperbot_ws/build/bumperbot_localization
[5.380s] -- Install configuration: ""
[5.380s] -- Installing: /home/teban/bumperbot_ws/install/bumperbot_localization/share/bumperbot_localization/environment/pythonpath.sh
[5.380s] -- Installing: /home/teban/bumperbot_ws/install/bumperbot_localization/share/bumperbot_localization/environment/pythonpath.dsv
[5.380s] -- Installing: /home/teban/bumperbot_ws/install/bumperbot_localization/lib/python3.12/site-packages/bumperbot_localization-0.0.0-py3.12.egg-info
[5.381s] -- Installing: /home/teban/bumperbot_ws/install/bumperbot_localization/lib/python3.12/site-packages/bumperbot_localization-0.0.0-py3.12.egg-info/top_level.txt
[5.381s] -- Installing: /home/teban/bumperbot_ws/install/bumperbot_localization/lib/python3.12/site-packages/bumperbot_localization-0.0.0-py3.12.egg-info/SOURCES.txt
[5.381s] -- Installing: /home/teban/bumperbot_ws/install/bumperbot_localization/lib/python3.12/site-packages/bumperbot_localization-0.0.0-py3.12.egg-info/PKG-INFO
[5.381s] -- Installing: /home/teban/bumperbot_ws/install/bumperbot_localization/lib/python3.12/site-packages/bumperbot_localization-0.0.0-py3.12.egg-info/dependency_links.txt
[5.381s] -- Installing: /home/teban/bumperbot_ws/install/bumperbot_localization/lib/python3.12/site-packages/bumperbot_localization
[5.381s] -- Installing: /home/teban/bumperbot_ws/install/bumperbot_localization/lib/python3.12/site-packages/bumperbot_localization/imu_republisher.py
[5.381s] -- Installing: /home/teban/bumperbot_ws/install/bumperbot_localization/lib/python3.12/site-packages/bumperbot_localization/kalman_filter.py
[5.381s] -- Installing: /home/teban/bumperbot_ws/install/bumperbot_localization/lib/python3.12/site-packages/bumperbot_localization/__init__.py
[5.437s] Listing '/home/teban/bumperbot_ws/install/bumperbot_localization/lib/python3.12/site-packages/bumperbot_localization'...
[5.437s] Compiling '/home/teban/bumperbot_ws/install/bumperbot_localization/lib/python3.12/site-packages/bumperbot_localization/__init__.py'...
[5.437s] Compiling '/home/teban/bumperbot_ws/install/bumperbot_localization/lib/python3.12/site-packages/bumperbot_localization/imu_republisher.py'...
[5.438s] Compiling '/home/teban/bumperbot_ws/install/bumperbot_localization/lib/python3.12/site-packages/bumperbot_localization/kalman_filter.py'...
[5.452s] -- Installing: /home/teban/bumperbot_ws/install/bumperbot_localization/lib/bumperbot_localization/kalman_filter.py
[5.452s] -- Installing: /home/teban/bumperbot_ws/install/bumperbot_localization/lib/bumperbot_localization/imu_republisher.py
[5.452s] -- Installing: /home/teban/bumperbot_ws/install/bumperbot_localization/share/ament_index/resource_index/package_run_dependencies/bumperbot_localization
[5.452s] -- Up-to-date: /home/teban/bumperbot_ws/install/bumperbot_localization/share/ament_index/resource_index/parent_prefix_path/bumperbot_localization
[5.453s] -- Up-to-date: /home/teban/bumperbot_ws/install/bumperbot_localization/share/bumperbot_localization/environment/ament_prefix_path.sh
[5.453s] -- Up-to-date: /home/teban/bumperbot_ws/install/bumperbot_localization/share/bumperbot_localization/environment/ament_prefix_path.dsv
[5.453s] -- Up-to-date: /home/teban/bumperbot_ws/install/bumperbot_localization/share/bumperbot_localization/environment/path.sh
[5.453s] -- Up-to-date: /home/teban/bumperbot_ws/install/bumperbot_localization/share/bumperbot_localization/environment/path.dsv
[5.453s] -- Up-to-date: /home/teban/bumperbot_ws/install/bumperbot_localization/share/bumperbot_localization/local_setup.bash
[5.453s] -- Installing: /home/teban/bumperbot_ws/install/bumperbot_localization/share/bumperbot_localization/local_setup.sh
[5.453s] -- Up-to-date: /home/teban/bumperbot_ws/install/bumperbot_localization/share/bumperbot_localization/local_setup.zsh
[5.453s] -- Installing: /home/teban/bumperbot_ws/install/bumperbot_localization/share/bumperbot_localization/local_setup.dsv
[5.454s] -- Up-to-date: /home/teban/bumperbot_ws/install/bumperbot_localization/share/bumperbot_localization/package.dsv
[5.454s] -- Up-to-date: /home/teban/bumperbot_ws/install/bumperbot_localization/share/ament_index/resource_index/packages/bumperbot_localization
[5.454s] -- Up-to-date: /home/teban/bumperbot_ws/install/bumperbot_localization/share/bumperbot_localization/cmake/bumperbot_localizationConfig.cmake
[5.454s] -- Up-to-date: /home/teban/bumperbot_ws/install/bumperbot_localization/share/bumperbot_localization/cmake/bumperbot_localizationConfig-version.cmake
[5.454s] -- Installing: /home/teban/bumperbot_ws/install/bumperbot_localization/share/bumperbot_localization/package.xml
[5.457s] Invoked command in '/home/teban/bumperbot_ws/build/bumperbot_localization' returned '0': CMAKE_PREFIX_PATH=${CMAKE_PREFIX_PATH}:/opt/ros/jazzy DEBUGINFOD_URLS=https://debuginfod.ubuntu.com /usr/bin/cmake --install /home/teban/bumperbot_ws/build/bumperbot_localization
