[0.702s] DEBUG:colcon:Command line arguments: ['/usr/bin/colcon', 'build']
[0.702s] DEBUG:colcon:Parsed command line arguments: Namespace(log_base=None, log_level=None, verb_name='build', build_base='build', install_base='install', merge_install=False, symlink_install=False, test_result_base=None, continue_on_error=False, executor='parallel', parallel_workers=4, event_handlers=None, ignore_user_meta=False, metas=['./colcon.meta'], base_paths=['.'], packages_ignore=None, packages_ignore_regex=None, paths=None, packages_up_to=None, packages_up_to_regex=None, packages_above=None, packages_above_and_dependencies=None, packages_above_depth=None, packages_select_by_dep=None, packages_skip_by_dep=None, packages_skip_up_to=None, packages_select_build_failed=False, packages_skip_build_finished=False, packages_select_test_failures=False, packages_skip_test_passed=False, packages_select=None, packages_skip=None, packages_select_regex=None, packages_skip_regex=None, packages_start=None, packages_end=None, allow_overriding=[], cmake_args=None, cmake_target=None, cmake_target_skip_unavailable=False, cmake_clean_cache=False, cmake_clean_first=False, cmake_force_configure=False, ament_cmake_args=None, catkin_cmake_args=None, catkin_skip_building_tests=False, mixin_files=None, mixin=None, verb_parser=<colcon_mixin.mixin.mixin_argument.MixinArgumentDecorator object at 0x6ffdf62a0920>, verb_extension=<colcon_core.verb.build.BuildVerb object at 0x6ffdf62a00e0>, main=<bound method BuildVerb.main of <colcon_core.verb.build.BuildVerb object at 0x6ffdf62a00e0>>, mixin_verb=('build',))
[0.761s] Level 1:colcon.colcon_core.package_discovery:discover_packages(colcon_meta) check parameters
[0.761s] Level 1:colcon.colcon_core.package_discovery:discover_packages(recursive) check parameters
[0.761s] Level 1:colcon.colcon_core.package_discovery:discover_packages(ignore) check parameters
[0.761s] Level 1:colcon.colcon_core.package_discovery:discover_packages(path) check parameters
[0.761s] Level 1:colcon.colcon_core.package_discovery:discover_packages(colcon_meta) discover
[0.761s] Level 1:colcon.colcon_core.package_discovery:discover_packages(recursive) discover
[0.761s] INFO:colcon.colcon_core.package_discovery:Crawling recursively for packages in '/home/teban/bumperbot_ws'
[0.762s] Level 1:colcon.colcon_core.package_identification:_identify(.) by extensions ['ignore', 'ignore_ament_install']
[0.762s] Level 1:colcon.colcon_core.package_identification:_identify(.) by extension 'ignore'
[0.762s] Level 1:colcon.colcon_core.package_identification:_identify(.) by extension 'ignore_ament_install'
[0.762s] Level 1:colcon.colcon_core.package_identification:_identify(.) by extensions ['colcon_pkg']
[0.762s] Level 1:colcon.colcon_core.package_identification:_identify(.) by extension 'colcon_pkg'
[0.762s] Level 1:colcon.colcon_core.package_identification:_identify(.) by extensions ['colcon_meta']
[0.762s] Level 1:colcon.colcon_core.package_identification:_identify(.) by extension 'colcon_meta'
[0.762s] Level 1:colcon.colcon_core.package_identification:_identify(.) by extensions ['ros']
[0.762s] Level 1:colcon.colcon_core.package_identification:_identify(.) by extension 'ros'
[0.792s] Level 1:colcon.colcon_core.package_identification:_identify(.) by extensions ['cmake', 'python']
[0.792s] Level 1:colcon.colcon_core.package_identification:_identify(.) by extension 'cmake'
[0.792s] Level 1:colcon.colcon_core.package_identification:_identify(.) by extension 'python'
[0.792s] Level 1:colcon.colcon_core.package_identification:_identify(.) by extensions ['python_setup_py']
[0.792s] Level 1:colcon.colcon_core.package_identification:_identify(.) by extension 'python_setup_py'
[0.792s] Level 1:colcon.colcon_core.package_identification:_identify(build) by extensions ['ignore', 'ignore_ament_install']
[0.792s] Level 1:colcon.colcon_core.package_identification:_identify(build) by extension 'ignore'
[0.792s] Level 1:colcon.colcon_core.package_identification:_identify(build) ignored
[0.793s] Level 1:colcon.colcon_core.package_identification:_identify(install) by extensions ['ignore', 'ignore_ament_install']
[0.793s] Level 1:colcon.colcon_core.package_identification:_identify(install) by extension 'ignore'
[0.793s] Level 1:colcon.colcon_core.package_identification:_identify(install) ignored
[0.793s] Level 1:colcon.colcon_core.package_identification:_identify(log) by extensions ['ignore', 'ignore_ament_install']
[0.793s] Level 1:colcon.colcon_core.package_identification:_identify(log) by extension 'ignore'
[0.793s] Level 1:colcon.colcon_core.package_identification:_identify(log) ignored
[0.793s] Level 1:colcon.colcon_core.package_identification:_identify(src) by extensions ['ignore', 'ignore_ament_install']
[0.793s] Level 1:colcon.colcon_core.package_identification:_identify(src) by extension 'ignore'
[0.794s] Level 1:colcon.colcon_core.package_identification:_identify(src) by extension 'ignore_ament_install'
[0.794s] Level 1:colcon.colcon_core.package_identification:_identify(src) by extensions ['colcon_pkg']
[0.794s] Level 1:colcon.colcon_core.package_identification:_identify(src) by extension 'colcon_pkg'
[0.794s] Level 1:colcon.colcon_core.package_identification:_identify(src) by extensions ['colcon_meta']
[0.794s] Level 1:colcon.colcon_core.package_identification:_identify(src) by extension 'colcon_meta'
[0.794s] Level 1:colcon.colcon_core.package_identification:_identify(src) by extensions ['ros']
[0.794s] Level 1:colcon.colcon_core.package_identification:_identify(src) by extension 'ros'
[0.794s] Level 1:colcon.colcon_core.package_identification:_identify(src) by extensions ['cmake', 'python']
[0.794s] Level 1:colcon.colcon_core.package_identification:_identify(src) by extension 'cmake'
[0.794s] Level 1:colcon.colcon_core.package_identification:_identify(src) by extension 'python'
[0.794s] Level 1:colcon.colcon_core.package_identification:_identify(src) by extensions ['python_setup_py']
[0.794s] Level 1:colcon.colcon_core.package_identification:_identify(src) by extension 'python_setup_py'
[0.794s] Level 1:colcon.colcon_core.package_identification:_identify(src/bumperbot_controller) by extensions ['ignore', 'ignore_ament_install']
[0.794s] Level 1:colcon.colcon_core.package_identification:_identify(src/bumperbot_controller) by extension 'ignore'
[0.794s] Level 1:colcon.colcon_core.package_identification:_identify(src/bumperbot_controller) by extension 'ignore_ament_install'
[0.795s] Level 1:colcon.colcon_core.package_identification:_identify(src/bumperbot_controller) by extensions ['colcon_pkg']
[0.795s] Level 1:colcon.colcon_core.package_identification:_identify(src/bumperbot_controller) by extension 'colcon_pkg'
[0.795s] Level 1:colcon.colcon_core.package_identification:_identify(src/bumperbot_controller) by extensions ['colcon_meta']
[0.795s] Level 1:colcon.colcon_core.package_identification:_identify(src/bumperbot_controller) by extension 'colcon_meta'
[0.795s] Level 1:colcon.colcon_core.package_identification:_identify(src/bumperbot_controller) by extensions ['ros']
[0.795s] Level 1:colcon.colcon_core.package_identification:_identify(src/bumperbot_controller) by extension 'ros'
[0.797s] DEBUG:colcon.colcon_core.package_identification:Package 'src/bumperbot_controller' with type 'ros.ament_cmake' and name 'bumperbot_controller'
[0.798s] Level 1:colcon.colcon_core.package_identification:_identify(src/bumperbot_cpp_examples) by extensions ['ignore', 'ignore_ament_install']
[0.798s] Level 1:colcon.colcon_core.package_identification:_identify(src/bumperbot_cpp_examples) by extension 'ignore'
[0.798s] Level 1:colcon.colcon_core.package_identification:_identify(src/bumperbot_cpp_examples) by extension 'ignore_ament_install'
[0.798s] Level 1:colcon.colcon_core.package_identification:_identify(src/bumperbot_cpp_examples) by extensions ['colcon_pkg']
[0.798s] Level 1:colcon.colcon_core.package_identification:_identify(src/bumperbot_cpp_examples) by extension 'colcon_pkg'
[0.798s] Level 1:colcon.colcon_core.package_identification:_identify(src/bumperbot_cpp_examples) by extensions ['colcon_meta']
[0.798s] Level 1:colcon.colcon_core.package_identification:_identify(src/bumperbot_cpp_examples) by extension 'colcon_meta'
[0.798s] Level 1:colcon.colcon_core.package_identification:_identify(src/bumperbot_cpp_examples) by extensions ['ros']
[0.798s] Level 1:colcon.colcon_core.package_identification:_identify(src/bumperbot_cpp_examples) by extension 'ros'
[0.799s] DEBUG:colcon.colcon_core.package_identification:Package 'src/bumperbot_cpp_examples' with type 'ros.ament_cmake' and name 'bumperbot_cpp_examples'
[0.799s] Level 1:colcon.colcon_core.package_identification:_identify(src/bumperbot_description) by extensions ['ignore', 'ignore_ament_install']
[0.799s] Level 1:colcon.colcon_core.package_identification:_identify(src/bumperbot_description) by extension 'ignore'
[0.799s] Level 1:colcon.colcon_core.package_identification:_identify(src/bumperbot_description) by extension 'ignore_ament_install'
[0.799s] Level 1:colcon.colcon_core.package_identification:_identify(src/bumperbot_description) by extensions ['colcon_pkg']
[0.799s] Level 1:colcon.colcon_core.package_identification:_identify(src/bumperbot_description) by extension 'colcon_pkg'
[0.799s] Level 1:colcon.colcon_core.package_identification:_identify(src/bumperbot_description) by extensions ['colcon_meta']
[0.799s] Level 1:colcon.colcon_core.package_identification:_identify(src/bumperbot_description) by extension 'colcon_meta'
[0.799s] Level 1:colcon.colcon_core.package_identification:_identify(src/bumperbot_description) by extensions ['ros']
[0.799s] Level 1:colcon.colcon_core.package_identification:_identify(src/bumperbot_description) by extension 'ros'
[0.803s] DEBUG:colcon.colcon_core.package_identification:Package 'src/bumperbot_description' with type 'ros.ament_cmake' and name 'bumperbot_description'
[0.803s] Level 1:colcon.colcon_core.package_identification:_identify(src/bumperbot_msgs) by extensions ['ignore', 'ignore_ament_install']
[0.803s] Level 1:colcon.colcon_core.package_identification:_identify(src/bumperbot_msgs) by extension 'ignore'
[0.803s] Level 1:colcon.colcon_core.package_identification:_identify(src/bumperbot_msgs) by extension 'ignore_ament_install'
[0.803s] Level 1:colcon.colcon_core.package_identification:_identify(src/bumperbot_msgs) by extensions ['colcon_pkg']
[0.803s] Level 1:colcon.colcon_core.package_identification:_identify(src/bumperbot_msgs) by extension 'colcon_pkg'
[0.803s] Level 1:colcon.colcon_core.package_identification:_identify(src/bumperbot_msgs) by extensions ['colcon_meta']
[0.803s] Level 1:colcon.colcon_core.package_identification:_identify(src/bumperbot_msgs) by extension 'colcon_meta'
[0.803s] Level 1:colcon.colcon_core.package_identification:_identify(src/bumperbot_msgs) by extensions ['ros']
[0.803s] Level 1:colcon.colcon_core.package_identification:_identify(src/bumperbot_msgs) by extension 'ros'
[0.804s] DEBUG:colcon.colcon_core.package_identification:Package 'src/bumperbot_msgs' with type 'ros.ament_cmake' and name 'bumperbot_msgs'
[0.804s] Level 1:colcon.colcon_core.package_identification:_identify(src/bumperbot_py_examples) by extensions ['ignore', 'ignore_ament_install']
[0.804s] Level 1:colcon.colcon_core.package_identification:_identify(src/bumperbot_py_examples) by extension 'ignore'
[0.804s] Level 1:colcon.colcon_core.package_identification:_identify(src/bumperbot_py_examples) by extension 'ignore_ament_install'
[0.804s] Level 1:colcon.colcon_core.package_identification:_identify(src/bumperbot_py_examples) by extensions ['colcon_pkg']
[0.804s] Level 1:colcon.colcon_core.package_identification:_identify(src/bumperbot_py_examples) by extension 'colcon_pkg'
[0.804s] Level 1:colcon.colcon_core.package_identification:_identify(src/bumperbot_py_examples) by extensions ['colcon_meta']
[0.804s] Level 1:colcon.colcon_core.package_identification:_identify(src/bumperbot_py_examples) by extension 'colcon_meta'
[0.805s] Level 1:colcon.colcon_core.package_identification:_identify(src/bumperbot_py_examples) by extensions ['ros']
[0.805s] Level 1:colcon.colcon_core.package_identification:_identify(src/bumperbot_py_examples) by extension 'ros'
[0.805s] DEBUG:colcon.colcon_core.package_identification:Package 'src/bumperbot_py_examples' with type 'ros.ament_python' and name 'bumperbot_py_examples'
[0.805s] Level 1:colcon.colcon_core.package_discovery:discover_packages(recursive) using defaults
[0.805s] Level 1:colcon.colcon_core.package_discovery:discover_packages(ignore) discover
[0.805s] Level 1:colcon.colcon_core.package_discovery:discover_packages(ignore) using defaults
[0.805s] Level 1:colcon.colcon_core.package_discovery:discover_packages(path) discover
[0.805s] Level 1:colcon.colcon_core.package_discovery:discover_packages(path) using defaults
[0.825s] Level 1:colcon.colcon_core.package_discovery:discover_packages(prefix_path) check parameters
[0.825s] Level 1:colcon.colcon_core.package_discovery:discover_packages(prefix_path) discover
[0.829s] DEBUG:colcon.colcon_installed_package_information.package_discovery:Found 384 installed packages in /opt/ros/jazzy
[0.831s] Level 1:colcon.colcon_core.package_discovery:discover_packages(prefix_path) using defaults
[0.912s] Level 5:colcon.colcon_core.verb:set package 'bumperbot_controller' build argument 'cmake_args' from command line to 'None'
[0.912s] Level 5:colcon.colcon_core.verb:set package 'bumperbot_controller' build argument 'cmake_target' from command line to 'None'
[0.912s] Level 5:colcon.colcon_core.verb:set package 'bumperbot_controller' build argument 'cmake_target_skip_unavailable' from command line to 'False'
[0.912s] Level 5:colcon.colcon_core.verb:set package 'bumperbot_controller' build argument 'cmake_clean_cache' from command line to 'False'
[0.912s] Level 5:colcon.colcon_core.verb:set package 'bumperbot_controller' build argument 'cmake_clean_first' from command line to 'False'
[0.912s] Level 5:colcon.colcon_core.verb:set package 'bumperbot_controller' build argument 'cmake_force_configure' from command line to 'False'
[0.912s] Level 5:colcon.colcon_core.verb:set package 'bumperbot_controller' build argument 'ament_cmake_args' from command line to 'None'
[0.912s] Level 5:colcon.colcon_core.verb:set package 'bumperbot_controller' build argument 'catkin_cmake_args' from command line to 'None'
[0.912s] Level 5:colcon.colcon_core.verb:set package 'bumperbot_controller' build argument 'catkin_skip_building_tests' from command line to 'False'
[0.913s] DEBUG:colcon.colcon_core.verb:Building package 'bumperbot_controller' with the following arguments: {'ament_cmake_args': None, 'build_base': '/home/teban/bumperbot_ws/build/bumperbot_controller', 'catkin_cmake_args': None, 'catkin_skip_building_tests': False, 'cmake_args': None, 'cmake_clean_cache': False, 'cmake_clean_first': False, 'cmake_force_configure': False, 'cmake_target': None, 'cmake_target_skip_unavailable': False, 'install_base': '/home/teban/bumperbot_ws/install/bumperbot_controller', 'merge_install': False, 'path': '/home/teban/bumperbot_ws/src/bumperbot_controller', 'symlink_install': False, 'test_result_base': None}
[0.913s] Level 5:colcon.colcon_core.verb:set package 'bumperbot_cpp_examples' build argument 'cmake_args' from command line to 'None'
[0.913s] Level 5:colcon.colcon_core.verb:set package 'bumperbot_cpp_examples' build argument 'cmake_target' from command line to 'None'
[0.913s] Level 5:colcon.colcon_core.verb:set package 'bumperbot_cpp_examples' build argument 'cmake_target_skip_unavailable' from command line to 'False'
[0.913s] Level 5:colcon.colcon_core.verb:set package 'bumperbot_cpp_examples' build argument 'cmake_clean_cache' from command line to 'False'
[0.913s] Level 5:colcon.colcon_core.verb:set package 'bumperbot_cpp_examples' build argument 'cmake_clean_first' from command line to 'False'
[0.913s] Level 5:colcon.colcon_core.verb:set package 'bumperbot_cpp_examples' build argument 'cmake_force_configure' from command line to 'False'
[0.913s] Level 5:colcon.colcon_core.verb:set package 'bumperbot_cpp_examples' build argument 'ament_cmake_args' from command line to 'None'
[0.913s] Level 5:colcon.colcon_core.verb:set package 'bumperbot_cpp_examples' build argument 'catkin_cmake_args' from command line to 'None'
[0.913s] Level 5:colcon.colcon_core.verb:set package 'bumperbot_cpp_examples' build argument 'catkin_skip_building_tests' from command line to 'False'
[0.913s] DEBUG:colcon.colcon_core.verb:Building package 'bumperbot_cpp_examples' with the following arguments: {'ament_cmake_args': None, 'build_base': '/home/teban/bumperbot_ws/build/bumperbot_cpp_examples', 'catkin_cmake_args': None, 'catkin_skip_building_tests': False, 'cmake_args': None, 'cmake_clean_cache': False, 'cmake_clean_first': False, 'cmake_force_configure': False, 'cmake_target': None, 'cmake_target_skip_unavailable': False, 'install_base': '/home/teban/bumperbot_ws/install/bumperbot_cpp_examples', 'merge_install': False, 'path': '/home/teban/bumperbot_ws/src/bumperbot_cpp_examples', 'symlink_install': False, 'test_result_base': None}
[0.913s] Level 5:colcon.colcon_core.verb:set package 'bumperbot_description' build argument 'cmake_args' from command line to 'None'
[0.914s] Level 5:colcon.colcon_core.verb:set package 'bumperbot_description' build argument 'cmake_target' from command line to 'None'
[0.914s] Level 5:colcon.colcon_core.verb:set package 'bumperbot_description' build argument 'cmake_target_skip_unavailable' from command line to 'False'
[0.914s] Level 5:colcon.colcon_core.verb:set package 'bumperbot_description' build argument 'cmake_clean_cache' from command line to 'False'
[0.914s] Level 5:colcon.colcon_core.verb:set package 'bumperbot_description' build argument 'cmake_clean_first' from command line to 'False'
[0.914s] Level 5:colcon.colcon_core.verb:set package 'bumperbot_description' build argument 'cmake_force_configure' from command line to 'False'
[0.914s] Level 5:colcon.colcon_core.verb:set package 'bumperbot_description' build argument 'ament_cmake_args' from command line to 'None'
[0.914s] Level 5:colcon.colcon_core.verb:set package 'bumperbot_description' build argument 'catkin_cmake_args' from command line to 'None'
[0.914s] Level 5:colcon.colcon_core.verb:set package 'bumperbot_description' build argument 'catkin_skip_building_tests' from command line to 'False'
[0.914s] DEBUG:colcon.colcon_core.verb:Building package 'bumperbot_description' with the following arguments: {'ament_cmake_args': None, 'build_base': '/home/teban/bumperbot_ws/build/bumperbot_description', 'catkin_cmake_args': None, 'catkin_skip_building_tests': False, 'cmake_args': None, 'cmake_clean_cache': False, 'cmake_clean_first': False, 'cmake_force_configure': False, 'cmake_target': None, 'cmake_target_skip_unavailable': False, 'install_base': '/home/teban/bumperbot_ws/install/bumperbot_description', 'merge_install': False, 'path': '/home/teban/bumperbot_ws/src/bumperbot_description', 'symlink_install': False, 'test_result_base': None}
[0.914s] Level 5:colcon.colcon_core.verb:set package 'bumperbot_msgs' build argument 'cmake_args' from command line to 'None'
[0.914s] Level 5:colcon.colcon_core.verb:set package 'bumperbot_msgs' build argument 'cmake_target' from command line to 'None'
[0.914s] Level 5:colcon.colcon_core.verb:set package 'bumperbot_msgs' build argument 'cmake_target_skip_unavailable' from command line to 'False'
[0.914s] Level 5:colcon.colcon_core.verb:set package 'bumperbot_msgs' build argument 'cmake_clean_cache' from command line to 'False'
[0.914s] Level 5:colcon.colcon_core.verb:set package 'bumperbot_msgs' build argument 'cmake_clean_first' from command line to 'False'
[0.914s] Level 5:colcon.colcon_core.verb:set package 'bumperbot_msgs' build argument 'cmake_force_configure' from command line to 'False'
[0.914s] Level 5:colcon.colcon_core.verb:set package 'bumperbot_msgs' build argument 'ament_cmake_args' from command line to 'None'
[0.914s] Level 5:colcon.colcon_core.verb:set package 'bumperbot_msgs' build argument 'catkin_cmake_args' from command line to 'None'
[0.914s] Level 5:colcon.colcon_core.verb:set package 'bumperbot_msgs' build argument 'catkin_skip_building_tests' from command line to 'False'
[0.914s] DEBUG:colcon.colcon_core.verb:Building package 'bumperbot_msgs' with the following arguments: {'ament_cmake_args': None, 'build_base': '/home/teban/bumperbot_ws/build/bumperbot_msgs', 'catkin_cmake_args': None, 'catkin_skip_building_tests': False, 'cmake_args': None, 'cmake_clean_cache': False, 'cmake_clean_first': False, 'cmake_force_configure': False, 'cmake_target': None, 'cmake_target_skip_unavailable': False, 'install_base': '/home/teban/bumperbot_ws/install/bumperbot_msgs', 'merge_install': False, 'path': '/home/teban/bumperbot_ws/src/bumperbot_msgs', 'symlink_install': False, 'test_result_base': None}
[0.915s] Level 5:colcon.colcon_core.verb:set package 'bumperbot_py_examples' build argument 'cmake_args' from command line to 'None'
[0.915s] Level 5:colcon.colcon_core.verb:set package 'bumperbot_py_examples' build argument 'cmake_target' from command line to 'None'
[0.915s] Level 5:colcon.colcon_core.verb:set package 'bumperbot_py_examples' build argument 'cmake_target_skip_unavailable' from command line to 'False'
[0.915s] Level 5:colcon.colcon_core.verb:set package 'bumperbot_py_examples' build argument 'cmake_clean_cache' from command line to 'False'
[0.915s] Level 5:colcon.colcon_core.verb:set package 'bumperbot_py_examples' build argument 'cmake_clean_first' from command line to 'False'
[0.915s] Level 5:colcon.colcon_core.verb:set package 'bumperbot_py_examples' build argument 'cmake_force_configure' from command line to 'False'
[0.915s] Level 5:colcon.colcon_core.verb:set package 'bumperbot_py_examples' build argument 'ament_cmake_args' from command line to 'None'
[0.915s] Level 5:colcon.colcon_core.verb:set package 'bumperbot_py_examples' build argument 'catkin_cmake_args' from command line to 'None'
[0.915s] Level 5:colcon.colcon_core.verb:set package 'bumperbot_py_examples' build argument 'catkin_skip_building_tests' from command line to 'False'
[0.915s] DEBUG:colcon.colcon_core.verb:Building package 'bumperbot_py_examples' with the following arguments: {'ament_cmake_args': None, 'build_base': '/home/teban/bumperbot_ws/build/bumperbot_py_examples', 'catkin_cmake_args': None, 'catkin_skip_building_tests': False, 'cmake_args': None, 'cmake_clean_cache': False, 'cmake_clean_first': False, 'cmake_force_configure': False, 'cmake_target': None, 'cmake_target_skip_unavailable': False, 'install_base': '/home/teban/bumperbot_ws/install/bumperbot_py_examples', 'merge_install': False, 'path': '/home/teban/bumperbot_ws/src/bumperbot_py_examples', 'symlink_install': False, 'test_result_base': None}
[0.915s] INFO:colcon.colcon_core.executor:Executing jobs using 'parallel' executor
[0.916s] DEBUG:colcon.colcon_parallel_executor.executor.parallel:run_until_complete
[0.917s] INFO:colcon.colcon_ros.task.ament_cmake.build:Building ROS package in '/home/teban/bumperbot_ws/src/bumperbot_msgs' with build type 'ament_cmake'
[0.917s] INFO:colcon.colcon_cmake.task.cmake.build:Building CMake package in '/home/teban/bumperbot_ws/src/bumperbot_msgs'
[0.921s] INFO:colcon.colcon_core.plugin_system:Skipping extension 'colcon_core.shell.bat': Not used on non-Windows systems
[0.921s] INFO:colcon.colcon_core.shell:Skip shell extension 'powershell' for command environment: Not usable outside of PowerShell
[0.922s] DEBUG:colcon.colcon_core.shell:Skip shell extension 'dsv' for command environment
[0.934s] INFO:colcon.colcon_ros.task.ament_cmake.build:Building ROS package in '/home/teban/bumperbot_ws/src/bumperbot_controller' with build type 'ament_cmake'
[0.935s] INFO:colcon.colcon_cmake.task.cmake.build:Building CMake package in '/home/teban/bumperbot_ws/src/bumperbot_controller'
[0.935s] INFO:colcon.colcon_core.shell:Skip shell extension 'powershell' for command environment: Not usable outside of PowerShell
[0.935s] DEBUG:colcon.colcon_core.shell:Skip shell extension 'dsv' for command environment
[0.941s] INFO:colcon.colcon_ros.task.ament_cmake.build:Building ROS package in '/home/teban/bumperbot_ws/src/bumperbot_cpp_examples' with build type 'ament_cmake'
[0.942s] INFO:colcon.colcon_cmake.task.cmake.build:Building CMake package in '/home/teban/bumperbot_ws/src/bumperbot_cpp_examples'
[0.942s] INFO:colcon.colcon_core.shell:Skip shell extension 'powershell' for command environment: Not usable outside of PowerShell
[0.942s] DEBUG:colcon.colcon_core.shell:Skip shell extension 'dsv' for command environment
[0.946s] INFO:colcon.colcon_ros.task.ament_cmake.build:Building ROS package in '/home/teban/bumperbot_ws/src/bumperbot_description' with build type 'ament_cmake'
[0.946s] INFO:colcon.colcon_cmake.task.cmake.build:Building CMake package in '/home/teban/bumperbot_ws/src/bumperbot_description'
[0.946s] INFO:colcon.colcon_core.shell:Skip shell extension 'powershell' for command environment: Not usable outside of PowerShell
[0.946s] DEBUG:colcon.colcon_core.shell:Skip shell extension 'dsv' for command environment
[0.970s] DEBUG:colcon.colcon_core.event_handler.log_command:Invoking command in '/home/teban/bumperbot_ws/build/bumperbot_msgs': CMAKE_PREFIX_PATH=${CMAKE_PREFIX_PATH}:/opt/ros/jazzy DEBUGINFOD_URLS=https://debuginfod.ubuntu.com /usr/bin/cmake /home/teban/bumperbot_ws/src/bumperbot_msgs -DCMAKE_INSTALL_PREFIX=/home/teban/bumperbot_ws/install/bumperbot_msgs
[1.038s] DEBUG:colcon.colcon_core.event_handler.log_command:Invoking command in '/home/teban/bumperbot_ws/build/bumperbot_controller': CMAKE_PREFIX_PATH=${CMAKE_PREFIX_PATH}:/opt/ros/jazzy DEBUGINFOD_URLS=https://debuginfod.ubuntu.com /usr/bin/cmake --build /home/teban/bumperbot_ws/build/bumperbot_controller -- -j4 -l4
[1.072s] DEBUG:colcon.colcon_core.event_handler.log_command:Invoking command in '/home/teban/bumperbot_ws/build/bumperbot_cpp_examples': CMAKE_PREFIX_PATH=${CMAKE_PREFIX_PATH}:/opt/ros/jazzy DEBUGINFOD_URLS=https://debuginfod.ubuntu.com /usr/bin/cmake --build /home/teban/bumperbot_ws/build/bumperbot_cpp_examples -- -j4 -l4
[1.173s] DEBUG:colcon.colcon_core.event_handler.log_command:Invoking command in '/home/teban/bumperbot_ws/build/bumperbot_description': CMAKE_PREFIX_PATH=${CMAKE_PREFIX_PATH}:/opt/ros/jazzy DEBUGINFOD_URLS=https://debuginfod.ubuntu.com /usr/bin/cmake --build /home/teban/bumperbot_ws/build/bumperbot_description -- -j4 -l4
[1.340s] DEBUG:colcon.colcon_core.event_handler.log_command:Invoked command in '/home/teban/bumperbot_ws/build/bumperbot_cpp_examples' returned '0': CMAKE_PREFIX_PATH=${CMAKE_PREFIX_PATH}:/opt/ros/jazzy DEBUGINFOD_URLS=https://debuginfod.ubuntu.com /usr/bin/cmake --build /home/teban/bumperbot_ws/build/bumperbot_cpp_examples -- -j4 -l4
[1.357s] DEBUG:colcon.colcon_core.event_handler.log_command:Invoking command in '/home/teban/bumperbot_ws/build/bumperbot_cpp_examples': CMAKE_PREFIX_PATH=${CMAKE_PREFIX_PATH}:/opt/ros/jazzy DEBUGINFOD_URLS=https://debuginfod.ubuntu.com /usr/bin/cmake --install /home/teban/bumperbot_ws/build/bumperbot_cpp_examples
[1.385s] Level 1:colcon.colcon_core.environment:create_environment_scripts_only(bumperbot_cpp_examples)
[1.385s] DEBUG:colcon.colcon_core.event_handler.log_command:Invoked command in '/home/teban/bumperbot_ws/build/bumperbot_cpp_examples' returned '0': CMAKE_PREFIX_PATH=${CMAKE_PREFIX_PATH}:/opt/ros/jazzy DEBUGINFOD_URLS=https://debuginfod.ubuntu.com /usr/bin/cmake --install /home/teban/bumperbot_ws/build/bumperbot_cpp_examples
[1.461s] Level 1:colcon.colcon_core.environment:checking '/home/teban/bumperbot_ws/install/bumperbot_cpp_examples' for CMake module files
[1.462s] Level 1:colcon.colcon_core.environment:checking '/home/teban/bumperbot_ws/install/bumperbot_cpp_examples' for CMake config files
[1.462s] Level 1:colcon.colcon_core.shell:create_environment_hook('bumperbot_cpp_examples', 'cmake_prefix_path')
[1.463s] INFO:colcon.colcon_core.shell:Creating environment hook '/home/teban/bumperbot_ws/install/bumperbot_cpp_examples/share/bumperbot_cpp_examples/hook/cmake_prefix_path.ps1'
[1.477s] INFO:colcon.colcon_core.shell:Creating environment descriptor '/home/teban/bumperbot_ws/install/bumperbot_cpp_examples/share/bumperbot_cpp_examples/hook/cmake_prefix_path.dsv'
[1.501s] INFO:colcon.colcon_core.shell:Creating environment hook '/home/teban/bumperbot_ws/install/bumperbot_cpp_examples/share/bumperbot_cpp_examples/hook/cmake_prefix_path.sh'
[1.502s] Level 1:colcon.colcon_core.environment:checking '/home/teban/bumperbot_ws/install/bumperbot_cpp_examples/bin'
[1.503s] Level 1:colcon.colcon_core.environment:checking '/home/teban/bumperbot_ws/install/bumperbot_cpp_examples/lib/pkgconfig/bumperbot_cpp_examples.pc'
[1.503s] Level 1:colcon.colcon_core.environment:checking '/home/teban/bumperbot_ws/install/bumperbot_cpp_examples/lib/python3.12/site-packages'
[1.503s] Level 1:colcon.colcon_core.environment:checking '/home/teban/bumperbot_ws/install/bumperbot_cpp_examples/bin'
[1.504s] INFO:colcon.colcon_core.shell:Creating package script '/home/teban/bumperbot_ws/install/bumperbot_cpp_examples/share/bumperbot_cpp_examples/package.ps1'
[1.507s] INFO:colcon.colcon_core.shell:Creating package descriptor '/home/teban/bumperbot_ws/install/bumperbot_cpp_examples/share/bumperbot_cpp_examples/package.dsv'
[1.511s] INFO:colcon.colcon_core.shell:Creating package script '/home/teban/bumperbot_ws/install/bumperbot_cpp_examples/share/bumperbot_cpp_examples/package.sh'
[1.518s] INFO:colcon.colcon_core.shell:Creating package script '/home/teban/bumperbot_ws/install/bumperbot_cpp_examples/share/bumperbot_cpp_examples/package.bash'
[1.534s] INFO:colcon.colcon_core.shell:Creating package script '/home/teban/bumperbot_ws/install/bumperbot_cpp_examples/share/bumperbot_cpp_examples/package.zsh'
[1.554s] Level 1:colcon.colcon_core.environment:create_file_with_runtime_dependencies(/home/teban/bumperbot_ws/install/bumperbot_cpp_examples/share/colcon-core/packages/bumperbot_cpp_examples)
[1.554s] Level 1:colcon.colcon_core.environment:create_environment_scripts_only(bumperbot_cpp_examples)
[1.555s] Level 1:colcon.colcon_core.environment:checking '/home/teban/bumperbot_ws/install/bumperbot_cpp_examples' for CMake module files
[1.555s] Level 1:colcon.colcon_core.environment:checking '/home/teban/bumperbot_ws/install/bumperbot_cpp_examples' for CMake config files
[1.556s] Level 1:colcon.colcon_core.shell:create_environment_hook('bumperbot_cpp_examples', 'cmake_prefix_path')
[1.556s] INFO:colcon.colcon_core.shell:Creating environment hook '/home/teban/bumperbot_ws/install/bumperbot_cpp_examples/share/bumperbot_cpp_examples/hook/cmake_prefix_path.ps1'
[1.556s] INFO:colcon.colcon_core.shell:Creating environment descriptor '/home/teban/bumperbot_ws/install/bumperbot_cpp_examples/share/bumperbot_cpp_examples/hook/cmake_prefix_path.dsv'
[1.557s] INFO:colcon.colcon_core.shell:Creating environment hook '/home/teban/bumperbot_ws/install/bumperbot_cpp_examples/share/bumperbot_cpp_examples/hook/cmake_prefix_path.sh'
[1.557s] Level 1:colcon.colcon_core.environment:checking '/home/teban/bumperbot_ws/install/bumperbot_cpp_examples/bin'
[1.558s] Level 1:colcon.colcon_core.environment:checking '/home/teban/bumperbot_ws/install/bumperbot_cpp_examples/lib/pkgconfig/bumperbot_cpp_examples.pc'
[1.558s] Level 1:colcon.colcon_core.environment:checking '/home/teban/bumperbot_ws/install/bumperbot_cpp_examples/lib/python3.12/site-packages'
[1.558s] Level 1:colcon.colcon_core.environment:checking '/home/teban/bumperbot_ws/install/bumperbot_cpp_examples/bin'
[1.558s] INFO:colcon.colcon_core.shell:Creating package script '/home/teban/bumperbot_ws/install/bumperbot_cpp_examples/share/bumperbot_cpp_examples/package.ps1'
[1.559s] INFO:colcon.colcon_core.shell:Creating package descriptor '/home/teban/bumperbot_ws/install/bumperbot_cpp_examples/share/bumperbot_cpp_examples/package.dsv'
[1.560s] INFO:colcon.colcon_core.shell:Creating package script '/home/teban/bumperbot_ws/install/bumperbot_cpp_examples/share/bumperbot_cpp_examples/package.sh'
[1.560s] INFO:colcon.colcon_core.shell:Creating package script '/home/teban/bumperbot_ws/install/bumperbot_cpp_examples/share/bumperbot_cpp_examples/package.bash'
[1.561s] INFO:colcon.colcon_core.shell:Creating package script '/home/teban/bumperbot_ws/install/bumperbot_cpp_examples/share/bumperbot_cpp_examples/package.zsh'
[1.561s] Level 1:colcon.colcon_core.environment:create_file_with_runtime_dependencies(/home/teban/bumperbot_ws/install/bumperbot_cpp_examples/share/colcon-core/packages/bumperbot_cpp_examples)
[1.563s] DEBUG:colcon.colcon_core.event_handler.log_command:Invoked command in '/home/teban/bumperbot_ws/build/bumperbot_description' returned '0': CMAKE_PREFIX_PATH=${CMAKE_PREFIX_PATH}:/opt/ros/jazzy DEBUGINFOD_URLS=https://debuginfod.ubuntu.com /usr/bin/cmake --build /home/teban/bumperbot_ws/build/bumperbot_description -- -j4 -l4
[1.604s] DEBUG:colcon.colcon_core.event_handler.log_command:Invoking command in '/home/teban/bumperbot_ws/build/bumperbot_description': CMAKE_PREFIX_PATH=${CMAKE_PREFIX_PATH}:/opt/ros/jazzy DEBUGINFOD_URLS=https://debuginfod.ubuntu.com /usr/bin/cmake --install /home/teban/bumperbot_ws/build/bumperbot_description
[1.652s] Level 1:colcon.colcon_core.environment:create_environment_scripts_only(bumperbot_description)
[1.653s] Level 1:colcon.colcon_core.environment:checking '/home/teban/bumperbot_ws/install/bumperbot_description' for CMake module files
[1.653s] DEBUG:colcon.colcon_core.event_handler.log_command:Invoked command in '/home/teban/bumperbot_ws/build/bumperbot_description' returned '0': CMAKE_PREFIX_PATH=${CMAKE_PREFIX_PATH}:/opt/ros/jazzy DEBUGINFOD_URLS=https://debuginfod.ubuntu.com /usr/bin/cmake --install /home/teban/bumperbot_ws/build/bumperbot_description
[1.654s] Level 1:colcon.colcon_core.environment:checking '/home/teban/bumperbot_ws/install/bumperbot_description' for CMake config files
[1.654s] Level 1:colcon.colcon_core.shell:create_environment_hook('bumperbot_description', 'cmake_prefix_path')
[1.654s] INFO:colcon.colcon_core.shell:Creating environment hook '/home/teban/bumperbot_ws/install/bumperbot_description/share/bumperbot_description/hook/cmake_prefix_path.ps1'
[1.655s] INFO:colcon.colcon_core.shell:Creating environment descriptor '/home/teban/bumperbot_ws/install/bumperbot_description/share/bumperbot_description/hook/cmake_prefix_path.dsv'
[1.655s] INFO:colcon.colcon_core.shell:Creating environment hook '/home/teban/bumperbot_ws/install/bumperbot_description/share/bumperbot_description/hook/cmake_prefix_path.sh'
[1.656s] Level 1:colcon.colcon_core.environment:checking '/home/teban/bumperbot_ws/install/bumperbot_description/bin'
[1.656s] Level 1:colcon.colcon_core.environment:checking '/home/teban/bumperbot_ws/install/bumperbot_description/lib/pkgconfig/bumperbot_description.pc'
[1.656s] Level 1:colcon.colcon_core.environment:checking '/home/teban/bumperbot_ws/install/bumperbot_description/lib/python3.12/site-packages'
[1.656s] Level 1:colcon.colcon_core.environment:checking '/home/teban/bumperbot_ws/install/bumperbot_description/bin'
[1.657s] INFO:colcon.colcon_core.shell:Creating package script '/home/teban/bumperbot_ws/install/bumperbot_description/share/bumperbot_description/package.ps1'
[1.657s] INFO:colcon.colcon_core.shell:Creating package descriptor '/home/teban/bumperbot_ws/install/bumperbot_description/share/bumperbot_description/package.dsv'
[1.658s] INFO:colcon.colcon_core.shell:Creating package script '/home/teban/bumperbot_ws/install/bumperbot_description/share/bumperbot_description/package.sh'
[1.658s] INFO:colcon.colcon_core.shell:Creating package script '/home/teban/bumperbot_ws/install/bumperbot_description/share/bumperbot_description/package.bash'
[1.659s] INFO:colcon.colcon_core.shell:Creating package script '/home/teban/bumperbot_ws/install/bumperbot_description/share/bumperbot_description/package.zsh'
[1.660s] Level 1:colcon.colcon_core.environment:create_file_with_runtime_dependencies(/home/teban/bumperbot_ws/install/bumperbot_description/share/colcon-core/packages/bumperbot_description)
[1.661s] Level 1:colcon.colcon_core.environment:create_environment_scripts_only(bumperbot_description)
[1.661s] Level 1:colcon.colcon_core.environment:checking '/home/teban/bumperbot_ws/install/bumperbot_description' for CMake module files
[1.661s] Level 1:colcon.colcon_core.environment:checking '/home/teban/bumperbot_ws/install/bumperbot_description' for CMake config files
[1.662s] Level 1:colcon.colcon_core.shell:create_environment_hook('bumperbot_description', 'cmake_prefix_path')
[1.662s] INFO:colcon.colcon_core.shell:Creating environment hook '/home/teban/bumperbot_ws/install/bumperbot_description/share/bumperbot_description/hook/cmake_prefix_path.ps1'
[1.662s] INFO:colcon.colcon_core.shell:Creating environment descriptor '/home/teban/bumperbot_ws/install/bumperbot_description/share/bumperbot_description/hook/cmake_prefix_path.dsv'
[1.663s] INFO:colcon.colcon_core.shell:Creating environment hook '/home/teban/bumperbot_ws/install/bumperbot_description/share/bumperbot_description/hook/cmake_prefix_path.sh'
[1.663s] Level 1:colcon.colcon_core.environment:checking '/home/teban/bumperbot_ws/install/bumperbot_description/bin'
[1.664s] Level 1:colcon.colcon_core.environment:checking '/home/teban/bumperbot_ws/install/bumperbot_description/lib/pkgconfig/bumperbot_description.pc'
[1.664s] Level 1:colcon.colcon_core.environment:checking '/home/teban/bumperbot_ws/install/bumperbot_description/lib/python3.12/site-packages'
[1.664s] Level 1:colcon.colcon_core.environment:checking '/home/teban/bumperbot_ws/install/bumperbot_description/bin'
[1.664s] INFO:colcon.colcon_core.shell:Creating package script '/home/teban/bumperbot_ws/install/bumperbot_description/share/bumperbot_description/package.ps1'
[1.665s] INFO:colcon.colcon_core.shell:Creating package descriptor '/home/teban/bumperbot_ws/install/bumperbot_description/share/bumperbot_description/package.dsv'
[1.666s] INFO:colcon.colcon_core.shell:Creating package script '/home/teban/bumperbot_ws/install/bumperbot_description/share/bumperbot_description/package.sh'
[1.666s] INFO:colcon.colcon_core.shell:Creating package script '/home/teban/bumperbot_ws/install/bumperbot_description/share/bumperbot_description/package.bash'
[1.667s] INFO:colcon.colcon_core.shell:Creating package script '/home/teban/bumperbot_ws/install/bumperbot_description/share/bumperbot_description/package.zsh'
[1.667s] Level 1:colcon.colcon_core.environment:create_file_with_runtime_dependencies(/home/teban/bumperbot_ws/install/bumperbot_description/share/colcon-core/packages/bumperbot_description)
[2.248s] DEBUG:colcon.colcon_core.event_handler.log_command:Invoked command in '/home/teban/bumperbot_ws/build/bumperbot_controller' returned '0': CMAKE_PREFIX_PATH=${CMAKE_PREFIX_PATH}:/opt/ros/jazzy DEBUGINFOD_URLS=https://debuginfod.ubuntu.com /usr/bin/cmake --build /home/teban/bumperbot_ws/build/bumperbot_controller -- -j4 -l4
[2.260s] DEBUG:colcon.colcon_core.event_handler.log_command:Invoking command in '/home/teban/bumperbot_ws/build/bumperbot_controller': CMAKE_PREFIX_PATH=${CMAKE_PREFIX_PATH}:/opt/ros/jazzy DEBUGINFOD_URLS=https://debuginfod.ubuntu.com /usr/bin/cmake --install /home/teban/bumperbot_ws/build/bumperbot_controller
[2.382s] Level 1:colcon.colcon_core.environment:create_environment_scripts_only(bumperbot_controller)
[2.382s] Level 1:colcon.colcon_core.environment:checking '/home/teban/bumperbot_ws/install/bumperbot_controller' for CMake module files
[2.383s] DEBUG:colcon.colcon_core.event_handler.log_command:Invoked command in '/home/teban/bumperbot_ws/build/bumperbot_controller' returned '0': CMAKE_PREFIX_PATH=${CMAKE_PREFIX_PATH}:/opt/ros/jazzy DEBUGINFOD_URLS=https://debuginfod.ubuntu.com /usr/bin/cmake --install /home/teban/bumperbot_ws/build/bumperbot_controller
[2.383s] Level 1:colcon.colcon_core.environment:checking '/home/teban/bumperbot_ws/install/bumperbot_controller' for CMake config files
[2.383s] Level 1:colcon.colcon_core.shell:create_environment_hook('bumperbot_controller', 'cmake_prefix_path')
[2.384s] INFO:colcon.colcon_core.shell:Creating environment hook '/home/teban/bumperbot_ws/install/bumperbot_controller/share/bumperbot_controller/hook/cmake_prefix_path.ps1'
[2.384s] INFO:colcon.colcon_core.shell:Creating environment descriptor '/home/teban/bumperbot_ws/install/bumperbot_controller/share/bumperbot_controller/hook/cmake_prefix_path.dsv'
[2.384s] INFO:colcon.colcon_core.shell:Creating environment hook '/home/teban/bumperbot_ws/install/bumperbot_controller/share/bumperbot_controller/hook/cmake_prefix_path.sh'
[2.385s] Level 1:colcon.colcon_core.environment:checking '/home/teban/bumperbot_ws/install/bumperbot_controller/lib'
[2.385s] Level 1:colcon.colcon_core.environment:checking '/home/teban/bumperbot_ws/install/bumperbot_controller/bin'
[2.385s] Level 1:colcon.colcon_core.environment:checking '/home/teban/bumperbot_ws/install/bumperbot_controller/lib/pkgconfig/bumperbot_controller.pc'
[2.386s] Level 1:colcon.colcon_core.environment:checking '/home/teban/bumperbot_ws/install/bumperbot_controller/lib/python3.12/site-packages'
[2.386s] Level 1:colcon.colcon_core.shell:create_environment_hook('bumperbot_controller', 'pythonpath')
[2.386s] INFO:colcon.colcon_core.shell:Creating environment hook '/home/teban/bumperbot_ws/install/bumperbot_controller/share/bumperbot_controller/hook/pythonpath.ps1'
[2.386s] INFO:colcon.colcon_core.shell:Creating environment descriptor '/home/teban/bumperbot_ws/install/bumperbot_controller/share/bumperbot_controller/hook/pythonpath.dsv'
[2.387s] INFO:colcon.colcon_core.shell:Creating environment hook '/home/teban/bumperbot_ws/install/bumperbot_controller/share/bumperbot_controller/hook/pythonpath.sh'
[2.387s] Level 1:colcon.colcon_core.environment:checking '/home/teban/bumperbot_ws/install/bumperbot_controller/bin'
[2.388s] INFO:colcon.colcon_core.shell:Creating package script '/home/teban/bumperbot_ws/install/bumperbot_controller/share/bumperbot_controller/package.ps1'
[2.388s] INFO:colcon.colcon_core.shell:Creating package descriptor '/home/teban/bumperbot_ws/install/bumperbot_controller/share/bumperbot_controller/package.dsv'
[2.389s] INFO:colcon.colcon_core.shell:Creating package script '/home/teban/bumperbot_ws/install/bumperbot_controller/share/bumperbot_controller/package.sh'
[2.389s] INFO:colcon.colcon_core.shell:Creating package script '/home/teban/bumperbot_ws/install/bumperbot_controller/share/bumperbot_controller/package.bash'
[2.389s] INFO:colcon.colcon_core.shell:Creating package script '/home/teban/bumperbot_ws/install/bumperbot_controller/share/bumperbot_controller/package.zsh'
[2.390s] Level 1:colcon.colcon_core.environment:create_file_with_runtime_dependencies(/home/teban/bumperbot_ws/install/bumperbot_controller/share/colcon-core/packages/bumperbot_controller)
[2.391s] Level 1:colcon.colcon_core.environment:create_environment_scripts_only(bumperbot_controller)
[2.391s] Level 1:colcon.colcon_core.environment:checking '/home/teban/bumperbot_ws/install/bumperbot_controller' for CMake module files
[2.392s] Level 1:colcon.colcon_core.environment:checking '/home/teban/bumperbot_ws/install/bumperbot_controller' for CMake config files
[2.392s] Level 1:colcon.colcon_core.shell:create_environment_hook('bumperbot_controller', 'cmake_prefix_path')
[2.392s] INFO:colcon.colcon_core.shell:Creating environment hook '/home/teban/bumperbot_ws/install/bumperbot_controller/share/bumperbot_controller/hook/cmake_prefix_path.ps1'
[2.393s] INFO:colcon.colcon_core.shell:Creating environment descriptor '/home/teban/bumperbot_ws/install/bumperbot_controller/share/bumperbot_controller/hook/cmake_prefix_path.dsv'
[2.393s] INFO:colcon.colcon_core.shell:Creating environment hook '/home/teban/bumperbot_ws/install/bumperbot_controller/share/bumperbot_controller/hook/cmake_prefix_path.sh'
[2.394s] Level 1:colcon.colcon_core.environment:checking '/home/teban/bumperbot_ws/install/bumperbot_controller/lib'
[2.394s] Level 1:colcon.colcon_core.environment:checking '/home/teban/bumperbot_ws/install/bumperbot_controller/bin'
[2.394s] Level 1:colcon.colcon_core.environment:checking '/home/teban/bumperbot_ws/install/bumperbot_controller/lib/pkgconfig/bumperbot_controller.pc'
[2.395s] Level 1:colcon.colcon_core.environment:checking '/home/teban/bumperbot_ws/install/bumperbot_controller/lib/python3.12/site-packages'
[2.395s] Level 1:colcon.colcon_core.shell:create_environment_hook('bumperbot_controller', 'pythonpath')
[2.395s] INFO:colcon.colcon_core.shell:Creating environment hook '/home/teban/bumperbot_ws/install/bumperbot_controller/share/bumperbot_controller/hook/pythonpath.ps1'
[2.395s] INFO:colcon.colcon_core.shell:Creating environment descriptor '/home/teban/bumperbot_ws/install/bumperbot_controller/share/bumperbot_controller/hook/pythonpath.dsv'
[2.396s] INFO:colcon.colcon_core.shell:Creating environment hook '/home/teban/bumperbot_ws/install/bumperbot_controller/share/bumperbot_controller/hook/pythonpath.sh'
[2.396s] Level 1:colcon.colcon_core.environment:checking '/home/teban/bumperbot_ws/install/bumperbot_controller/bin'
[2.397s] INFO:colcon.colcon_core.shell:Creating package script '/home/teban/bumperbot_ws/install/bumperbot_controller/share/bumperbot_controller/package.ps1'
[2.397s] INFO:colcon.colcon_core.shell:Creating package descriptor '/home/teban/bumperbot_ws/install/bumperbot_controller/share/bumperbot_controller/package.dsv'
[2.398s] INFO:colcon.colcon_core.shell:Creating package script '/home/teban/bumperbot_ws/install/bumperbot_controller/share/bumperbot_controller/package.sh'
[2.398s] INFO:colcon.colcon_core.shell:Creating package script '/home/teban/bumperbot_ws/install/bumperbot_controller/share/bumperbot_controller/package.bash'
[2.399s] INFO:colcon.colcon_core.shell:Creating package script '/home/teban/bumperbot_ws/install/bumperbot_controller/share/bumperbot_controller/package.zsh'
[2.399s] Level 1:colcon.colcon_core.environment:create_file_with_runtime_dependencies(/home/teban/bumperbot_ws/install/bumperbot_controller/share/colcon-core/packages/bumperbot_controller)
[6.492s] DEBUG:colcon.colcon_core.event_handler.log_command:Invoked command in '/home/teban/bumperbot_ws/build/bumperbot_msgs' returned '0': CMAKE_PREFIX_PATH=${CMAKE_PREFIX_PATH}:/opt/ros/jazzy DEBUGINFOD_URLS=https://debuginfod.ubuntu.com /usr/bin/cmake /home/teban/bumperbot_ws/src/bumperbot_msgs -DCMAKE_INSTALL_PREFIX=/home/teban/bumperbot_ws/install/bumperbot_msgs
[6.494s] DEBUG:colcon.colcon_core.event_handler.log_command:Invoking command in '/home/teban/bumperbot_ws/build/bumperbot_msgs': CMAKE_PREFIX_PATH=${CMAKE_PREFIX_PATH}:/opt/ros/jazzy DEBUGINFOD_URLS=https://debuginfod.ubuntu.com /usr/bin/cmake --build /home/teban/bumperbot_ws/build/bumperbot_msgs -- -j4 -l4
[13.659s] DEBUG:colcon.colcon_core.event_handler.log_command:Invoked command in '/home/teban/bumperbot_ws/build/bumperbot_msgs' returned '0': CMAKE_PREFIX_PATH=${CMAKE_PREFIX_PATH}:/opt/ros/jazzy DEBUGINFOD_URLS=https://debuginfod.ubuntu.com /usr/bin/cmake --build /home/teban/bumperbot_ws/build/bumperbot_msgs -- -j4 -l4
[13.660s] DEBUG:colcon.colcon_core.event_handler.log_command:Invoking command in '/home/teban/bumperbot_ws/build/bumperbot_msgs': CMAKE_PREFIX_PATH=${CMAKE_PREFIX_PATH}:/opt/ros/jazzy DEBUGINFOD_URLS=https://debuginfod.ubuntu.com /usr/bin/cmake --install /home/teban/bumperbot_ws/build/bumperbot_msgs
[13.758s] Level 1:colcon.colcon_core.environment:create_environment_scripts_only(bumperbot_msgs)
[13.758s] Level 1:colcon.colcon_core.environment:checking '/home/teban/bumperbot_ws/install/bumperbot_msgs' for CMake module files
[13.759s] DEBUG:colcon.colcon_core.event_handler.log_command:Invoked command in '/home/teban/bumperbot_ws/build/bumperbot_msgs' returned '0': CMAKE_PREFIX_PATH=${CMAKE_PREFIX_PATH}:/opt/ros/jazzy DEBUGINFOD_URLS=https://debuginfod.ubuntu.com /usr/bin/cmake --install /home/teban/bumperbot_ws/build/bumperbot_msgs
[13.759s] Level 1:colcon.colcon_core.environment:checking '/home/teban/bumperbot_ws/install/bumperbot_msgs' for CMake config files
[13.760s] Level 1:colcon.colcon_core.shell:create_environment_hook('bumperbot_msgs', 'cmake_prefix_path')
[13.760s] INFO:colcon.colcon_core.shell:Creating environment hook '/home/teban/bumperbot_ws/install/bumperbot_msgs/share/bumperbot_msgs/hook/cmake_prefix_path.ps1'
[13.760s] INFO:colcon.colcon_core.shell:Creating environment descriptor '/home/teban/bumperbot_ws/install/bumperbot_msgs/share/bumperbot_msgs/hook/cmake_prefix_path.dsv'
[13.761s] INFO:colcon.colcon_core.shell:Creating environment hook '/home/teban/bumperbot_ws/install/bumperbot_msgs/share/bumperbot_msgs/hook/cmake_prefix_path.sh'
[13.761s] Level 1:colcon.colcon_core.environment:checking '/home/teban/bumperbot_ws/install/bumperbot_msgs/lib'
[13.761s] Level 1:colcon.colcon_core.shell:create_environment_hook('bumperbot_msgs', 'ld_library_path_lib')
[13.761s] INFO:colcon.colcon_core.shell:Creating environment hook '/home/teban/bumperbot_ws/install/bumperbot_msgs/share/bumperbot_msgs/hook/ld_library_path_lib.ps1'
[13.762s] INFO:colcon.colcon_core.shell:Creating environment descriptor '/home/teban/bumperbot_ws/install/bumperbot_msgs/share/bumperbot_msgs/hook/ld_library_path_lib.dsv'
[13.762s] INFO:colcon.colcon_core.shell:Creating environment hook '/home/teban/bumperbot_ws/install/bumperbot_msgs/share/bumperbot_msgs/hook/ld_library_path_lib.sh'
[13.762s] Level 1:colcon.colcon_core.environment:checking '/home/teban/bumperbot_ws/install/bumperbot_msgs/bin'
[13.763s] Level 1:colcon.colcon_core.environment:checking '/home/teban/bumperbot_ws/install/bumperbot_msgs/lib/pkgconfig/bumperbot_msgs.pc'
[13.763s] Level 1:colcon.colcon_core.environment:checking '/home/teban/bumperbot_ws/install/bumperbot_msgs/lib/python3.12/site-packages'
[13.763s] Level 1:colcon.colcon_core.shell:create_environment_hook('bumperbot_msgs', 'pythonpath')
[13.763s] INFO:colcon.colcon_core.shell:Creating environment hook '/home/teban/bumperbot_ws/install/bumperbot_msgs/share/bumperbot_msgs/hook/pythonpath.ps1'
[13.763s] INFO:colcon.colcon_core.shell:Creating environment descriptor '/home/teban/bumperbot_ws/install/bumperbot_msgs/share/bumperbot_msgs/hook/pythonpath.dsv'
[13.764s] INFO:colcon.colcon_core.shell:Creating environment hook '/home/teban/bumperbot_ws/install/bumperbot_msgs/share/bumperbot_msgs/hook/pythonpath.sh'
[13.764s] Level 1:colcon.colcon_core.environment:checking '/home/teban/bumperbot_ws/install/bumperbot_msgs/bin'
[13.765s] INFO:colcon.colcon_core.shell:Creating package script '/home/teban/bumperbot_ws/install/bumperbot_msgs/share/bumperbot_msgs/package.ps1'
[13.765s] INFO:colcon.colcon_core.shell:Creating package descriptor '/home/teban/bumperbot_ws/install/bumperbot_msgs/share/bumperbot_msgs/package.dsv'
[13.766s] INFO:colcon.colcon_core.shell:Creating package script '/home/teban/bumperbot_ws/install/bumperbot_msgs/share/bumperbot_msgs/package.sh'
[13.766s] INFO:colcon.colcon_core.shell:Creating package script '/home/teban/bumperbot_ws/install/bumperbot_msgs/share/bumperbot_msgs/package.bash'
[13.767s] INFO:colcon.colcon_core.shell:Creating package script '/home/teban/bumperbot_ws/install/bumperbot_msgs/share/bumperbot_msgs/package.zsh'
[13.767s] Level 1:colcon.colcon_core.environment:create_file_with_runtime_dependencies(/home/teban/bumperbot_ws/install/bumperbot_msgs/share/colcon-core/packages/bumperbot_msgs)
[13.768s] Level 1:colcon.colcon_core.environment:create_environment_scripts_only(bumperbot_msgs)
[13.768s] Level 1:colcon.colcon_core.environment:checking '/home/teban/bumperbot_ws/install/bumperbot_msgs' for CMake module files
[13.769s] Level 1:colcon.colcon_core.environment:checking '/home/teban/bumperbot_ws/install/bumperbot_msgs' for CMake config files
[13.769s] Level 1:colcon.colcon_core.shell:create_environment_hook('bumperbot_msgs', 'cmake_prefix_path')
[13.769s] INFO:colcon.colcon_core.shell:Creating environment hook '/home/teban/bumperbot_ws/install/bumperbot_msgs/share/bumperbot_msgs/hook/cmake_prefix_path.ps1'
[13.770s] INFO:colcon.colcon_core.shell:Creating environment descriptor '/home/teban/bumperbot_ws/install/bumperbot_msgs/share/bumperbot_msgs/hook/cmake_prefix_path.dsv'
[13.770s] INFO:colcon.colcon_core.shell:Creating environment hook '/home/teban/bumperbot_ws/install/bumperbot_msgs/share/bumperbot_msgs/hook/cmake_prefix_path.sh'
[13.772s] Level 1:colcon.colcon_core.environment:checking '/home/teban/bumperbot_ws/install/bumperbot_msgs/lib'
[13.772s] Level 1:colcon.colcon_core.shell:create_environment_hook('bumperbot_msgs', 'ld_library_path_lib')
[13.772s] INFO:colcon.colcon_core.shell:Creating environment hook '/home/teban/bumperbot_ws/install/bumperbot_msgs/share/bumperbot_msgs/hook/ld_library_path_lib.ps1'
[13.773s] INFO:colcon.colcon_core.shell:Creating environment descriptor '/home/teban/bumperbot_ws/install/bumperbot_msgs/share/bumperbot_msgs/hook/ld_library_path_lib.dsv'
[13.773s] INFO:colcon.colcon_core.shell:Creating environment hook '/home/teban/bumperbot_ws/install/bumperbot_msgs/share/bumperbot_msgs/hook/ld_library_path_lib.sh'
[13.773s] Level 1:colcon.colcon_core.environment:checking '/home/teban/bumperbot_ws/install/bumperbot_msgs/bin'
[13.774s] Level 1:colcon.colcon_core.environment:checking '/home/teban/bumperbot_ws/install/bumperbot_msgs/lib/pkgconfig/bumperbot_msgs.pc'
[13.774s] Level 1:colcon.colcon_core.environment:checking '/home/teban/bumperbot_ws/install/bumperbot_msgs/lib/python3.12/site-packages'
[13.774s] Level 1:colcon.colcon_core.shell:create_environment_hook('bumperbot_msgs', 'pythonpath')
[13.774s] INFO:colcon.colcon_core.shell:Creating environment hook '/home/teban/bumperbot_ws/install/bumperbot_msgs/share/bumperbot_msgs/hook/pythonpath.ps1'
[13.775s] INFO:colcon.colcon_core.shell:Creating environment descriptor '/home/teban/bumperbot_ws/install/bumperbot_msgs/share/bumperbot_msgs/hook/pythonpath.dsv'
[13.775s] INFO:colcon.colcon_core.shell:Creating environment hook '/home/teban/bumperbot_ws/install/bumperbot_msgs/share/bumperbot_msgs/hook/pythonpath.sh'
[13.776s] Level 1:colcon.colcon_core.environment:checking '/home/teban/bumperbot_ws/install/bumperbot_msgs/bin'
[13.776s] INFO:colcon.colcon_core.shell:Creating package script '/home/teban/bumperbot_ws/install/bumperbot_msgs/share/bumperbot_msgs/package.ps1'
[13.777s] INFO:colcon.colcon_core.shell:Creating package descriptor '/home/teban/bumperbot_ws/install/bumperbot_msgs/share/bumperbot_msgs/package.dsv'
[13.777s] INFO:colcon.colcon_core.shell:Creating package script '/home/teban/bumperbot_ws/install/bumperbot_msgs/share/bumperbot_msgs/package.sh'
[13.778s] INFO:colcon.colcon_core.shell:Creating package script '/home/teban/bumperbot_ws/install/bumperbot_msgs/share/bumperbot_msgs/package.bash'
[13.779s] INFO:colcon.colcon_core.shell:Creating package script '/home/teban/bumperbot_ws/install/bumperbot_msgs/share/bumperbot_msgs/package.zsh'
[13.779s] Level 1:colcon.colcon_core.environment:create_file_with_runtime_dependencies(/home/teban/bumperbot_ws/install/bumperbot_msgs/share/colcon-core/packages/bumperbot_msgs)
[13.780s] INFO:colcon.colcon_ros.task.ament_python.build:Building ROS package in '/home/teban/bumperbot_ws/src/bumperbot_py_examples' with build type 'ament_python'
[13.780s] Level 1:colcon.colcon_core.shell:create_environment_hook('bumperbot_py_examples', 'ament_prefix_path')
[13.780s] INFO:colcon.colcon_core.shell:Creating environment hook '/home/teban/bumperbot_ws/install/bumperbot_py_examples/share/bumperbot_py_examples/hook/ament_prefix_path.ps1'
[13.781s] INFO:colcon.colcon_core.shell:Creating environment descriptor '/home/teban/bumperbot_ws/install/bumperbot_py_examples/share/bumperbot_py_examples/hook/ament_prefix_path.dsv'
[13.782s] INFO:colcon.colcon_core.shell:Creating environment hook '/home/teban/bumperbot_ws/install/bumperbot_py_examples/share/bumperbot_py_examples/hook/ament_prefix_path.sh'
[13.782s] INFO:colcon.colcon_core.shell:Skip shell extension 'powershell' for command environment: Not usable outside of PowerShell
[13.782s] DEBUG:colcon.colcon_core.shell:Skip shell extension 'dsv' for command environment
[14.079s] INFO:colcon.colcon_core.task.python.build:Building Python package in '/home/teban/bumperbot_ws/src/bumperbot_py_examples'
[14.079s] INFO:colcon.colcon_core.shell:Skip shell extension 'powershell' for command environment: Not usable outside of PowerShell
[14.079s] DEBUG:colcon.colcon_core.shell:Skip shell extension 'dsv' for command environment
[17.109s] DEBUG:colcon.colcon_core.event_handler.log_command:Invoking command in '/home/teban/bumperbot_ws/src/bumperbot_py_examples': AMENT_PREFIX_PATH=/home/teban/bumperbot_ws/install/bumperbot_msgs:${AMENT_PREFIX_PATH} CMAKE_PREFIX_PATH=/home/teban/bumperbot_ws/install/bumperbot_msgs:${CMAKE_PREFIX_PATH} DEBUGINFOD_URLS=https://debuginfod.ubuntu.com LD_LIBRARY_PATH=/home/teban/bumperbot_ws/install/bumperbot_msgs/lib:${LD_LIBRARY_PATH} PYTHONPATH=/home/teban/bumperbot_ws/build/bumperbot_py_examples/prefix_override:/usr/lib/python3/dist-packages/colcon_core/task/python/colcon_distutils_commands:/home/teban/bumperbot_ws/install/bumperbot_py_examples/lib/python3.12/site-packages:/home/teban/bumperbot_ws/install/bumperbot_msgs/lib/python3.12/site-packages:${PYTHONPATH} /usr/bin/python3 -W ignore:setup.py install is deprecated -W ignore:easy_install command is deprecated setup.py egg_info --egg-base ../../build/bumperbot_py_examples build --build-base /home/teban/bumperbot_ws/build/bumperbot_py_examples/build install --record /home/teban/bumperbot_ws/build/bumperbot_py_examples/install.log --single-version-externally-managed install_data
[17.821s] Level 1:colcon.colcon_core.environment:checking '/home/teban/bumperbot_ws/install/bumperbot_py_examples' for CMake module files
[17.822s] DEBUG:colcon.colcon_core.event_handler.log_command:Invoked command in '/home/teban/bumperbot_ws/src/bumperbot_py_examples' returned '0': AMENT_PREFIX_PATH=/home/teban/bumperbot_ws/install/bumperbot_msgs:${AMENT_PREFIX_PATH} CMAKE_PREFIX_PATH=/home/teban/bumperbot_ws/install/bumperbot_msgs:${CMAKE_PREFIX_PATH} DEBUGINFOD_URLS=https://debuginfod.ubuntu.com LD_LIBRARY_PATH=/home/teban/bumperbot_ws/install/bumperbot_msgs/lib:${LD_LIBRARY_PATH} PYTHONPATH=/home/teban/bumperbot_ws/build/bumperbot_py_examples/prefix_override:/usr/lib/python3/dist-packages/colcon_core/task/python/colcon_distutils_commands:/home/teban/bumperbot_ws/install/bumperbot_py_examples/lib/python3.12/site-packages:/home/teban/bumperbot_ws/install/bumperbot_msgs/lib/python3.12/site-packages:${PYTHONPATH} /usr/bin/python3 -W ignore:setup.py install is deprecated -W ignore:easy_install command is deprecated setup.py egg_info --egg-base ../../build/bumperbot_py_examples build --build-base /home/teban/bumperbot_ws/build/bumperbot_py_examples/build install --record /home/teban/bumperbot_ws/build/bumperbot_py_examples/install.log --single-version-externally-managed install_data
[17.823s] Level 1:colcon.colcon_core.environment:checking '/home/teban/bumperbot_ws/install/bumperbot_py_examples' for CMake config files
[17.823s] Level 1:colcon.colcon_core.environment:checking '/home/teban/bumperbot_ws/install/bumperbot_py_examples/lib'
[17.823s] Level 1:colcon.colcon_core.environment:checking '/home/teban/bumperbot_ws/install/bumperbot_py_examples/bin'
[17.823s] Level 1:colcon.colcon_core.environment:checking '/home/teban/bumperbot_ws/install/bumperbot_py_examples/lib/pkgconfig/bumperbot_py_examples.pc'
[17.824s] Level 1:colcon.colcon_core.environment:checking '/home/teban/bumperbot_ws/install/bumperbot_py_examples/lib/python3.12/site-packages'
[17.824s] Level 1:colcon.colcon_core.shell:create_environment_hook('bumperbot_py_examples', 'pythonpath')
[17.824s] INFO:colcon.colcon_core.shell:Creating environment hook '/home/teban/bumperbot_ws/install/bumperbot_py_examples/share/bumperbot_py_examples/hook/pythonpath.ps1'
[17.825s] INFO:colcon.colcon_core.shell:Creating environment descriptor '/home/teban/bumperbot_ws/install/bumperbot_py_examples/share/bumperbot_py_examples/hook/pythonpath.dsv'
[17.825s] INFO:colcon.colcon_core.shell:Creating environment hook '/home/teban/bumperbot_ws/install/bumperbot_py_examples/share/bumperbot_py_examples/hook/pythonpath.sh'
[17.826s] Level 1:colcon.colcon_core.environment:checking '/home/teban/bumperbot_ws/install/bumperbot_py_examples/bin'
[17.826s] Level 1:colcon.colcon_core.environment:create_environment_scripts_only(bumperbot_py_examples)
[17.826s] INFO:colcon.colcon_core.shell:Creating package script '/home/teban/bumperbot_ws/install/bumperbot_py_examples/share/bumperbot_py_examples/package.ps1'
[17.827s] INFO:colcon.colcon_core.shell:Creating package descriptor '/home/teban/bumperbot_ws/install/bumperbot_py_examples/share/bumperbot_py_examples/package.dsv'
[17.827s] INFO:colcon.colcon_core.shell:Creating package script '/home/teban/bumperbot_ws/install/bumperbot_py_examples/share/bumperbot_py_examples/package.sh'
[17.828s] INFO:colcon.colcon_core.shell:Creating package script '/home/teban/bumperbot_ws/install/bumperbot_py_examples/share/bumperbot_py_examples/package.bash'
[17.828s] INFO:colcon.colcon_core.shell:Creating package script '/home/teban/bumperbot_ws/install/bumperbot_py_examples/share/bumperbot_py_examples/package.zsh'
[17.829s] Level 1:colcon.colcon_core.environment:create_file_with_runtime_dependencies(/home/teban/bumperbot_ws/install/bumperbot_py_examples/share/colcon-core/packages/bumperbot_py_examples)
[17.829s] DEBUG:colcon.colcon_parallel_executor.executor.parallel:closing loop
[17.829s] DEBUG:colcon.colcon_parallel_executor.executor.parallel:loop closed
[17.829s] DEBUG:colcon.colcon_parallel_executor.executor.parallel:run_until_complete finished with '0'
[17.830s] DEBUG:colcon.colcon_core.event_reactor:joining thread
[17.849s] INFO:colcon.colcon_core.plugin_system:Skipping extension 'colcon_notification.desktop_notification.terminal_notifier': Not used on non-Darwin systems
[17.849s] INFO:colcon.colcon_core.plugin_system:Skipping extension 'colcon_notification.desktop_notification.win32': Not used on non-Windows systems
[17.849s] INFO:colcon.colcon_notification.desktop_notification:Sending desktop notification using 'notify2'
[17.873s] DEBUG:colcon.colcon_core.event_reactor:joined thread
[17.873s] INFO:colcon.colcon_core.shell:Creating prefix script '/home/teban/bumperbot_ws/install/local_setup.ps1'
[17.887s] INFO:colcon.colcon_core.shell:Creating prefix util module '/home/teban/bumperbot_ws/install/_local_setup_util_ps1.py'
[17.912s] INFO:colcon.colcon_core.shell:Creating prefix chain script '/home/teban/bumperbot_ws/install/setup.ps1'
[17.915s] INFO:colcon.colcon_core.shell:Creating prefix script '/home/teban/bumperbot_ws/install/local_setup.sh'
[17.960s] INFO:colcon.colcon_core.shell:Creating prefix util module '/home/teban/bumperbot_ws/install/_local_setup_util_sh.py'
[17.960s] INFO:colcon.colcon_core.shell:Creating prefix chain script '/home/teban/bumperbot_ws/install/setup.sh'
[17.979s] INFO:colcon.colcon_core.shell:Creating prefix script '/home/teban/bumperbot_ws/install/local_setup.bash'
[18.001s] INFO:colcon.colcon_core.shell:Creating prefix chain script '/home/teban/bumperbot_ws/install/setup.bash'
[18.003s] INFO:colcon.colcon_core.shell:Creating prefix script '/home/teban/bumperbot_ws/install/local_setup.zsh'
[18.004s] INFO:colcon.colcon_core.shell:Creating prefix chain script '/home/teban/bumperbot_ws/install/setup.zsh'
