[0.063s] Invoking command in '/home/teban/bumperbot_ws/build/bumperbot_controller': CMAKE_PREFIX_PATH=${CMAKE_PREFIX_PATH}:/opt/ros/jazzy DEBUGINFOD_URLS=https://debuginfod.ubuntu.com /usr/bin/cmake /home/teban/bumperbot_ws/src/bumperbot_controller -DCMAKE_INSTALL_PREFIX=/home/teban/bumperbot_ws/install/bumperbot_controller
[1.769s] -- The C compiler identification is GNU 13.3.0
[3.043s] -- The CXX compiler identification is GNU 13.3.0
[3.154s] -- Detecting C compiler ABI info
[3.426s] -- Detecting C compiler ABI info - done
[3.438s] -- Check for working C compiler: /usr/bin/cc - skipped
[3.483s] -- Detecting C compile features
[3.556s] -- Detecting C compile features - done
[3.643s] -- Detecting CXX compiler ABI info
[3.978s] -- Detecting CXX compiler ABI info - done
[3.990s] -- Check for working CXX compiler: /usr/bin/c++ - skipped
[3.991s] -- Detecting CXX compile features
[3.991s] -- Detecting CXX compile features - done
[4.531s] -- Found ament_cmake: 2.5.3 (/opt/ros/jazzy/share/ament_cmake/cmake)
[4.722s] -- Found Python3: /usr/bin/python3 (found version "3.12.3") found components: Interpreter 
[4.939s] -- Found ament_lint_auto: 0.17.1 (/opt/ros/jazzy/share/ament_lint_auto/cmake)
[5.076s] -- Added test 'lint_cmake' to check CMake code style
[5.078s] -- Added test 'xmllint' to check XML markup files
[5.080s] -- Configuring done (4.9s)
[5.084s] -- Generating done (0.0s)
[5.086s] -- Build files have been written to: /home/teban/bumperbot_ws/build/bumperbot_controller
[5.092s] Invoked command in '/home/teban/bumperbot_ws/build/bumperbot_controller' returned '0': CMAKE_PREFIX_PATH=${CMAKE_PREFIX_PATH}:/opt/ros/jazzy DEBUGINFOD_URLS=https://debuginfod.ubuntu.com /usr/bin/cmake /home/teban/bumperbot_ws/src/bumperbot_controller -DCMAKE_INSTALL_PREFIX=/home/teban/bumperbot_ws/install/bumperbot_controller
[5.093s] Invoking command in '/home/teban/bumperbot_ws/build/bumperbot_controller': CMAKE_PREFIX_PATH=${CMAKE_PREFIX_PATH}:/opt/ros/jazzy DEBUGINFOD_URLS=https://debuginfod.ubuntu.com /usr/bin/cmake --build /home/teban/bumperbot_ws/build/bumperbot_controller -- -j4 -l4
[5.145s] Invoked command in '/home/teban/bumperbot_ws/build/bumperbot_controller' returned '0': CMAKE_PREFIX_PATH=${CMAKE_PREFIX_PATH}:/opt/ros/jazzy DEBUGINFOD_URLS=https://debuginfod.ubuntu.com /usr/bin/cmake --build /home/teban/bumperbot_ws/build/bumperbot_controller -- -j4 -l4
[5.147s] Invoking command in '/home/teban/bumperbot_ws/build/bumperbot_controller': CMAKE_PREFIX_PATH=${CMAKE_PREFIX_PATH}:/opt/ros/jazzy DEBUGINFOD_URLS=https://debuginfod.ubuntu.com /usr/bin/cmake --install /home/teban/bumperbot_ws/build/bumperbot_controller
[5.157s] -- Install configuration: ""
[5.157s] -- Installing: /home/teban/bumperbot_ws/install/bumperbot_controller/share/ament_index/resource_index/package_run_dependencies/bumperbot_controller
[5.157s] -- Installing: /home/teban/bumperbot_ws/install/bumperbot_controller/share/ament_index/resource_index/parent_prefix_path/bumperbot_controller
[5.157s] -- Installing: /home/teban/bumperbot_ws/install/bumperbot_controller/share/bumperbot_controller/environment/ament_prefix_path.sh
[5.158s] -- Installing: /home/teban/bumperbot_ws/install/bumperbot_controller/share/bumperbot_controller/environment/ament_prefix_path.dsv
[5.158s] -- Installing: /home/teban/bumperbot_ws/install/bumperbot_controller/share/bumperbot_controller/environment/path.sh
[5.158s] -- Installing: /home/teban/bumperbot_ws/install/bumperbot_controller/share/bumperbot_controller/environment/path.dsv
[5.158s] -- Installing: /home/teban/bumperbot_ws/install/bumperbot_controller/share/bumperbot_controller/local_setup.bash
[5.158s] -- Installing: /home/teban/bumperbot_ws/install/bumperbot_controller/share/bumperbot_controller/local_setup.sh
[5.159s] -- Installing: /home/teban/bumperbot_ws/install/bumperbot_controller/share/bumperbot_controller/local_setup.zsh
[5.159s] -- Installing: /home/teban/bumperbot_ws/install/bumperbot_controller/share/bumperbot_controller/local_setup.dsv
[5.159s] -- Installing: /home/teban/bumperbot_ws/install/bumperbot_controller/share/bumperbot_controller/package.dsv
[5.159s] -- Installing: /home/teban/bumperbot_ws/install/bumperbot_controller/share/ament_index/resource_index/packages/bumperbot_controller
[5.159s] -- Installing: /home/teban/bumperbot_ws/install/bumperbot_controller/share/bumperbot_controller/cmake/bumperbot_controllerConfig.cmake
[5.159s] -- Installing: /home/teban/bumperbot_ws/install/bumperbot_controller/share/bumperbot_controller/cmake/bumperbot_controllerConfig-version.cmake
[5.160s] -- Installing: /home/teban/bumperbot_ws/install/bumperbot_controller/share/bumperbot_controller/package.xml
[5.162s] Invoked command in '/home/teban/bumperbot_ws/build/bumperbot_controller' returned '0': CMAKE_PREFIX_PATH=${CMAKE_PREFIX_PATH}:/opt/ros/jazzy DEBUGINFOD_URLS=https://debuginfod.ubuntu.com /usr/bin/cmake --install /home/teban/bumperbot_ws/build/bumperbot_controller
