[0.092s] Invoking command in '/home/teban/bumperbot_ws/build/bumperbot_controller': CMAKE_PREFIX_PATH=${CMAKE_PREFIX_PATH}:/opt/ros/jazzy DEBUGINFOD_URLS=https://debuginfod.ubuntu.com /usr/bin/cmake --build /home/teban/bumperbot_ws/build/bumperbot_controller -- -j4 -l4
[0.739s] -- Found ament_cmake: 2.5.3 (/opt/ros/jazzy/share/ament_cmake/cmake)
[1.702s] -- Found rclpy: 7.1.3 (/opt/ros/jazzy/share/rclpy/cmake)
[1.716s] -- Found std_msgs: 5.3.5 (/opt/ros/jazzy/share/std_msgs/cmake)
[2.019s] -- Found rosidl_generator_c: 4.6.5 (/opt/ros/jazzy/share/rosidl_generator_c/cmake)
[2.101s] -- Found rosidl_generator_cpp: 4.6.5 (/opt/ros/jazzy/share/rosidl_generator_cpp/cmake)
[2.169s] -- Using all available rosidl_typesupport_c: rosidl_typesupport_fastrtps_c;rosidl_typesupport_introspection_c
[2.223s] -- Using all available rosidl_typesupport_cpp: rosidl_typesupport_fastrtps_cpp;rosidl_typesupport_introspection_cpp
[2.368s] -- Found geometry_msgs: 5.3.5 (/opt/ros/jazzy/share/geometry_msgs/cmake)
[2.529s] -- Found sensor_msgs: 5.3.5 (/opt/ros/jazzy/share/sensor_msgs/cmake)
[2.869s] -- Found ament_lint_auto: 0.17.1 (/opt/ros/jazzy/share/ament_lint_auto/cmake)
[3.175s] -- Added test 'flake8' to check Python code syntax and style conventions
[3.175s] -- Configured 'flake8' exclude dirs and/or files: 
[3.176s] -- Added test 'lint_cmake' to check CMake code style
[3.176s] -- Added test 'pep257' to check Python code against some of the docstring style conventions in PEP 257
[3.189s] -- Added test 'xmllint' to check XML markup files
[3.217s] -- Configuring done (2.8s)
[3.334s] -- Generating done (0.1s)
[3.337s] -- Build files have been written to: /home/teban/bumperbot_ws/build/bumperbot_controller
[3.428s] Built target ament_cmake_python_copy_bumperbot_controller
[3.817s] running egg_info
[3.850s] writing bumperbot_controller.egg-info/PKG-INFO
[3.852s] writing dependency_links to bumperbot_controller.egg-info/dependency_links.txt
[3.852s] writing top-level names to bumperbot_controller.egg-info/top_level.txt
[3.947s] reading manifest file 'bumperbot_controller.egg-info/SOURCES.txt'
[3.953s] writing manifest file 'bumperbot_controller.egg-info/SOURCES.txt'
[4.007s] Built target ament_cmake_python_build_bumperbot_controller_egg
[4.024s] Invoked command in '/home/teban/bumperbot_ws/build/bumperbot_controller' returned '0': CMAKE_PREFIX_PATH=${CMAKE_PREFIX_PATH}:/opt/ros/jazzy DEBUGINFOD_URLS=https://debuginfod.ubuntu.com /usr/bin/cmake --build /home/teban/bumperbot_ws/build/bumperbot_controller -- -j4 -l4
[4.025s] Invoking command in '/home/teban/bumperbot_ws/build/bumperbot_controller': CMAKE_PREFIX_PATH=${CMAKE_PREFIX_PATH}:/opt/ros/jazzy DEBUGINFOD_URLS=https://debuginfod.ubuntu.com /usr/bin/cmake --install /home/teban/bumperbot_ws/build/bumperbot_controller
[4.037s] -- Install configuration: ""
[4.041s] -- Up-to-date: /home/teban/bumperbot_ws/install/bumperbot_controller/share/bumperbot_controller/environment/pythonpath.sh
[4.041s] -- Up-to-date: /home/teban/bumperbot_ws/install/bumperbot_controller/share/bumperbot_controller/environment/pythonpath.dsv
[4.041s] -- Up-to-date: /home/teban/bumperbot_ws/install/bumperbot_controller/lib/python3.12/site-packages/bumperbot_controller-0.0.0-py3.12.egg-info
[4.041s] -- Installing: /home/teban/bumperbot_ws/install/bumperbot_controller/lib/python3.12/site-packages/bumperbot_controller-0.0.0-py3.12.egg-info/top_level.txt
[4.041s] -- Installing: /home/teban/bumperbot_ws/install/bumperbot_controller/lib/python3.12/site-packages/bumperbot_controller-0.0.0-py3.12.egg-info/SOURCES.txt
[4.042s] -- Installing: /home/teban/bumperbot_ws/install/bumperbot_controller/lib/python3.12/site-packages/bumperbot_controller-0.0.0-py3.12.egg-info/PKG-INFO
[4.042s] -- Installing: /home/teban/bumperbot_ws/install/bumperbot_controller/lib/python3.12/site-packages/bumperbot_controller-0.0.0-py3.12.egg-info/dependency_links.txt
[4.042s] -- Up-to-date: /home/teban/bumperbot_ws/install/bumperbot_controller/lib/python3.12/site-packages/bumperbot_controller
[4.042s] -- Installing: /home/teban/bumperbot_ws/install/bumperbot_controller/lib/python3.12/site-packages/bumperbot_controller/simple_controller.py
[4.042s] -- Up-to-date: /home/teban/bumperbot_ws/install/bumperbot_controller/lib/python3.12/site-packages/bumperbot_controller/__init__.py
[4.196s] Listing '/home/teban/bumperbot_ws/install/bumperbot_controller/lib/python3.12/site-packages/bumperbot_controller'...
[4.196s] Compiling '/home/teban/bumperbot_ws/install/bumperbot_controller/lib/python3.12/site-packages/bumperbot_controller/simple_controller.py'...
[4.201s] -- Up-to-date: /home/teban/bumperbot_ws/install/bumperbot_controller/share/bumperbot_controller/config
[4.201s] -- Up-to-date: /home/teban/bumperbot_ws/install/bumperbot_controller/share/bumperbot_controller/config/joy_teleop.yaml
[4.204s] -- Up-to-date: /home/teban/bumperbot_ws/install/bumperbot_controller/share/bumperbot_controller/config/bumperbot_controllers.yaml
[4.204s] -- Up-to-date: /home/teban/bumperbot_ws/install/bumperbot_controller/share/bumperbot_controller/config/joy_config.yaml
[4.204s] -- Up-to-date: /home/teban/bumperbot_ws/install/bumperbot_controller/share/bumperbot_controller/launch
[4.204s] -- Up-to-date: /home/teban/bumperbot_ws/install/bumperbot_controller/share/bumperbot_controller/launch/controller.launch.py
[4.204s] -- Up-to-date: /home/teban/bumperbot_ws/install/bumperbot_controller/share/bumperbot_controller/launch/joystick_teleop.launch.py
[4.204s] -- Installing: /home/teban/bumperbot_ws/install/bumperbot_controller/lib/bumperbot_controller/simple_controller.py
[4.205s] -- Installing: /home/teban/bumperbot_ws/install/bumperbot_controller/share/ament_index/resource_index/package_run_dependencies/bumperbot_controller
[4.205s] -- Up-to-date: /home/teban/bumperbot_ws/install/bumperbot_controller/share/ament_index/resource_index/parent_prefix_path/bumperbot_controller
[4.205s] -- Up-to-date: /home/teban/bumperbot_ws/install/bumperbot_controller/share/bumperbot_controller/environment/ament_prefix_path.sh
[4.205s] -- Up-to-date: /home/teban/bumperbot_ws/install/bumperbot_controller/share/bumperbot_controller/environment/ament_prefix_path.dsv
[4.205s] -- Up-to-date: /home/teban/bumperbot_ws/install/bumperbot_controller/share/bumperbot_controller/environment/path.sh
[4.205s] -- Up-to-date: /home/teban/bumperbot_ws/install/bumperbot_controller/share/bumperbot_controller/environment/path.dsv
[4.205s] -- Up-to-date: /home/teban/bumperbot_ws/install/bumperbot_controller/share/bumperbot_controller/local_setup.bash
[4.205s] -- Up-to-date: /home/teban/bumperbot_ws/install/bumperbot_controller/share/bumperbot_controller/local_setup.sh
[4.205s] -- Up-to-date: /home/teban/bumperbot_ws/install/bumperbot_controller/share/bumperbot_controller/local_setup.zsh
[4.205s] -- Up-to-date: /home/teban/bumperbot_ws/install/bumperbot_controller/share/bumperbot_controller/local_setup.dsv
[4.205s] -- Installing: /home/teban/bumperbot_ws/install/bumperbot_controller/share/bumperbot_controller/package.dsv
[4.205s] -- Up-to-date: /home/teban/bumperbot_ws/install/bumperbot_controller/share/ament_index/resource_index/packages/bumperbot_controller
[4.206s] -- Up-to-date: /home/teban/bumperbot_ws/install/bumperbot_controller/share/bumperbot_controller/cmake/bumperbot_controllerConfig.cmake
[4.206s] -- Up-to-date: /home/teban/bumperbot_ws/install/bumperbot_controller/share/bumperbot_controller/cmake/bumperbot_controllerConfig-version.cmake
[4.206s] -- Installing: /home/teban/bumperbot_ws/install/bumperbot_controller/share/bumperbot_controller/package.xml
[4.210s] Invoked command in '/home/teban/bumperbot_ws/build/bumperbot_controller' returned '0': CMAKE_PREFIX_PATH=${CMAKE_PREFIX_PATH}:/opt/ros/jazzy DEBUGINFOD_URLS=https://debuginfod.ubuntu.com /usr/bin/cmake --install /home/teban/bumperbot_ws/build/bumperbot_controller
