[0.030s] Invoking command in '/home/teban/bumperbot_ws/build/bumperbot_controller': CMAKE_PREFIX_PATH=${CMAKE_PREFIX_PATH}:/opt/ros/jazzy DEBUGINFOD_URLS=https://debuginfod.ubuntu.com /usr/bin/cmake --build /home/teban/bumperbot_ws/build/bumperbot_controller -- -j4 -l4
[0.112s] Built target ament_cmake_python_copy_bumperbot_controller
[0.418s] running egg_info
[0.448s] writing bumperbot_controller.egg-info/PKG-INFO
[0.448s] writing dependency_links to bumperbot_controller.egg-info/dependency_links.txt
[0.448s] writing top-level names to bumperbot_controller.egg-info/top_level.txt
[0.535s] reading manifest file 'bumperbot_controller.egg-info/SOURCES.txt'
[0.536s] writing manifest file 'bumperbot_controller.egg-info/SOURCES.txt'
[0.573s] Built target ament_cmake_python_build_bumperbot_controller_egg
[0.589s] Invoked command in '/home/teban/bumperbot_ws/build/bumperbot_controller' returned '0': CMAKE_PREFIX_PATH=${CMAKE_PREFIX_PATH}:/opt/ros/jazzy DEBUGINFOD_URLS=https://debuginfod.ubuntu.com /usr/bin/cmake --build /home/teban/bumperbot_ws/build/bumperbot_controller -- -j4 -l4
[0.590s] Invoking command in '/home/teban/bumperbot_ws/build/bumperbot_controller': CMAKE_PREFIX_PATH=${CMAKE_PREFIX_PATH}:/opt/ros/jazzy DEBUGINFOD_URLS=https://debuginfod.ubuntu.com /usr/bin/cmake --install /home/teban/bumperbot_ws/build/bumperbot_controller
[0.600s] -- Install configuration: ""
[0.600s] -- Up-to-date: /home/teban/bumperbot_ws/install/bumperbot_controller/share/bumperbot_controller/environment/pythonpath.sh
[0.601s] -- Up-to-date: /home/teban/bumperbot_ws/install/bumperbot_controller/share/bumperbot_controller/environment/pythonpath.dsv
[0.601s] -- Up-to-date: /home/teban/bumperbot_ws/install/bumperbot_controller/lib/python3.12/site-packages/bumperbot_controller-0.0.0-py3.12.egg-info
[0.601s] -- Installing: /home/teban/bumperbot_ws/install/bumperbot_controller/lib/python3.12/site-packages/bumperbot_controller-0.0.0-py3.12.egg-info/top_level.txt
[0.601s] -- Installing: /home/teban/bumperbot_ws/install/bumperbot_controller/lib/python3.12/site-packages/bumperbot_controller-0.0.0-py3.12.egg-info/SOURCES.txt
[0.601s] -- Installing: /home/teban/bumperbot_ws/install/bumperbot_controller/lib/python3.12/site-packages/bumperbot_controller-0.0.0-py3.12.egg-info/PKG-INFO
[0.601s] -- Installing: /home/teban/bumperbot_ws/install/bumperbot_controller/lib/python3.12/site-packages/bumperbot_controller-0.0.0-py3.12.egg-info/dependency_links.txt
[0.601s] -- Up-to-date: /home/teban/bumperbot_ws/install/bumperbot_controller/lib/python3.12/site-packages/bumperbot_controller
[0.601s] -- Up-to-date: /home/teban/bumperbot_ws/install/bumperbot_controller/lib/python3.12/site-packages/bumperbot_controller/simple_controller.py
[0.602s] -- Up-to-date: /home/teban/bumperbot_ws/install/bumperbot_controller/lib/python3.12/site-packages/bumperbot_controller/__init__.py
[0.644s] Listing '/home/teban/bumperbot_ws/install/bumperbot_controller/lib/python3.12/site-packages/bumperbot_controller'...
[0.649s] -- Up-to-date: /home/teban/bumperbot_ws/install/bumperbot_controller/share/bumperbot_controller/config
[0.652s] -- Installing: /home/teban/bumperbot_ws/install/bumperbot_controller/share/bumperbot_controller/config/joy_teleop.yaml
[0.652s] -- Up-to-date: /home/teban/bumperbot_ws/install/bumperbot_controller/share/bumperbot_controller/config/bumperbot_controllers.yaml
[0.652s] -- Installing: /home/teban/bumperbot_ws/install/bumperbot_controller/share/bumperbot_controller/config/joy_config.yaml
[0.652s] -- Up-to-date: /home/teban/bumperbot_ws/install/bumperbot_controller/share/bumperbot_controller/launch
[0.652s] -- Installing: /home/teban/bumperbot_ws/install/bumperbot_controller/share/bumperbot_controller/launch/controller.launch.py
[0.652s] -- Installing: /home/teban/bumperbot_ws/install/bumperbot_controller/share/bumperbot_controller/launch/joystick_teleop.launch.py
[0.652s] -- Up-to-date: /home/teban/bumperbot_ws/install/bumperbot_controller/lib/bumperbot_controller/simple_controller.py
[0.652s] -- Up-to-date: /home/teban/bumperbot_ws/install/bumperbot_controller/share/ament_index/resource_index/package_run_dependencies/bumperbot_controller
[0.652s] -- Up-to-date: /home/teban/bumperbot_ws/install/bumperbot_controller/share/ament_index/resource_index/parent_prefix_path/bumperbot_controller
[0.653s] -- Up-to-date: /home/teban/bumperbot_ws/install/bumperbot_controller/share/bumperbot_controller/environment/ament_prefix_path.sh
[0.653s] -- Up-to-date: /home/teban/bumperbot_ws/install/bumperbot_controller/share/bumperbot_controller/environment/ament_prefix_path.dsv
[0.653s] -- Up-to-date: /home/teban/bumperbot_ws/install/bumperbot_controller/share/bumperbot_controller/environment/path.sh
[0.653s] -- Up-to-date: /home/teban/bumperbot_ws/install/bumperbot_controller/share/bumperbot_controller/environment/path.dsv
[0.653s] -- Up-to-date: /home/teban/bumperbot_ws/install/bumperbot_controller/share/bumperbot_controller/local_setup.bash
[0.653s] -- Up-to-date: /home/teban/bumperbot_ws/install/bumperbot_controller/share/bumperbot_controller/local_setup.sh
[0.653s] -- Up-to-date: /home/teban/bumperbot_ws/install/bumperbot_controller/share/bumperbot_controller/local_setup.zsh
[0.653s] -- Up-to-date: /home/teban/bumperbot_ws/install/bumperbot_controller/share/bumperbot_controller/local_setup.dsv
[0.653s] -- Installing: /home/teban/bumperbot_ws/install/bumperbot_controller/share/bumperbot_controller/package.dsv
[0.653s] -- Up-to-date: /home/teban/bumperbot_ws/install/bumperbot_controller/share/ament_index/resource_index/packages/bumperbot_controller
[0.653s] -- Up-to-date: /home/teban/bumperbot_ws/install/bumperbot_controller/share/bumperbot_controller/cmake/bumperbot_controllerConfig.cmake
[0.653s] -- Up-to-date: /home/teban/bumperbot_ws/install/bumperbot_controller/share/bumperbot_controller/cmake/bumperbot_controllerConfig-version.cmake
[0.653s] -- Up-to-date: /home/teban/bumperbot_ws/install/bumperbot_controller/share/bumperbot_controller/package.xml
[0.655s] Invoked command in '/home/teban/bumperbot_ws/build/bumperbot_controller' returned '0': CMAKE_PREFIX_PATH=${CMAKE_PREFIX_PATH}:/opt/ros/jazzy DEBUGINFOD_URLS=https://debuginfod.ubuntu.com /usr/bin/cmake --install /home/teban/bumperbot_ws/build/bumperbot_controller
