[0.031s] Invoking command in '/home/teban/bumperbot_ws/build/bumperbot_controller': CMAKE_PREFIX_PATH=${CMAKE_PREFIX_PATH}:/opt/ros/jazzy DEBUGINFOD_URLS=https://debuginfod.ubuntu.com /usr/bin/cmake --build /home/teban/bumperbot_ws/build/bumperbot_controller -- -j4 -l4
[0.076s] -- Found ament_cmake: 2.5.3 (/opt/ros/jazzy/share/ament_cmake/cmake)
[0.341s] -- Found ament_lint_auto: 0.17.1 (/opt/ros/jazzy/share/ament_lint_auto/cmake)
[0.469s] -- Added test 'lint_cmake' to check CMake code style
[0.471s] -- Added test 'xmllint' to check XML markup files
[0.472s] -- Configuring done (0.4s)
[0.476s] -- Generating done (0.0s)
[0.478s] -- Build files have been written to: /home/teban/bumperbot_ws/build/bumperbot_controller
[0.511s] Invoked command in '/home/teban/bumperbot_ws/build/bumperbot_controller' returned '0': CMAKE_PREFIX_PATH=${CMAKE_PREFIX_PATH}:/opt/ros/jazzy DEBUGINFOD_URLS=https://debuginfod.ubuntu.com /usr/bin/cmake --build /home/teban/bumperbot_ws/build/bumperbot_controller -- -j4 -l4
[0.512s] Invoking command in '/home/teban/bumperbot_ws/build/bumperbot_controller': CMAKE_PREFIX_PATH=${CMAKE_PREFIX_PATH}:/opt/ros/jazzy DEBUGINFOD_URLS=https://debuginfod.ubuntu.com /usr/bin/cmake --install /home/teban/bumperbot_ws/build/bumperbot_controller
[0.522s] -- Install configuration: ""
[0.522s] -- Installing: /home/teban/bumperbot_ws/install/bumperbot_controller/share/bumperbot_controller/config
[0.523s] -- Installing: /home/teban/bumperbot_ws/install/bumperbot_controller/share/bumperbot_controller/config/bumperbot_controllers.yaml
[0.523s] -- Up-to-date: /home/teban/bumperbot_ws/install/bumperbot_controller/share/ament_index/resource_index/package_run_dependencies/bumperbot_controller
[0.523s] -- Up-to-date: /home/teban/bumperbot_ws/install/bumperbot_controller/share/ament_index/resource_index/parent_prefix_path/bumperbot_controller
[0.523s] -- Up-to-date: /home/teban/bumperbot_ws/install/bumperbot_controller/share/bumperbot_controller/environment/ament_prefix_path.sh
[0.523s] -- Up-to-date: /home/teban/bumperbot_ws/install/bumperbot_controller/share/bumperbot_controller/environment/ament_prefix_path.dsv
[0.524s] -- Up-to-date: /home/teban/bumperbot_ws/install/bumperbot_controller/share/bumperbot_controller/environment/path.sh
[0.525s] -- Up-to-date: /home/teban/bumperbot_ws/install/bumperbot_controller/share/bumperbot_controller/environment/path.dsv
[0.526s] -- Up-to-date: /home/teban/bumperbot_ws/install/bumperbot_controller/share/bumperbot_controller/local_setup.bash
[0.526s] -- Up-to-date: /home/teban/bumperbot_ws/install/bumperbot_controller/share/bumperbot_controller/local_setup.sh
[0.526s] -- Up-to-date: /home/teban/bumperbot_ws/install/bumperbot_controller/share/bumperbot_controller/local_setup.zsh
[0.526s] -- Up-to-date: /home/teban/bumperbot_ws/install/bumperbot_controller/share/bumperbot_controller/local_setup.dsv
[0.526s] -- Up-to-date: /home/teban/bumperbot_ws/install/bumperbot_controller/share/bumperbot_controller/package.dsv
[0.526s] -- Up-to-date: /home/teban/bumperbot_ws/install/bumperbot_controller/share/ament_index/resource_index/packages/bumperbot_controller
[0.526s] -- Up-to-date: /home/teban/bumperbot_ws/install/bumperbot_controller/share/bumperbot_controller/cmake/bumperbot_controllerConfig.cmake
[0.527s] -- Up-to-date: /home/teban/bumperbot_ws/install/bumperbot_controller/share/bumperbot_controller/cmake/bumperbot_controllerConfig-version.cmake
[0.527s] -- Up-to-date: /home/teban/bumperbot_ws/install/bumperbot_controller/share/bumperbot_controller/package.xml
[0.527s] Invoked command in '/home/teban/bumperbot_ws/build/bumperbot_controller' returned '0': CMAKE_PREFIX_PATH=${CMAKE_PREFIX_PATH}:/opt/ros/jazzy DEBUGINFOD_URLS=https://debuginfod.ubuntu.com /usr/bin/cmake --install /home/teban/bumperbot_ws/build/bumperbot_controller
