[0.042s] Invoking command in '/home/teban/bumperbot_ws/build/bumperbot_controller': CMAKE_PREFIX_PATH=${CMAKE_PREFIX_PATH}:/opt/ros/jazzy DEBUGINFOD_URLS=https://debuginfod.ubuntu.com /usr/bin/cmake --build /home/teban/bumperbot_ws/build/bumperbot_controller -- -j4 -l4
[0.084s] -- Found ament_cmake: 2.5.3 (/opt/ros/jazzy/share/ament_cmake/cmake)
[0.361s] -- Found ament_lint_auto: 0.17.1 (/opt/ros/jazzy/share/ament_lint_auto/cmake)
[0.513s] -- Added test 'flake8' to check Python code syntax and style conventions
[0.514s] -- Configured 'flake8' exclude dirs and/or files: 
[0.515s] -- Added test 'lint_cmake' to check CMake code style
[0.516s] -- Added test 'pep257' to check Python code against some of the docstring style conventions in PEP 257
[0.519s] -- Added test 'xmllint' to check XML markup files
[0.521s] -- Configuring done (0.4s)
[0.524s] -- Generating done (0.0s)
[0.531s] -- Build files have been written to: /home/teban/bumperbot_ws/build/bumperbot_controller
[0.564s] Invoked command in '/home/teban/bumperbot_ws/build/bumperbot_controller' returned '0': CMAKE_PREFIX_PATH=${CMAKE_PREFIX_PATH}:/opt/ros/jazzy DEBUGINFOD_URLS=https://debuginfod.ubuntu.com /usr/bin/cmake --build /home/teban/bumperbot_ws/build/bumperbot_controller -- -j4 -l4
[0.565s] Invoking command in '/home/teban/bumperbot_ws/build/bumperbot_controller': CMAKE_PREFIX_PATH=${CMAKE_PREFIX_PATH}:/opt/ros/jazzy DEBUGINFOD_URLS=https://debuginfod.ubuntu.com /usr/bin/cmake --install /home/teban/bumperbot_ws/build/bumperbot_controller
[0.576s] -- Install configuration: ""
[0.576s] -- Up-to-date: /home/teban/bumperbot_ws/install/bumperbot_controller/share/bumperbot_controller/config
[0.577s] -- Up-to-date: /home/teban/bumperbot_ws/install/bumperbot_controller/share/bumperbot_controller/config/bumperbot_controllers.yaml
[0.577s] -- Installing: /home/teban/bumperbot_ws/install/bumperbot_controller/share/bumperbot_controller/launch
[0.577s] -- Installing: /home/teban/bumperbot_ws/install/bumperbot_controller/share/bumperbot_controller/launch/controller.launch.py
[0.577s] -- Up-to-date: /home/teban/bumperbot_ws/install/bumperbot_controller/share/ament_index/resource_index/package_run_dependencies/bumperbot_controller
[0.577s] -- Up-to-date: /home/teban/bumperbot_ws/install/bumperbot_controller/share/ament_index/resource_index/parent_prefix_path/bumperbot_controller
[0.577s] -- Up-to-date: /home/teban/bumperbot_ws/install/bumperbot_controller/share/bumperbot_controller/environment/ament_prefix_path.sh
[0.577s] -- Up-to-date: /home/teban/bumperbot_ws/install/bumperbot_controller/share/bumperbot_controller/environment/ament_prefix_path.dsv
[0.577s] -- Up-to-date: /home/teban/bumperbot_ws/install/bumperbot_controller/share/bumperbot_controller/environment/path.sh
[0.578s] -- Up-to-date: /home/teban/bumperbot_ws/install/bumperbot_controller/share/bumperbot_controller/environment/path.dsv
[0.578s] -- Up-to-date: /home/teban/bumperbot_ws/install/bumperbot_controller/share/bumperbot_controller/local_setup.bash
[0.578s] -- Up-to-date: /home/teban/bumperbot_ws/install/bumperbot_controller/share/bumperbot_controller/local_setup.sh
[0.578s] -- Up-to-date: /home/teban/bumperbot_ws/install/bumperbot_controller/share/bumperbot_controller/local_setup.zsh
[0.579s] -- Up-to-date: /home/teban/bumperbot_ws/install/bumperbot_controller/share/bumperbot_controller/local_setup.dsv
[0.579s] -- Installing: /home/teban/bumperbot_ws/install/bumperbot_controller/share/bumperbot_controller/package.dsv
[0.579s] -- Up-to-date: /home/teban/bumperbot_ws/install/bumperbot_controller/share/ament_index/resource_index/packages/bumperbot_controller
[0.580s] -- Up-to-date: /home/teban/bumperbot_ws/install/bumperbot_controller/share/bumperbot_controller/cmake/bumperbot_controllerConfig.cmake
[0.580s] -- Up-to-date: /home/teban/bumperbot_ws/install/bumperbot_controller/share/bumperbot_controller/cmake/bumperbot_controllerConfig-version.cmake
[0.580s] -- Up-to-date: /home/teban/bumperbot_ws/install/bumperbot_controller/share/bumperbot_controller/package.xml
[0.584s] Invoked command in '/home/teban/bumperbot_ws/build/bumperbot_controller' returned '0': CMAKE_PREFIX_PATH=${CMAKE_PREFIX_PATH}:/opt/ros/jazzy DEBUGINFOD_URLS=https://debuginfod.ubuntu.com /usr/bin/cmake --install /home/teban/bumperbot_ws/build/bumperbot_controller
