[0.700s] DEBUG:colcon:Command line arguments: ['/usr/bin/colcon', 'build']
[0.700s] DEBUG:colcon:Parsed command line arguments: Namespace(log_base=None, log_level=None, verb_name='build', build_base='build', install_base='install', merge_install=False, symlink_install=False, test_result_base=None, continue_on_error=False, executor='parallel', parallel_workers=4, event_handlers=None, ignore_user_meta=False, metas=['./colcon.meta'], base_paths=['.'], packages_ignore=None, packages_ignore_regex=None, paths=None, packages_up_to=None, packages_up_to_regex=None, packages_above=None, packages_above_and_dependencies=None, packages_above_depth=None, packages_select_by_dep=None, packages_skip_by_dep=None, packages_skip_up_to=None, packages_select_build_failed=False, packages_skip_build_finished=False, packages_select_test_failures=False, packages_skip_test_passed=False, packages_select=None, packages_skip=None, packages_select_regex=None, packages_skip_regex=None, packages_start=None, packages_end=None, allow_overriding=[], cmake_args=None, cmake_target=None, cmake_target_skip_unavailable=False, cmake_clean_cache=False, cmake_clean_first=False, cmake_force_configure=False, ament_cmake_args=None, catkin_cmake_args=None, catkin_skip_building_tests=False, mixin_files=None, mixin=None, verb_parser=<colcon_mixin.mixin.mixin_argument.MixinArgumentDecorator object at 0x7c7f9cba08f0>, verb_extension=<colcon_core.verb.build.BuildVerb object at 0x7c7f9cba05f0>, main=<bound method BuildVerb.main of <colcon_core.verb.build.BuildVerb object at 0x7c7f9cba05f0>>, mixin_verb=('build',))
[0.787s] Level 1:colcon.colcon_core.package_discovery:discover_packages(colcon_meta) check parameters
[0.787s] Level 1:colcon.colcon_core.package_discovery:discover_packages(recursive) check parameters
[0.787s] Level 1:colcon.colcon_core.package_discovery:discover_packages(ignore) check parameters
[0.787s] Level 1:colcon.colcon_core.package_discovery:discover_packages(path) check parameters
[0.787s] Level 1:colcon.colcon_core.package_discovery:discover_packages(colcon_meta) discover
[0.788s] Level 1:colcon.colcon_core.package_discovery:discover_packages(recursive) discover
[0.788s] INFO:colcon.colcon_core.package_discovery:Crawling recursively for packages in '/home/teban/bumperbot_ws'
[0.788s] Level 1:colcon.colcon_core.package_identification:_identify(.) by extensions ['ignore', 'ignore_ament_install']
[0.788s] Level 1:colcon.colcon_core.package_identification:_identify(.) by extension 'ignore'
[0.788s] Level 1:colcon.colcon_core.package_identification:_identify(.) by extension 'ignore_ament_install'
[0.788s] Level 1:colcon.colcon_core.package_identification:_identify(.) by extensions ['colcon_pkg']
[0.788s] Level 1:colcon.colcon_core.package_identification:_identify(.) by extension 'colcon_pkg'
[0.788s] Level 1:colcon.colcon_core.package_identification:_identify(.) by extensions ['colcon_meta']
[0.788s] Level 1:colcon.colcon_core.package_identification:_identify(.) by extension 'colcon_meta'
[0.788s] Level 1:colcon.colcon_core.package_identification:_identify(.) by extensions ['ros']
[0.788s] Level 1:colcon.colcon_core.package_identification:_identify(.) by extension 'ros'
[0.832s] Level 1:colcon.colcon_core.package_identification:_identify(.) by extensions ['cmake', 'python']
[0.832s] Level 1:colcon.colcon_core.package_identification:_identify(.) by extension 'cmake'
[0.832s] Level 1:colcon.colcon_core.package_identification:_identify(.) by extension 'python'
[0.832s] Level 1:colcon.colcon_core.package_identification:_identify(.) by extensions ['python_setup_py']
[0.832s] Level 1:colcon.colcon_core.package_identification:_identify(.) by extension 'python_setup_py'
[0.832s] Level 1:colcon.colcon_core.package_identification:_identify(build) by extensions ['ignore', 'ignore_ament_install']
[0.833s] Level 1:colcon.colcon_core.package_identification:_identify(build) by extension 'ignore'
[0.833s] Level 1:colcon.colcon_core.package_identification:_identify(build) ignored
[0.833s] Level 1:colcon.colcon_core.package_identification:_identify(install) by extensions ['ignore', 'ignore_ament_install']
[0.833s] Level 1:colcon.colcon_core.package_identification:_identify(install) by extension 'ignore'
[0.833s] Level 1:colcon.colcon_core.package_identification:_identify(install) ignored
[0.833s] Level 1:colcon.colcon_core.package_identification:_identify(log) by extensions ['ignore', 'ignore_ament_install']
[0.833s] Level 1:colcon.colcon_core.package_identification:_identify(log) by extension 'ignore'
[0.833s] Level 1:colcon.colcon_core.package_identification:_identify(log) ignored
[0.834s] Level 1:colcon.colcon_core.package_identification:_identify(src) by extensions ['ignore', 'ignore_ament_install']
[0.834s] Level 1:colcon.colcon_core.package_identification:_identify(src) by extension 'ignore'
[0.834s] Level 1:colcon.colcon_core.package_identification:_identify(src) by extension 'ignore_ament_install'
[0.834s] Level 1:colcon.colcon_core.package_identification:_identify(src) by extensions ['colcon_pkg']
[0.834s] Level 1:colcon.colcon_core.package_identification:_identify(src) by extension 'colcon_pkg'
[0.834s] Level 1:colcon.colcon_core.package_identification:_identify(src) by extensions ['colcon_meta']
[0.834s] Level 1:colcon.colcon_core.package_identification:_identify(src) by extension 'colcon_meta'
[0.834s] Level 1:colcon.colcon_core.package_identification:_identify(src) by extensions ['ros']
[0.834s] Level 1:colcon.colcon_core.package_identification:_identify(src) by extension 'ros'
[0.834s] Level 1:colcon.colcon_core.package_identification:_identify(src) by extensions ['cmake', 'python']
[0.834s] Level 1:colcon.colcon_core.package_identification:_identify(src) by extension 'cmake'
[0.834s] Level 1:colcon.colcon_core.package_identification:_identify(src) by extension 'python'
[0.834s] Level 1:colcon.colcon_core.package_identification:_identify(src) by extensions ['python_setup_py']
[0.834s] Level 1:colcon.colcon_core.package_identification:_identify(src) by extension 'python_setup_py'
[0.834s] Level 1:colcon.colcon_core.package_identification:_identify(src/bumperbot_controller) by extensions ['ignore', 'ignore_ament_install']
[0.835s] Level 1:colcon.colcon_core.package_identification:_identify(src/bumperbot_controller) by extension 'ignore'
[0.835s] Level 1:colcon.colcon_core.package_identification:_identify(src/bumperbot_controller) by extension 'ignore_ament_install'
[0.835s] Level 1:colcon.colcon_core.package_identification:_identify(src/bumperbot_controller) by extensions ['colcon_pkg']
[0.835s] Level 1:colcon.colcon_core.package_identification:_identify(src/bumperbot_controller) by extension 'colcon_pkg'
[0.835s] Level 1:colcon.colcon_core.package_identification:_identify(src/bumperbot_controller) by extensions ['colcon_meta']
[0.835s] Level 1:colcon.colcon_core.package_identification:_identify(src/bumperbot_controller) by extension 'colcon_meta'
[0.835s] Level 1:colcon.colcon_core.package_identification:_identify(src/bumperbot_controller) by extensions ['ros']
[0.835s] Level 1:colcon.colcon_core.package_identification:_identify(src/bumperbot_controller) by extension 'ros'
[0.838s] DEBUG:colcon.colcon_core.package_identification:Package 'src/bumperbot_controller' with type 'ros.ament_cmake' and name 'bumperbot_controller'
[0.838s] Level 1:colcon.colcon_core.package_identification:_identify(src/bumperbot_cpp_examples) by extensions ['ignore', 'ignore_ament_install']
[0.838s] Level 1:colcon.colcon_core.package_identification:_identify(src/bumperbot_cpp_examples) by extension 'ignore'
[0.838s] Level 1:colcon.colcon_core.package_identification:_identify(src/bumperbot_cpp_examples) by extension 'ignore_ament_install'
[0.838s] Level 1:colcon.colcon_core.package_identification:_identify(src/bumperbot_cpp_examples) by extensions ['colcon_pkg']
[0.838s] Level 1:colcon.colcon_core.package_identification:_identify(src/bumperbot_cpp_examples) by extension 'colcon_pkg'
[0.838s] Level 1:colcon.colcon_core.package_identification:_identify(src/bumperbot_cpp_examples) by extensions ['colcon_meta']
[0.838s] Level 1:colcon.colcon_core.package_identification:_identify(src/bumperbot_cpp_examples) by extension 'colcon_meta'
[0.839s] Level 1:colcon.colcon_core.package_identification:_identify(src/bumperbot_cpp_examples) by extensions ['ros']
[0.839s] Level 1:colcon.colcon_core.package_identification:_identify(src/bumperbot_cpp_examples) by extension 'ros'
[0.839s] DEBUG:colcon.colcon_core.package_identification:Package 'src/bumperbot_cpp_examples' with type 'ros.ament_cmake' and name 'bumperbot_cpp_examples'
[0.839s] Level 1:colcon.colcon_core.package_identification:_identify(src/bumperbot_description) by extensions ['ignore', 'ignore_ament_install']
[0.839s] Level 1:colcon.colcon_core.package_identification:_identify(src/bumperbot_description) by extension 'ignore'
[0.839s] Level 1:colcon.colcon_core.package_identification:_identify(src/bumperbot_description) by extension 'ignore_ament_install'
[0.840s] Level 1:colcon.colcon_core.package_identification:_identify(src/bumperbot_description) by extensions ['colcon_pkg']
[0.840s] Level 1:colcon.colcon_core.package_identification:_identify(src/bumperbot_description) by extension 'colcon_pkg'
[0.840s] Level 1:colcon.colcon_core.package_identification:_identify(src/bumperbot_description) by extensions ['colcon_meta']
[0.840s] Level 1:colcon.colcon_core.package_identification:_identify(src/bumperbot_description) by extension 'colcon_meta'
[0.840s] Level 1:colcon.colcon_core.package_identification:_identify(src/bumperbot_description) by extensions ['ros']
[0.840s] Level 1:colcon.colcon_core.package_identification:_identify(src/bumperbot_description) by extension 'ros'
[0.843s] DEBUG:colcon.colcon_core.package_identification:Package 'src/bumperbot_description' with type 'ros.ament_cmake' and name 'bumperbot_description'
[0.843s] Level 1:colcon.colcon_core.package_identification:_identify(src/bumperbot_msgs) by extensions ['ignore', 'ignore_ament_install']
[0.843s] Level 1:colcon.colcon_core.package_identification:_identify(src/bumperbot_msgs) by extension 'ignore'
[0.843s] Level 1:colcon.colcon_core.package_identification:_identify(src/bumperbot_msgs) by extension 'ignore_ament_install'
[0.844s] Level 1:colcon.colcon_core.package_identification:_identify(src/bumperbot_msgs) by extensions ['colcon_pkg']
[0.844s] Level 1:colcon.colcon_core.package_identification:_identify(src/bumperbot_msgs) by extension 'colcon_pkg'
[0.844s] Level 1:colcon.colcon_core.package_identification:_identify(src/bumperbot_msgs) by extensions ['colcon_meta']
[0.844s] Level 1:colcon.colcon_core.package_identification:_identify(src/bumperbot_msgs) by extension 'colcon_meta'
[0.844s] Level 1:colcon.colcon_core.package_identification:_identify(src/bumperbot_msgs) by extensions ['ros']
[0.844s] Level 1:colcon.colcon_core.package_identification:_identify(src/bumperbot_msgs) by extension 'ros'
[0.844s] DEBUG:colcon.colcon_core.package_identification:Package 'src/bumperbot_msgs' with type 'ros.ament_cmake' and name 'bumperbot_msgs'
[0.844s] Level 1:colcon.colcon_core.package_identification:_identify(src/bumperbot_py_examples) by extensions ['ignore', 'ignore_ament_install']
[0.845s] Level 1:colcon.colcon_core.package_identification:_identify(src/bumperbot_py_examples) by extension 'ignore'
[0.845s] Level 1:colcon.colcon_core.package_identification:_identify(src/bumperbot_py_examples) by extension 'ignore_ament_install'
[0.845s] Level 1:colcon.colcon_core.package_identification:_identify(src/bumperbot_py_examples) by extensions ['colcon_pkg']
[0.845s] Level 1:colcon.colcon_core.package_identification:_identify(src/bumperbot_py_examples) by extension 'colcon_pkg'
[0.845s] Level 1:colcon.colcon_core.package_identification:_identify(src/bumperbot_py_examples) by extensions ['colcon_meta']
[0.845s] Level 1:colcon.colcon_core.package_identification:_identify(src/bumperbot_py_examples) by extension 'colcon_meta'
[0.845s] Level 1:colcon.colcon_core.package_identification:_identify(src/bumperbot_py_examples) by extensions ['ros']
[0.845s] Level 1:colcon.colcon_core.package_identification:_identify(src/bumperbot_py_examples) by extension 'ros'
[0.846s] DEBUG:colcon.colcon_core.package_identification:Package 'src/bumperbot_py_examples' with type 'ros.ament_python' and name 'bumperbot_py_examples'
[0.846s] Level 1:colcon.colcon_core.package_discovery:discover_packages(recursive) using defaults
[0.846s] Level 1:colcon.colcon_core.package_discovery:discover_packages(ignore) discover
[0.846s] Level 1:colcon.colcon_core.package_discovery:discover_packages(ignore) using defaults
[0.846s] Level 1:colcon.colcon_core.package_discovery:discover_packages(path) discover
[0.846s] Level 1:colcon.colcon_core.package_discovery:discover_packages(path) using defaults
[0.871s] Level 1:colcon.colcon_core.package_discovery:discover_packages(prefix_path) check parameters
[0.871s] Level 1:colcon.colcon_core.package_discovery:discover_packages(prefix_path) discover
[0.875s] DEBUG:colcon.colcon_installed_package_information.package_discovery:Found 384 installed packages in /opt/ros/jazzy
[0.877s] Level 1:colcon.colcon_core.package_discovery:discover_packages(prefix_path) using defaults
[0.951s] Level 5:colcon.colcon_core.verb:set package 'bumperbot_controller' build argument 'cmake_args' from command line to 'None'
[0.952s] Level 5:colcon.colcon_core.verb:set package 'bumperbot_controller' build argument 'cmake_target' from command line to 'None'
[0.952s] Level 5:colcon.colcon_core.verb:set package 'bumperbot_controller' build argument 'cmake_target_skip_unavailable' from command line to 'False'
[0.952s] Level 5:colcon.colcon_core.verb:set package 'bumperbot_controller' build argument 'cmake_clean_cache' from command line to 'False'
[0.952s] Level 5:colcon.colcon_core.verb:set package 'bumperbot_controller' build argument 'cmake_clean_first' from command line to 'False'
[0.952s] Level 5:colcon.colcon_core.verb:set package 'bumperbot_controller' build argument 'cmake_force_configure' from command line to 'False'
[0.952s] Level 5:colcon.colcon_core.verb:set package 'bumperbot_controller' build argument 'ament_cmake_args' from command line to 'None'
[0.952s] Level 5:colcon.colcon_core.verb:set package 'bumperbot_controller' build argument 'catkin_cmake_args' from command line to 'None'
[0.952s] Level 5:colcon.colcon_core.verb:set package 'bumperbot_controller' build argument 'catkin_skip_building_tests' from command line to 'False'
[0.952s] DEBUG:colcon.colcon_core.verb:Building package 'bumperbot_controller' with the following arguments: {'ament_cmake_args': None, 'build_base': '/home/teban/bumperbot_ws/build/bumperbot_controller', 'catkin_cmake_args': None, 'catkin_skip_building_tests': False, 'cmake_args': None, 'cmake_clean_cache': False, 'cmake_clean_first': False, 'cmake_force_configure': False, 'cmake_target': None, 'cmake_target_skip_unavailable': False, 'install_base': '/home/teban/bumperbot_ws/install/bumperbot_controller', 'merge_install': False, 'path': '/home/teban/bumperbot_ws/src/bumperbot_controller', 'symlink_install': False, 'test_result_base': None}
[0.952s] Level 5:colcon.colcon_core.verb:set package 'bumperbot_cpp_examples' build argument 'cmake_args' from command line to 'None'
[0.952s] Level 5:colcon.colcon_core.verb:set package 'bumperbot_cpp_examples' build argument 'cmake_target' from command line to 'None'
[0.952s] Level 5:colcon.colcon_core.verb:set package 'bumperbot_cpp_examples' build argument 'cmake_target_skip_unavailable' from command line to 'False'
[0.952s] Level 5:colcon.colcon_core.verb:set package 'bumperbot_cpp_examples' build argument 'cmake_clean_cache' from command line to 'False'
[0.952s] Level 5:colcon.colcon_core.verb:set package 'bumperbot_cpp_examples' build argument 'cmake_clean_first' from command line to 'False'
[0.952s] Level 5:colcon.colcon_core.verb:set package 'bumperbot_cpp_examples' build argument 'cmake_force_configure' from command line to 'False'
[0.952s] Level 5:colcon.colcon_core.verb:set package 'bumperbot_cpp_examples' build argument 'ament_cmake_args' from command line to 'None'
[0.952s] Level 5:colcon.colcon_core.verb:set package 'bumperbot_cpp_examples' build argument 'catkin_cmake_args' from command line to 'None'
[0.952s] Level 5:colcon.colcon_core.verb:set package 'bumperbot_cpp_examples' build argument 'catkin_skip_building_tests' from command line to 'False'
[0.952s] DEBUG:colcon.colcon_core.verb:Building package 'bumperbot_cpp_examples' with the following arguments: {'ament_cmake_args': None, 'build_base': '/home/teban/bumperbot_ws/build/bumperbot_cpp_examples', 'catkin_cmake_args': None, 'catkin_skip_building_tests': False, 'cmake_args': None, 'cmake_clean_cache': False, 'cmake_clean_first': False, 'cmake_force_configure': False, 'cmake_target': None, 'cmake_target_skip_unavailable': False, 'install_base': '/home/teban/bumperbot_ws/install/bumperbot_cpp_examples', 'merge_install': False, 'path': '/home/teban/bumperbot_ws/src/bumperbot_cpp_examples', 'symlink_install': False, 'test_result_base': None}
[0.953s] Level 5:colcon.colcon_core.verb:set package 'bumperbot_description' build argument 'cmake_args' from command line to 'None'
[0.953s] Level 5:colcon.colcon_core.verb:set package 'bumperbot_description' build argument 'cmake_target' from command line to 'None'
[0.953s] Level 5:colcon.colcon_core.verb:set package 'bumperbot_description' build argument 'cmake_target_skip_unavailable' from command line to 'False'
[0.953s] Level 5:colcon.colcon_core.verb:set package 'bumperbot_description' build argument 'cmake_clean_cache' from command line to 'False'
[0.953s] Level 5:colcon.colcon_core.verb:set package 'bumperbot_description' build argument 'cmake_clean_first' from command line to 'False'
[0.953s] Level 5:colcon.colcon_core.verb:set package 'bumperbot_description' build argument 'cmake_force_configure' from command line to 'False'
[0.953s] Level 5:colcon.colcon_core.verb:set package 'bumperbot_description' build argument 'ament_cmake_args' from command line to 'None'
[0.953s] Level 5:colcon.colcon_core.verb:set package 'bumperbot_description' build argument 'catkin_cmake_args' from command line to 'None'
[0.953s] Level 5:colcon.colcon_core.verb:set package 'bumperbot_description' build argument 'catkin_skip_building_tests' from command line to 'False'
[0.953s] DEBUG:colcon.colcon_core.verb:Building package 'bumperbot_description' with the following arguments: {'ament_cmake_args': None, 'build_base': '/home/teban/bumperbot_ws/build/bumperbot_description', 'catkin_cmake_args': None, 'catkin_skip_building_tests': False, 'cmake_args': None, 'cmake_clean_cache': False, 'cmake_clean_first': False, 'cmake_force_configure': False, 'cmake_target': None, 'cmake_target_skip_unavailable': False, 'install_base': '/home/teban/bumperbot_ws/install/bumperbot_description', 'merge_install': False, 'path': '/home/teban/bumperbot_ws/src/bumperbot_description', 'symlink_install': False, 'test_result_base': None}
[0.953s] Level 5:colcon.colcon_core.verb:set package 'bumperbot_msgs' build argument 'cmake_args' from command line to 'None'
[0.953s] Level 5:colcon.colcon_core.verb:set package 'bumperbot_msgs' build argument 'cmake_target' from command line to 'None'
[0.953s] Level 5:colcon.colcon_core.verb:set package 'bumperbot_msgs' build argument 'cmake_target_skip_unavailable' from command line to 'False'
[0.953s] Level 5:colcon.colcon_core.verb:set package 'bumperbot_msgs' build argument 'cmake_clean_cache' from command line to 'False'
[0.953s] Level 5:colcon.colcon_core.verb:set package 'bumperbot_msgs' build argument 'cmake_clean_first' from command line to 'False'
[0.953s] Level 5:colcon.colcon_core.verb:set package 'bumperbot_msgs' build argument 'cmake_force_configure' from command line to 'False'
[0.954s] Level 5:colcon.colcon_core.verb:set package 'bumperbot_msgs' build argument 'ament_cmake_args' from command line to 'None'
[0.954s] Level 5:colcon.colcon_core.verb:set package 'bumperbot_msgs' build argument 'catkin_cmake_args' from command line to 'None'
[0.954s] Level 5:colcon.colcon_core.verb:set package 'bumperbot_msgs' build argument 'catkin_skip_building_tests' from command line to 'False'
[0.954s] DEBUG:colcon.colcon_core.verb:Building package 'bumperbot_msgs' with the following arguments: {'ament_cmake_args': None, 'build_base': '/home/teban/bumperbot_ws/build/bumperbot_msgs', 'catkin_cmake_args': None, 'catkin_skip_building_tests': False, 'cmake_args': None, 'cmake_clean_cache': False, 'cmake_clean_first': False, 'cmake_force_configure': False, 'cmake_target': None, 'cmake_target_skip_unavailable': False, 'install_base': '/home/teban/bumperbot_ws/install/bumperbot_msgs', 'merge_install': False, 'path': '/home/teban/bumperbot_ws/src/bumperbot_msgs', 'symlink_install': False, 'test_result_base': None}
[0.954s] Level 5:colcon.colcon_core.verb:set package 'bumperbot_py_examples' build argument 'cmake_args' from command line to 'None'
[0.954s] Level 5:colcon.colcon_core.verb:set package 'bumperbot_py_examples' build argument 'cmake_target' from command line to 'None'
[0.954s] Level 5:colcon.colcon_core.verb:set package 'bumperbot_py_examples' build argument 'cmake_target_skip_unavailable' from command line to 'False'
[0.954s] Level 5:colcon.colcon_core.verb:set package 'bumperbot_py_examples' build argument 'cmake_clean_cache' from command line to 'False'
[0.954s] Level 5:colcon.colcon_core.verb:set package 'bumperbot_py_examples' build argument 'cmake_clean_first' from command line to 'False'
[0.954s] Level 5:colcon.colcon_core.verb:set package 'bumperbot_py_examples' build argument 'cmake_force_configure' from command line to 'False'
[0.954s] Level 5:colcon.colcon_core.verb:set package 'bumperbot_py_examples' build argument 'ament_cmake_args' from command line to 'None'
[0.954s] Level 5:colcon.colcon_core.verb:set package 'bumperbot_py_examples' build argument 'catkin_cmake_args' from command line to 'None'
[0.954s] Level 5:colcon.colcon_core.verb:set package 'bumperbot_py_examples' build argument 'catkin_skip_building_tests' from command line to 'False'
[0.954s] DEBUG:colcon.colcon_core.verb:Building package 'bumperbot_py_examples' with the following arguments: {'ament_cmake_args': None, 'build_base': '/home/teban/bumperbot_ws/build/bumperbot_py_examples', 'catkin_cmake_args': None, 'catkin_skip_building_tests': False, 'cmake_args': None, 'cmake_clean_cache': False, 'cmake_clean_first': False, 'cmake_force_configure': False, 'cmake_target': None, 'cmake_target_skip_unavailable': False, 'install_base': '/home/teban/bumperbot_ws/install/bumperbot_py_examples', 'merge_install': False, 'path': '/home/teban/bumperbot_ws/src/bumperbot_py_examples', 'symlink_install': False, 'test_result_base': None}
[0.954s] INFO:colcon.colcon_core.executor:Executing jobs using 'parallel' executor
[0.956s] DEBUG:colcon.colcon_parallel_executor.executor.parallel:run_until_complete
[0.956s] INFO:colcon.colcon_ros.task.ament_cmake.build:Building ROS package in '/home/teban/bumperbot_ws/src/bumperbot_msgs' with build type 'ament_cmake'
[0.956s] INFO:colcon.colcon_cmake.task.cmake.build:Building CMake package in '/home/teban/bumperbot_ws/src/bumperbot_msgs'
[0.961s] INFO:colcon.colcon_core.plugin_system:Skipping extension 'colcon_core.shell.bat': Not used on non-Windows systems
[0.961s] INFO:colcon.colcon_core.shell:Skip shell extension 'powershell' for command environment: Not usable outside of PowerShell
[0.961s] DEBUG:colcon.colcon_core.shell:Skip shell extension 'dsv' for command environment
[0.974s] INFO:colcon.colcon_ros.task.ament_cmake.build:Building ROS package in '/home/teban/bumperbot_ws/src/bumperbot_controller' with build type 'ament_cmake'
[0.974s] INFO:colcon.colcon_cmake.task.cmake.build:Building CMake package in '/home/teban/bumperbot_ws/src/bumperbot_controller'
[0.975s] INFO:colcon.colcon_core.shell:Skip shell extension 'powershell' for command environment: Not usable outside of PowerShell
[0.975s] DEBUG:colcon.colcon_core.shell:Skip shell extension 'dsv' for command environment
[0.979s] INFO:colcon.colcon_ros.task.ament_cmake.build:Building ROS package in '/home/teban/bumperbot_ws/src/bumperbot_cpp_examples' with build type 'ament_cmake'
[0.979s] INFO:colcon.colcon_cmake.task.cmake.build:Building CMake package in '/home/teban/bumperbot_ws/src/bumperbot_cpp_examples'
[0.979s] INFO:colcon.colcon_core.shell:Skip shell extension 'powershell' for command environment: Not usable outside of PowerShell
[0.979s] DEBUG:colcon.colcon_core.shell:Skip shell extension 'dsv' for command environment
[0.985s] INFO:colcon.colcon_ros.task.ament_cmake.build:Building ROS package in '/home/teban/bumperbot_ws/src/bumperbot_description' with build type 'ament_cmake'
[0.985s] INFO:colcon.colcon_cmake.task.cmake.build:Building CMake package in '/home/teban/bumperbot_ws/src/bumperbot_description'
[0.985s] INFO:colcon.colcon_core.shell:Skip shell extension 'powershell' for command environment: Not usable outside of PowerShell
[0.986s] DEBUG:colcon.colcon_core.shell:Skip shell extension 'dsv' for command environment
[1.019s] DEBUG:colcon.colcon_core.event_handler.log_command:Invoking command in '/home/teban/bumperbot_ws/build/bumperbot_msgs': CMAKE_PREFIX_PATH=${CMAKE_PREFIX_PATH}:/opt/ros/jazzy DEBUGINFOD_URLS=https://debuginfod.ubuntu.com /usr/bin/cmake --build /home/teban/bumperbot_ws/build/bumperbot_msgs -- -j4 -l4
[1.068s] DEBUG:colcon.colcon_core.event_handler.log_command:Invoking command in '/home/teban/bumperbot_ws/build/bumperbot_controller': CMAKE_PREFIX_PATH=${CMAKE_PREFIX_PATH}:/opt/ros/jazzy DEBUGINFOD_URLS=https://debuginfod.ubuntu.com /usr/bin/cmake --build /home/teban/bumperbot_ws/build/bumperbot_controller -- -j4 -l4
[1.093s] DEBUG:colcon.colcon_core.event_handler.log_command:Invoking command in '/home/teban/bumperbot_ws/build/bumperbot_cpp_examples': CMAKE_PREFIX_PATH=${CMAKE_PREFIX_PATH}:/opt/ros/jazzy DEBUGINFOD_URLS=https://debuginfod.ubuntu.com /usr/bin/cmake --build /home/teban/bumperbot_ws/build/bumperbot_cpp_examples -- -j4 -l4
[1.149s] DEBUG:colcon.colcon_core.event_handler.log_command:Invoking command in '/home/teban/bumperbot_ws/build/bumperbot_description': CMAKE_PREFIX_PATH=${CMAKE_PREFIX_PATH}:/opt/ros/jazzy DEBUGINFOD_URLS=https://debuginfod.ubuntu.com /usr/bin/cmake --build /home/teban/bumperbot_ws/build/bumperbot_description -- -j4 -l4
[1.436s] DEBUG:colcon.colcon_core.event_handler.log_command:Invoked command in '/home/teban/bumperbot_ws/build/bumperbot_description' returned '0': CMAKE_PREFIX_PATH=${CMAKE_PREFIX_PATH}:/opt/ros/jazzy DEBUGINFOD_URLS=https://debuginfod.ubuntu.com /usr/bin/cmake --build /home/teban/bumperbot_ws/build/bumperbot_description -- -j4 -l4
[1.480s] DEBUG:colcon.colcon_core.event_handler.log_command:Invoking command in '/home/teban/bumperbot_ws/build/bumperbot_description': CMAKE_PREFIX_PATH=${CMAKE_PREFIX_PATH}:/opt/ros/jazzy DEBUGINFOD_URLS=https://debuginfod.ubuntu.com /usr/bin/cmake --install /home/teban/bumperbot_ws/build/bumperbot_description
[1.484s] DEBUG:colcon.colcon_core.event_handler.log_command:Invoked command in '/home/teban/bumperbot_ws/build/bumperbot_cpp_examples' returned '0': CMAKE_PREFIX_PATH=${CMAKE_PREFIX_PATH}:/opt/ros/jazzy DEBUGINFOD_URLS=https://debuginfod.ubuntu.com /usr/bin/cmake --build /home/teban/bumperbot_ws/build/bumperbot_cpp_examples -- -j4 -l4
[1.492s] DEBUG:colcon.colcon_core.event_handler.log_command:Invoking command in '/home/teban/bumperbot_ws/build/bumperbot_cpp_examples': CMAKE_PREFIX_PATH=${CMAKE_PREFIX_PATH}:/opt/ros/jazzy DEBUGINFOD_URLS=https://debuginfod.ubuntu.com /usr/bin/cmake --install /home/teban/bumperbot_ws/build/bumperbot_cpp_examples
[1.575s] Level 1:colcon.colcon_core.environment:create_environment_scripts_only(bumperbot_cpp_examples)
[1.576s] DEBUG:colcon.colcon_core.event_handler.log_command:Invoked command in '/home/teban/bumperbot_ws/build/bumperbot_cpp_examples' returned '0': CMAKE_PREFIX_PATH=${CMAKE_PREFIX_PATH}:/opt/ros/jazzy DEBUGINFOD_URLS=https://debuginfod.ubuntu.com /usr/bin/cmake --install /home/teban/bumperbot_ws/build/bumperbot_cpp_examples
[1.673s] Level 1:colcon.colcon_core.environment:checking '/home/teban/bumperbot_ws/install/bumperbot_cpp_examples' for CMake module files
[1.674s] Level 1:colcon.colcon_core.environment:checking '/home/teban/bumperbot_ws/install/bumperbot_cpp_examples' for CMake config files
[1.674s] Level 1:colcon.colcon_core.shell:create_environment_hook('bumperbot_cpp_examples', 'cmake_prefix_path')
[1.674s] INFO:colcon.colcon_core.shell:Creating environment hook '/home/teban/bumperbot_ws/install/bumperbot_cpp_examples/share/bumperbot_cpp_examples/hook/cmake_prefix_path.ps1'
[1.685s] INFO:colcon.colcon_core.shell:Creating environment descriptor '/home/teban/bumperbot_ws/install/bumperbot_cpp_examples/share/bumperbot_cpp_examples/hook/cmake_prefix_path.dsv'
[1.733s] INFO:colcon.colcon_core.shell:Creating environment hook '/home/teban/bumperbot_ws/install/bumperbot_cpp_examples/share/bumperbot_cpp_examples/hook/cmake_prefix_path.sh'
[1.741s] Level 1:colcon.colcon_core.environment:checking '/home/teban/bumperbot_ws/install/bumperbot_cpp_examples/bin'
[1.742s] Level 1:colcon.colcon_core.environment:checking '/home/teban/bumperbot_ws/install/bumperbot_cpp_examples/lib/pkgconfig/bumperbot_cpp_examples.pc'
[1.742s] Level 1:colcon.colcon_core.environment:checking '/home/teban/bumperbot_ws/install/bumperbot_cpp_examples/lib/python3.12/site-packages'
[1.745s] Level 1:colcon.colcon_core.environment:checking '/home/teban/bumperbot_ws/install/bumperbot_cpp_examples/bin'
[1.746s] INFO:colcon.colcon_core.shell:Creating package script '/home/teban/bumperbot_ws/install/bumperbot_cpp_examples/share/bumperbot_cpp_examples/package.ps1'
[1.758s] INFO:colcon.colcon_core.shell:Creating package descriptor '/home/teban/bumperbot_ws/install/bumperbot_cpp_examples/share/bumperbot_cpp_examples/package.dsv'
[1.759s] INFO:colcon.colcon_core.shell:Creating package script '/home/teban/bumperbot_ws/install/bumperbot_cpp_examples/share/bumperbot_cpp_examples/package.sh'
[1.770s] INFO:colcon.colcon_core.shell:Creating package script '/home/teban/bumperbot_ws/install/bumperbot_cpp_examples/share/bumperbot_cpp_examples/package.bash'
[1.782s] INFO:colcon.colcon_core.shell:Creating package script '/home/teban/bumperbot_ws/install/bumperbot_cpp_examples/share/bumperbot_cpp_examples/package.zsh'
[1.801s] Level 1:colcon.colcon_core.environment:create_file_with_runtime_dependencies(/home/teban/bumperbot_ws/install/bumperbot_cpp_examples/share/colcon-core/packages/bumperbot_cpp_examples)
[1.802s] Level 1:colcon.colcon_core.environment:create_environment_scripts_only(bumperbot_cpp_examples)
[1.802s] Level 1:colcon.colcon_core.environment:checking '/home/teban/bumperbot_ws/install/bumperbot_cpp_examples' for CMake module files
[1.803s] Level 1:colcon.colcon_core.environment:checking '/home/teban/bumperbot_ws/install/bumperbot_cpp_examples' for CMake config files
[1.803s] Level 1:colcon.colcon_core.shell:create_environment_hook('bumperbot_cpp_examples', 'cmake_prefix_path')
[1.803s] INFO:colcon.colcon_core.shell:Creating environment hook '/home/teban/bumperbot_ws/install/bumperbot_cpp_examples/share/bumperbot_cpp_examples/hook/cmake_prefix_path.ps1'
[1.804s] INFO:colcon.colcon_core.shell:Creating environment descriptor '/home/teban/bumperbot_ws/install/bumperbot_cpp_examples/share/bumperbot_cpp_examples/hook/cmake_prefix_path.dsv'
[1.804s] INFO:colcon.colcon_core.shell:Creating environment hook '/home/teban/bumperbot_ws/install/bumperbot_cpp_examples/share/bumperbot_cpp_examples/hook/cmake_prefix_path.sh'
[1.805s] Level 1:colcon.colcon_core.environment:checking '/home/teban/bumperbot_ws/install/bumperbot_cpp_examples/bin'
[1.805s] Level 1:colcon.colcon_core.environment:checking '/home/teban/bumperbot_ws/install/bumperbot_cpp_examples/lib/pkgconfig/bumperbot_cpp_examples.pc'
[1.805s] Level 1:colcon.colcon_core.environment:checking '/home/teban/bumperbot_ws/install/bumperbot_cpp_examples/lib/python3.12/site-packages'
[1.806s] Level 1:colcon.colcon_core.environment:checking '/home/teban/bumperbot_ws/install/bumperbot_cpp_examples/bin'
[1.806s] INFO:colcon.colcon_core.shell:Creating package script '/home/teban/bumperbot_ws/install/bumperbot_cpp_examples/share/bumperbot_cpp_examples/package.ps1'
[1.806s] INFO:colcon.colcon_core.shell:Creating package descriptor '/home/teban/bumperbot_ws/install/bumperbot_cpp_examples/share/bumperbot_cpp_examples/package.dsv'
[1.807s] INFO:colcon.colcon_core.shell:Creating package script '/home/teban/bumperbot_ws/install/bumperbot_cpp_examples/share/bumperbot_cpp_examples/package.sh'
[1.807s] INFO:colcon.colcon_core.shell:Creating package script '/home/teban/bumperbot_ws/install/bumperbot_cpp_examples/share/bumperbot_cpp_examples/package.bash'
[1.808s] INFO:colcon.colcon_core.shell:Creating package script '/home/teban/bumperbot_ws/install/bumperbot_cpp_examples/share/bumperbot_cpp_examples/package.zsh'
[1.808s] Level 1:colcon.colcon_core.environment:create_file_with_runtime_dependencies(/home/teban/bumperbot_ws/install/bumperbot_cpp_examples/share/colcon-core/packages/bumperbot_cpp_examples)
[1.810s] Level 1:colcon.colcon_core.environment:create_environment_scripts_only(bumperbot_description)
[1.810s] Level 1:colcon.colcon_core.environment:checking '/home/teban/bumperbot_ws/install/bumperbot_description' for CMake module files
[1.811s] Level 1:colcon.colcon_core.environment:checking '/home/teban/bumperbot_ws/install/bumperbot_description' for CMake config files
[1.812s] DEBUG:colcon.colcon_core.event_handler.log_command:Invoked command in '/home/teban/bumperbot_ws/build/bumperbot_description' returned '0': CMAKE_PREFIX_PATH=${CMAKE_PREFIX_PATH}:/opt/ros/jazzy DEBUGINFOD_URLS=https://debuginfod.ubuntu.com /usr/bin/cmake --install /home/teban/bumperbot_ws/build/bumperbot_description
[1.814s] Level 1:colcon.colcon_core.shell:create_environment_hook('bumperbot_description', 'cmake_prefix_path')
[1.814s] INFO:colcon.colcon_core.shell:Creating environment hook '/home/teban/bumperbot_ws/install/bumperbot_description/share/bumperbot_description/hook/cmake_prefix_path.ps1'
[1.815s] INFO:colcon.colcon_core.shell:Creating environment descriptor '/home/teban/bumperbot_ws/install/bumperbot_description/share/bumperbot_description/hook/cmake_prefix_path.dsv'
[1.815s] INFO:colcon.colcon_core.shell:Creating environment hook '/home/teban/bumperbot_ws/install/bumperbot_description/share/bumperbot_description/hook/cmake_prefix_path.sh'
[1.816s] Level 1:colcon.colcon_core.environment:checking '/home/teban/bumperbot_ws/install/bumperbot_description/bin'
[1.816s] Level 1:colcon.colcon_core.environment:checking '/home/teban/bumperbot_ws/install/bumperbot_description/lib/pkgconfig/bumperbot_description.pc'
[1.816s] Level 1:colcon.colcon_core.environment:checking '/home/teban/bumperbot_ws/install/bumperbot_description/lib/python3.12/site-packages'
[1.817s] Level 1:colcon.colcon_core.environment:checking '/home/teban/bumperbot_ws/install/bumperbot_description/bin'
[1.817s] INFO:colcon.colcon_core.shell:Creating package script '/home/teban/bumperbot_ws/install/bumperbot_description/share/bumperbot_description/package.ps1'
[1.818s] INFO:colcon.colcon_core.shell:Creating package descriptor '/home/teban/bumperbot_ws/install/bumperbot_description/share/bumperbot_description/package.dsv'
[1.818s] INFO:colcon.colcon_core.shell:Creating package script '/home/teban/bumperbot_ws/install/bumperbot_description/share/bumperbot_description/package.sh'
[1.819s] INFO:colcon.colcon_core.shell:Creating package script '/home/teban/bumperbot_ws/install/bumperbot_description/share/bumperbot_description/package.bash'
[1.822s] INFO:colcon.colcon_core.shell:Creating package script '/home/teban/bumperbot_ws/install/bumperbot_description/share/bumperbot_description/package.zsh'
[1.823s] Level 1:colcon.colcon_core.environment:create_file_with_runtime_dependencies(/home/teban/bumperbot_ws/install/bumperbot_description/share/colcon-core/packages/bumperbot_description)
[1.824s] Level 1:colcon.colcon_core.environment:create_environment_scripts_only(bumperbot_description)
[1.824s] Level 1:colcon.colcon_core.environment:checking '/home/teban/bumperbot_ws/install/bumperbot_description' for CMake module files
[1.824s] Level 1:colcon.colcon_core.environment:checking '/home/teban/bumperbot_ws/install/bumperbot_description' for CMake config files
[1.824s] Level 1:colcon.colcon_core.shell:create_environment_hook('bumperbot_description', 'cmake_prefix_path')
[1.825s] INFO:colcon.colcon_core.shell:Creating environment hook '/home/teban/bumperbot_ws/install/bumperbot_description/share/bumperbot_description/hook/cmake_prefix_path.ps1'
[1.825s] INFO:colcon.colcon_core.shell:Creating environment descriptor '/home/teban/bumperbot_ws/install/bumperbot_description/share/bumperbot_description/hook/cmake_prefix_path.dsv'
[1.826s] INFO:colcon.colcon_core.shell:Creating environment hook '/home/teban/bumperbot_ws/install/bumperbot_description/share/bumperbot_description/hook/cmake_prefix_path.sh'
[1.826s] Level 1:colcon.colcon_core.environment:checking '/home/teban/bumperbot_ws/install/bumperbot_description/bin'
[1.826s] Level 1:colcon.colcon_core.environment:checking '/home/teban/bumperbot_ws/install/bumperbot_description/lib/pkgconfig/bumperbot_description.pc'
[1.827s] Level 1:colcon.colcon_core.environment:checking '/home/teban/bumperbot_ws/install/bumperbot_description/lib/python3.12/site-packages'
[1.827s] Level 1:colcon.colcon_core.environment:checking '/home/teban/bumperbot_ws/install/bumperbot_description/bin'
[1.827s] INFO:colcon.colcon_core.shell:Creating package script '/home/teban/bumperbot_ws/install/bumperbot_description/share/bumperbot_description/package.ps1'
[1.828s] INFO:colcon.colcon_core.shell:Creating package descriptor '/home/teban/bumperbot_ws/install/bumperbot_description/share/bumperbot_description/package.dsv'
[1.828s] INFO:colcon.colcon_core.shell:Creating package script '/home/teban/bumperbot_ws/install/bumperbot_description/share/bumperbot_description/package.sh'
[1.829s] INFO:colcon.colcon_core.shell:Creating package script '/home/teban/bumperbot_ws/install/bumperbot_description/share/bumperbot_description/package.bash'
[1.829s] INFO:colcon.colcon_core.shell:Creating package script '/home/teban/bumperbot_ws/install/bumperbot_description/share/bumperbot_description/package.zsh'
[1.830s] Level 1:colcon.colcon_core.environment:create_file_with_runtime_dependencies(/home/teban/bumperbot_ws/install/bumperbot_description/share/colcon-core/packages/bumperbot_description)
[2.505s] DEBUG:colcon.colcon_core.event_handler.log_command:Invoked command in '/home/teban/bumperbot_ws/build/bumperbot_msgs' returned '0': CMAKE_PREFIX_PATH=${CMAKE_PREFIX_PATH}:/opt/ros/jazzy DEBUGINFOD_URLS=https://debuginfod.ubuntu.com /usr/bin/cmake --build /home/teban/bumperbot_ws/build/bumperbot_msgs -- -j4 -l4
[2.525s] DEBUG:colcon.colcon_core.event_handler.log_command:Invoking command in '/home/teban/bumperbot_ws/build/bumperbot_msgs': CMAKE_PREFIX_PATH=${CMAKE_PREFIX_PATH}:/opt/ros/jazzy DEBUGINFOD_URLS=https://debuginfod.ubuntu.com /usr/bin/cmake --install /home/teban/bumperbot_ws/build/bumperbot_msgs
[2.974s] Level 1:colcon.colcon_core.environment:create_environment_scripts_only(bumperbot_msgs)
[2.975s] Level 1:colcon.colcon_core.environment:checking '/home/teban/bumperbot_ws/install/bumperbot_msgs' for CMake module files
[2.976s] Level 1:colcon.colcon_core.environment:checking '/home/teban/bumperbot_ws/install/bumperbot_msgs' for CMake config files
[2.976s] Level 1:colcon.colcon_core.shell:create_environment_hook('bumperbot_msgs', 'cmake_prefix_path')
[2.977s] INFO:colcon.colcon_core.shell:Creating environment hook '/home/teban/bumperbot_ws/install/bumperbot_msgs/share/bumperbot_msgs/hook/cmake_prefix_path.ps1'
[2.977s] INFO:colcon.colcon_core.shell:Creating environment descriptor '/home/teban/bumperbot_ws/install/bumperbot_msgs/share/bumperbot_msgs/hook/cmake_prefix_path.dsv'
[2.975s] DEBUG:colcon.colcon_core.event_handler.log_command:Invoked command in '/home/teban/bumperbot_ws/build/bumperbot_msgs' returned '0': CMAKE_PREFIX_PATH=${CMAKE_PREFIX_PATH}:/opt/ros/jazzy DEBUGINFOD_URLS=https://debuginfod.ubuntu.com /usr/bin/cmake --install /home/teban/bumperbot_ws/build/bumperbot_msgs
[2.978s] INFO:colcon.colcon_core.shell:Creating environment hook '/home/teban/bumperbot_ws/install/bumperbot_msgs/share/bumperbot_msgs/hook/cmake_prefix_path.sh'
[2.979s] Level 1:colcon.colcon_core.environment:checking '/home/teban/bumperbot_ws/install/bumperbot_msgs/lib'
[2.980s] Level 1:colcon.colcon_core.shell:create_environment_hook('bumperbot_msgs', 'ld_library_path_lib')
[2.980s] INFO:colcon.colcon_core.shell:Creating environment hook '/home/teban/bumperbot_ws/install/bumperbot_msgs/share/bumperbot_msgs/hook/ld_library_path_lib.ps1'
[2.981s] INFO:colcon.colcon_core.shell:Creating environment descriptor '/home/teban/bumperbot_ws/install/bumperbot_msgs/share/bumperbot_msgs/hook/ld_library_path_lib.dsv'
[2.982s] INFO:colcon.colcon_core.shell:Creating environment hook '/home/teban/bumperbot_ws/install/bumperbot_msgs/share/bumperbot_msgs/hook/ld_library_path_lib.sh'
[2.983s] Level 1:colcon.colcon_core.environment:checking '/home/teban/bumperbot_ws/install/bumperbot_msgs/bin'
[2.983s] Level 1:colcon.colcon_core.environment:checking '/home/teban/bumperbot_ws/install/bumperbot_msgs/lib/pkgconfig/bumperbot_msgs.pc'
[2.984s] Level 1:colcon.colcon_core.environment:checking '/home/teban/bumperbot_ws/install/bumperbot_msgs/lib/python3.12/site-packages'
[2.984s] Level 1:colcon.colcon_core.shell:create_environment_hook('bumperbot_msgs', 'pythonpath')
[2.984s] INFO:colcon.colcon_core.shell:Creating environment hook '/home/teban/bumperbot_ws/install/bumperbot_msgs/share/bumperbot_msgs/hook/pythonpath.ps1'
[2.987s] INFO:colcon.colcon_core.shell:Creating environment descriptor '/home/teban/bumperbot_ws/install/bumperbot_msgs/share/bumperbot_msgs/hook/pythonpath.dsv'
[2.988s] INFO:colcon.colcon_core.shell:Creating environment hook '/home/teban/bumperbot_ws/install/bumperbot_msgs/share/bumperbot_msgs/hook/pythonpath.sh'
[2.989s] Level 1:colcon.colcon_core.environment:checking '/home/teban/bumperbot_ws/install/bumperbot_msgs/bin'
[2.990s] INFO:colcon.colcon_core.shell:Creating package script '/home/teban/bumperbot_ws/install/bumperbot_msgs/share/bumperbot_msgs/package.ps1'
[2.991s] INFO:colcon.colcon_core.shell:Creating package descriptor '/home/teban/bumperbot_ws/install/bumperbot_msgs/share/bumperbot_msgs/package.dsv'
[2.992s] INFO:colcon.colcon_core.shell:Creating package script '/home/teban/bumperbot_ws/install/bumperbot_msgs/share/bumperbot_msgs/package.sh'
[2.993s] INFO:colcon.colcon_core.shell:Creating package script '/home/teban/bumperbot_ws/install/bumperbot_msgs/share/bumperbot_msgs/package.bash'
[2.994s] INFO:colcon.colcon_core.shell:Creating package script '/home/teban/bumperbot_ws/install/bumperbot_msgs/share/bumperbot_msgs/package.zsh'
[2.994s] Level 1:colcon.colcon_core.environment:create_file_with_runtime_dependencies(/home/teban/bumperbot_ws/install/bumperbot_msgs/share/colcon-core/packages/bumperbot_msgs)
[2.995s] Level 1:colcon.colcon_core.environment:create_environment_scripts_only(bumperbot_msgs)
[2.995s] Level 1:colcon.colcon_core.environment:checking '/home/teban/bumperbot_ws/install/bumperbot_msgs' for CMake module files
[2.996s] Level 1:colcon.colcon_core.environment:checking '/home/teban/bumperbot_ws/install/bumperbot_msgs' for CMake config files
[2.997s] Level 1:colcon.colcon_core.shell:create_environment_hook('bumperbot_msgs', 'cmake_prefix_path')
[2.997s] INFO:colcon.colcon_core.shell:Creating environment hook '/home/teban/bumperbot_ws/install/bumperbot_msgs/share/bumperbot_msgs/hook/cmake_prefix_path.ps1'
[2.998s] INFO:colcon.colcon_core.shell:Creating environment descriptor '/home/teban/bumperbot_ws/install/bumperbot_msgs/share/bumperbot_msgs/hook/cmake_prefix_path.dsv'
[2.999s] INFO:colcon.colcon_core.shell:Creating environment hook '/home/teban/bumperbot_ws/install/bumperbot_msgs/share/bumperbot_msgs/hook/cmake_prefix_path.sh'
[3.000s] Level 1:colcon.colcon_core.environment:checking '/home/teban/bumperbot_ws/install/bumperbot_msgs/lib'
[3.000s] Level 1:colcon.colcon_core.shell:create_environment_hook('bumperbot_msgs', 'ld_library_path_lib')
[3.000s] INFO:colcon.colcon_core.shell:Creating environment hook '/home/teban/bumperbot_ws/install/bumperbot_msgs/share/bumperbot_msgs/hook/ld_library_path_lib.ps1'
[3.000s] INFO:colcon.colcon_core.shell:Creating environment descriptor '/home/teban/bumperbot_ws/install/bumperbot_msgs/share/bumperbot_msgs/hook/ld_library_path_lib.dsv'
[3.001s] INFO:colcon.colcon_core.shell:Creating environment hook '/home/teban/bumperbot_ws/install/bumperbot_msgs/share/bumperbot_msgs/hook/ld_library_path_lib.sh'
[3.002s] Level 1:colcon.colcon_core.environment:checking '/home/teban/bumperbot_ws/install/bumperbot_msgs/bin'
[3.002s] Level 1:colcon.colcon_core.environment:checking '/home/teban/bumperbot_ws/install/bumperbot_msgs/lib/pkgconfig/bumperbot_msgs.pc'
[3.002s] Level 1:colcon.colcon_core.environment:checking '/home/teban/bumperbot_ws/install/bumperbot_msgs/lib/python3.12/site-packages'
[3.002s] Level 1:colcon.colcon_core.shell:create_environment_hook('bumperbot_msgs', 'pythonpath')
[3.003s] INFO:colcon.colcon_core.shell:Creating environment hook '/home/teban/bumperbot_ws/install/bumperbot_msgs/share/bumperbot_msgs/hook/pythonpath.ps1'
[3.003s] INFO:colcon.colcon_core.shell:Creating environment descriptor '/home/teban/bumperbot_ws/install/bumperbot_msgs/share/bumperbot_msgs/hook/pythonpath.dsv'
[3.005s] INFO:colcon.colcon_core.shell:Creating environment hook '/home/teban/bumperbot_ws/install/bumperbot_msgs/share/bumperbot_msgs/hook/pythonpath.sh'
[3.006s] Level 1:colcon.colcon_core.environment:checking '/home/teban/bumperbot_ws/install/bumperbot_msgs/bin'
[3.006s] INFO:colcon.colcon_core.shell:Creating package script '/home/teban/bumperbot_ws/install/bumperbot_msgs/share/bumperbot_msgs/package.ps1'
[3.008s] INFO:colcon.colcon_core.shell:Creating package descriptor '/home/teban/bumperbot_ws/install/bumperbot_msgs/share/bumperbot_msgs/package.dsv'
[3.009s] INFO:colcon.colcon_core.shell:Creating package script '/home/teban/bumperbot_ws/install/bumperbot_msgs/share/bumperbot_msgs/package.sh'
[3.010s] INFO:colcon.colcon_core.shell:Creating package script '/home/teban/bumperbot_ws/install/bumperbot_msgs/share/bumperbot_msgs/package.bash'
[3.011s] INFO:colcon.colcon_core.shell:Creating package script '/home/teban/bumperbot_ws/install/bumperbot_msgs/share/bumperbot_msgs/package.zsh'
[3.011s] Level 1:colcon.colcon_core.environment:create_file_with_runtime_dependencies(/home/teban/bumperbot_ws/install/bumperbot_msgs/share/colcon-core/packages/bumperbot_msgs)
[3.014s] INFO:colcon.colcon_ros.task.ament_python.build:Building ROS package in '/home/teban/bumperbot_ws/src/bumperbot_py_examples' with build type 'ament_python'
[3.014s] Level 1:colcon.colcon_core.shell:create_environment_hook('bumperbot_py_examples', 'ament_prefix_path')
[3.015s] INFO:colcon.colcon_core.shell:Creating environment hook '/home/teban/bumperbot_ws/install/bumperbot_py_examples/share/bumperbot_py_examples/hook/ament_prefix_path.ps1'
[3.016s] INFO:colcon.colcon_core.shell:Creating environment descriptor '/home/teban/bumperbot_ws/install/bumperbot_py_examples/share/bumperbot_py_examples/hook/ament_prefix_path.dsv'
[3.017s] INFO:colcon.colcon_core.shell:Creating environment hook '/home/teban/bumperbot_ws/install/bumperbot_py_examples/share/bumperbot_py_examples/hook/ament_prefix_path.sh'
[3.022s] INFO:colcon.colcon_core.shell:Skip shell extension 'powershell' for command environment: Not usable outside of PowerShell
[3.022s] DEBUG:colcon.colcon_core.shell:Skip shell extension 'dsv' for command environment
[3.426s] INFO:colcon.colcon_core.task.python.build:Building Python package in '/home/teban/bumperbot_ws/src/bumperbot_py_examples'
[3.426s] INFO:colcon.colcon_core.shell:Skip shell extension 'powershell' for command environment: Not usable outside of PowerShell
[3.426s] DEBUG:colcon.colcon_core.shell:Skip shell extension 'dsv' for command environment
[4.999s] DEBUG:colcon.colcon_core.event_handler.log_command:Invoked command in '/home/teban/bumperbot_ws/build/bumperbot_controller' returned '0': CMAKE_PREFIX_PATH=${CMAKE_PREFIX_PATH}:/opt/ros/jazzy DEBUGINFOD_URLS=https://debuginfod.ubuntu.com /usr/bin/cmake --build /home/teban/bumperbot_ws/build/bumperbot_controller -- -j4 -l4
[5.001s] DEBUG:colcon.colcon_core.event_handler.log_command:Invoking command in '/home/teban/bumperbot_ws/build/bumperbot_controller': CMAKE_PREFIX_PATH=${CMAKE_PREFIX_PATH}:/opt/ros/jazzy DEBUGINFOD_URLS=https://debuginfod.ubuntu.com /usr/bin/cmake --install /home/teban/bumperbot_ws/build/bumperbot_controller
[5.184s] Level 1:colcon.colcon_core.environment:create_environment_scripts_only(bumperbot_controller)
[5.184s] Level 1:colcon.colcon_core.environment:checking '/home/teban/bumperbot_ws/install/bumperbot_controller' for CMake module files
[5.185s] DEBUG:colcon.colcon_core.event_handler.log_command:Invoked command in '/home/teban/bumperbot_ws/build/bumperbot_controller' returned '0': CMAKE_PREFIX_PATH=${CMAKE_PREFIX_PATH}:/opt/ros/jazzy DEBUGINFOD_URLS=https://debuginfod.ubuntu.com /usr/bin/cmake --install /home/teban/bumperbot_ws/build/bumperbot_controller
[5.186s] Level 1:colcon.colcon_core.environment:checking '/home/teban/bumperbot_ws/install/bumperbot_controller' for CMake config files
[5.186s] Level 1:colcon.colcon_core.shell:create_environment_hook('bumperbot_controller', 'cmake_prefix_path')
[5.187s] INFO:colcon.colcon_core.shell:Creating environment hook '/home/teban/bumperbot_ws/install/bumperbot_controller/share/bumperbot_controller/hook/cmake_prefix_path.ps1'
[5.187s] INFO:colcon.colcon_core.shell:Creating environment descriptor '/home/teban/bumperbot_ws/install/bumperbot_controller/share/bumperbot_controller/hook/cmake_prefix_path.dsv'
[5.188s] INFO:colcon.colcon_core.shell:Creating environment hook '/home/teban/bumperbot_ws/install/bumperbot_controller/share/bumperbot_controller/hook/cmake_prefix_path.sh'
[5.189s] Level 1:colcon.colcon_core.environment:checking '/home/teban/bumperbot_ws/install/bumperbot_controller/lib'
[5.189s] Level 1:colcon.colcon_core.environment:checking '/home/teban/bumperbot_ws/install/bumperbot_controller/bin'
[5.189s] Level 1:colcon.colcon_core.environment:checking '/home/teban/bumperbot_ws/install/bumperbot_controller/lib/pkgconfig/bumperbot_controller.pc'
[5.190s] Level 1:colcon.colcon_core.environment:checking '/home/teban/bumperbot_ws/install/bumperbot_controller/lib/python3.12/site-packages'
[5.190s] Level 1:colcon.colcon_core.shell:create_environment_hook('bumperbot_controller', 'pythonpath')
[5.190s] INFO:colcon.colcon_core.shell:Creating environment hook '/home/teban/bumperbot_ws/install/bumperbot_controller/share/bumperbot_controller/hook/pythonpath.ps1'
[5.191s] INFO:colcon.colcon_core.shell:Creating environment descriptor '/home/teban/bumperbot_ws/install/bumperbot_controller/share/bumperbot_controller/hook/pythonpath.dsv'
[5.191s] INFO:colcon.colcon_core.shell:Creating environment hook '/home/teban/bumperbot_ws/install/bumperbot_controller/share/bumperbot_controller/hook/pythonpath.sh'
[5.192s] Level 1:colcon.colcon_core.environment:checking '/home/teban/bumperbot_ws/install/bumperbot_controller/bin'
[5.192s] INFO:colcon.colcon_core.shell:Creating package script '/home/teban/bumperbot_ws/install/bumperbot_controller/share/bumperbot_controller/package.ps1'
[5.193s] INFO:colcon.colcon_core.shell:Creating package descriptor '/home/teban/bumperbot_ws/install/bumperbot_controller/share/bumperbot_controller/package.dsv'
[5.193s] INFO:colcon.colcon_core.shell:Creating package script '/home/teban/bumperbot_ws/install/bumperbot_controller/share/bumperbot_controller/package.sh'
[5.194s] INFO:colcon.colcon_core.shell:Creating package script '/home/teban/bumperbot_ws/install/bumperbot_controller/share/bumperbot_controller/package.bash'
[5.194s] INFO:colcon.colcon_core.shell:Creating package script '/home/teban/bumperbot_ws/install/bumperbot_controller/share/bumperbot_controller/package.zsh'
[5.195s] Level 1:colcon.colcon_core.environment:create_file_with_runtime_dependencies(/home/teban/bumperbot_ws/install/bumperbot_controller/share/colcon-core/packages/bumperbot_controller)
[5.195s] Level 1:colcon.colcon_core.environment:create_environment_scripts_only(bumperbot_controller)
[5.196s] Level 1:colcon.colcon_core.environment:checking '/home/teban/bumperbot_ws/install/bumperbot_controller' for CMake module files
[5.196s] Level 1:colcon.colcon_core.environment:checking '/home/teban/bumperbot_ws/install/bumperbot_controller' for CMake config files
[5.197s] Level 1:colcon.colcon_core.shell:create_environment_hook('bumperbot_controller', 'cmake_prefix_path')
[5.197s] INFO:colcon.colcon_core.shell:Creating environment hook '/home/teban/bumperbot_ws/install/bumperbot_controller/share/bumperbot_controller/hook/cmake_prefix_path.ps1'
[5.197s] INFO:colcon.colcon_core.shell:Creating environment descriptor '/home/teban/bumperbot_ws/install/bumperbot_controller/share/bumperbot_controller/hook/cmake_prefix_path.dsv'
[5.198s] INFO:colcon.colcon_core.shell:Creating environment hook '/home/teban/bumperbot_ws/install/bumperbot_controller/share/bumperbot_controller/hook/cmake_prefix_path.sh'
[5.198s] Level 1:colcon.colcon_core.environment:checking '/home/teban/bumperbot_ws/install/bumperbot_controller/lib'
[5.198s] Level 1:colcon.colcon_core.environment:checking '/home/teban/bumperbot_ws/install/bumperbot_controller/bin'
[5.198s] Level 1:colcon.colcon_core.environment:checking '/home/teban/bumperbot_ws/install/bumperbot_controller/lib/pkgconfig/bumperbot_controller.pc'
[5.199s] Level 1:colcon.colcon_core.environment:checking '/home/teban/bumperbot_ws/install/bumperbot_controller/lib/python3.12/site-packages'
[5.199s] Level 1:colcon.colcon_core.shell:create_environment_hook('bumperbot_controller', 'pythonpath')
[5.199s] INFO:colcon.colcon_core.shell:Creating environment hook '/home/teban/bumperbot_ws/install/bumperbot_controller/share/bumperbot_controller/hook/pythonpath.ps1'
[5.200s] INFO:colcon.colcon_core.shell:Creating environment descriptor '/home/teban/bumperbot_ws/install/bumperbot_controller/share/bumperbot_controller/hook/pythonpath.dsv'
[5.200s] INFO:colcon.colcon_core.shell:Creating environment hook '/home/teban/bumperbot_ws/install/bumperbot_controller/share/bumperbot_controller/hook/pythonpath.sh'
[5.201s] Level 1:colcon.colcon_core.environment:checking '/home/teban/bumperbot_ws/install/bumperbot_controller/bin'
[5.201s] INFO:colcon.colcon_core.shell:Creating package script '/home/teban/bumperbot_ws/install/bumperbot_controller/share/bumperbot_controller/package.ps1'
[5.202s] INFO:colcon.colcon_core.shell:Creating package descriptor '/home/teban/bumperbot_ws/install/bumperbot_controller/share/bumperbot_controller/package.dsv'
[5.202s] INFO:colcon.colcon_core.shell:Creating package script '/home/teban/bumperbot_ws/install/bumperbot_controller/share/bumperbot_controller/package.sh'
[5.203s] INFO:colcon.colcon_core.shell:Creating package script '/home/teban/bumperbot_ws/install/bumperbot_controller/share/bumperbot_controller/package.bash'
[5.203s] INFO:colcon.colcon_core.shell:Creating package script '/home/teban/bumperbot_ws/install/bumperbot_controller/share/bumperbot_controller/package.zsh'
[5.204s] Level 1:colcon.colcon_core.environment:create_file_with_runtime_dependencies(/home/teban/bumperbot_ws/install/bumperbot_controller/share/colcon-core/packages/bumperbot_controller)
[7.230s] DEBUG:colcon.colcon_core.event_handler.log_command:Invoking command in '/home/teban/bumperbot_ws/src/bumperbot_py_examples': AMENT_PREFIX_PATH=/home/teban/bumperbot_ws/install/bumperbot_msgs:${AMENT_PREFIX_PATH} CMAKE_PREFIX_PATH=/home/teban/bumperbot_ws/install/bumperbot_msgs:${CMAKE_PREFIX_PATH} DEBUGINFOD_URLS=https://debuginfod.ubuntu.com LD_LIBRARY_PATH=/home/teban/bumperbot_ws/install/bumperbot_msgs/lib:${LD_LIBRARY_PATH} PYTHONPATH=/home/teban/bumperbot_ws/build/bumperbot_py_examples/prefix_override:/usr/lib/python3/dist-packages/colcon_core/task/python/colcon_distutils_commands:/home/teban/bumperbot_ws/install/bumperbot_py_examples/lib/python3.12/site-packages:/home/teban/bumperbot_ws/install/bumperbot_msgs/lib/python3.12/site-packages:${PYTHONPATH} /usr/bin/python3 -W ignore:setup.py install is deprecated -W ignore:easy_install command is deprecated setup.py egg_info --egg-base ../../build/bumperbot_py_examples build --build-base /home/teban/bumperbot_ws/build/bumperbot_py_examples/build install --record /home/teban/bumperbot_ws/build/bumperbot_py_examples/install.log --single-version-externally-managed install_data
[7.926s] Level 1:colcon.colcon_core.environment:checking '/home/teban/bumperbot_ws/install/bumperbot_py_examples' for CMake module files
[7.926s] DEBUG:colcon.colcon_core.event_handler.log_command:Invoked command in '/home/teban/bumperbot_ws/src/bumperbot_py_examples' returned '0': AMENT_PREFIX_PATH=/home/teban/bumperbot_ws/install/bumperbot_msgs:${AMENT_PREFIX_PATH} CMAKE_PREFIX_PATH=/home/teban/bumperbot_ws/install/bumperbot_msgs:${CMAKE_PREFIX_PATH} DEBUGINFOD_URLS=https://debuginfod.ubuntu.com LD_LIBRARY_PATH=/home/teban/bumperbot_ws/install/bumperbot_msgs/lib:${LD_LIBRARY_PATH} PYTHONPATH=/home/teban/bumperbot_ws/build/bumperbot_py_examples/prefix_override:/usr/lib/python3/dist-packages/colcon_core/task/python/colcon_distutils_commands:/home/teban/bumperbot_ws/install/bumperbot_py_examples/lib/python3.12/site-packages:/home/teban/bumperbot_ws/install/bumperbot_msgs/lib/python3.12/site-packages:${PYTHONPATH} /usr/bin/python3 -W ignore:setup.py install is deprecated -W ignore:easy_install command is deprecated setup.py egg_info --egg-base ../../build/bumperbot_py_examples build --build-base /home/teban/bumperbot_ws/build/bumperbot_py_examples/build install --record /home/teban/bumperbot_ws/build/bumperbot_py_examples/install.log --single-version-externally-managed install_data
[7.927s] Level 1:colcon.colcon_core.environment:checking '/home/teban/bumperbot_ws/install/bumperbot_py_examples' for CMake config files
[7.928s] Level 1:colcon.colcon_core.environment:checking '/home/teban/bumperbot_ws/install/bumperbot_py_examples/lib'
[7.928s] Level 1:colcon.colcon_core.environment:checking '/home/teban/bumperbot_ws/install/bumperbot_py_examples/bin'
[7.928s] Level 1:colcon.colcon_core.environment:checking '/home/teban/bumperbot_ws/install/bumperbot_py_examples/lib/pkgconfig/bumperbot_py_examples.pc'
[7.928s] Level 1:colcon.colcon_core.environment:checking '/home/teban/bumperbot_ws/install/bumperbot_py_examples/lib/python3.12/site-packages'
[7.928s] Level 1:colcon.colcon_core.shell:create_environment_hook('bumperbot_py_examples', 'pythonpath')
[7.929s] INFO:colcon.colcon_core.shell:Creating environment hook '/home/teban/bumperbot_ws/install/bumperbot_py_examples/share/bumperbot_py_examples/hook/pythonpath.ps1'
[7.929s] INFO:colcon.colcon_core.shell:Creating environment descriptor '/home/teban/bumperbot_ws/install/bumperbot_py_examples/share/bumperbot_py_examples/hook/pythonpath.dsv'
[7.930s] INFO:colcon.colcon_core.shell:Creating environment hook '/home/teban/bumperbot_ws/install/bumperbot_py_examples/share/bumperbot_py_examples/hook/pythonpath.sh'
[7.930s] Level 1:colcon.colcon_core.environment:checking '/home/teban/bumperbot_ws/install/bumperbot_py_examples/bin'
[7.931s] Level 1:colcon.colcon_core.environment:create_environment_scripts_only(bumperbot_py_examples)
[7.931s] INFO:colcon.colcon_core.shell:Creating package script '/home/teban/bumperbot_ws/install/bumperbot_py_examples/share/bumperbot_py_examples/package.ps1'
[7.931s] INFO:colcon.colcon_core.shell:Creating package descriptor '/home/teban/bumperbot_ws/install/bumperbot_py_examples/share/bumperbot_py_examples/package.dsv'
[7.932s] INFO:colcon.colcon_core.shell:Creating package script '/home/teban/bumperbot_ws/install/bumperbot_py_examples/share/bumperbot_py_examples/package.sh'
[7.932s] INFO:colcon.colcon_core.shell:Creating package script '/home/teban/bumperbot_ws/install/bumperbot_py_examples/share/bumperbot_py_examples/package.bash'
[7.933s] INFO:colcon.colcon_core.shell:Creating package script '/home/teban/bumperbot_ws/install/bumperbot_py_examples/share/bumperbot_py_examples/package.zsh'
[7.933s] Level 1:colcon.colcon_core.environment:create_file_with_runtime_dependencies(/home/teban/bumperbot_ws/install/bumperbot_py_examples/share/colcon-core/packages/bumperbot_py_examples)
[7.934s] DEBUG:colcon.colcon_parallel_executor.executor.parallel:closing loop
[7.934s] DEBUG:colcon.colcon_parallel_executor.executor.parallel:loop closed
[7.934s] DEBUG:colcon.colcon_parallel_executor.executor.parallel:run_until_complete finished with '0'
[7.934s] DEBUG:colcon.colcon_core.event_reactor:joining thread
[7.955s] INFO:colcon.colcon_core.plugin_system:Skipping extension 'colcon_notification.desktop_notification.terminal_notifier': Not used on non-Darwin systems
[7.955s] INFO:colcon.colcon_core.plugin_system:Skipping extension 'colcon_notification.desktop_notification.win32': Not used on non-Windows systems
[7.955s] INFO:colcon.colcon_notification.desktop_notification:Sending desktop notification using 'notify2'
[7.972s] DEBUG:colcon.colcon_core.event_reactor:joined thread
[7.973s] INFO:colcon.colcon_core.shell:Creating prefix script '/home/teban/bumperbot_ws/install/local_setup.ps1'
[7.984s] INFO:colcon.colcon_core.shell:Creating prefix util module '/home/teban/bumperbot_ws/install/_local_setup_util_ps1.py'
[8.000s] INFO:colcon.colcon_core.shell:Creating prefix chain script '/home/teban/bumperbot_ws/install/setup.ps1'
[8.002s] INFO:colcon.colcon_core.shell:Creating prefix script '/home/teban/bumperbot_ws/install/local_setup.sh'
[8.010s] INFO:colcon.colcon_core.shell:Creating prefix util module '/home/teban/bumperbot_ws/install/_local_setup_util_sh.py'
[8.011s] INFO:colcon.colcon_core.shell:Creating prefix chain script '/home/teban/bumperbot_ws/install/setup.sh'
[8.012s] INFO:colcon.colcon_core.shell:Creating prefix script '/home/teban/bumperbot_ws/install/local_setup.bash'
[8.024s] INFO:colcon.colcon_core.shell:Creating prefix chain script '/home/teban/bumperbot_ws/install/setup.bash'
[8.025s] INFO:colcon.colcon_core.shell:Creating prefix script '/home/teban/bumperbot_ws/install/local_setup.zsh'
[8.027s] INFO:colcon.colcon_core.shell:Creating prefix chain script '/home/teban/bumperbot_ws/install/setup.zsh'
