[0.031s] Invoking command in '/home/teban/bumperbot_ws/build/bumperbot_cpp_examples': CMAKE_PREFIX_PATH=${CMAKE_PREFIX_PATH}:/opt/ros/jazzy DEBUGINFOD_URLS=https://debuginfod.ubuntu.com /usr/bin/cmake /home/teban/bumperbot_ws/src/bumperbot_cpp_examples -DCMAKE_INSTALL_PREFIX=/home/teban/bumperbot_ws/install/bumperbot_cpp_examples
[1.718s] -- The C compiler identification is GNU 13.3.0
[3.632s] -- The CXX compiler identification is GNU 13.3.0
[3.936s] -- Detecting C compiler ABI info
[4.479s] -- Detecting C compiler ABI info - done
[4.492s] -- Check for working C compiler: /usr/bin/cc - skipped
[4.506s] -- Detecting C compile features
[4.525s] -- Detecting C compile features - done
[4.599s] -- Detecting CXX compiler ABI info
[4.895s] -- Detecting CXX compiler ABI info - done
[4.907s] -- Check for working CXX compiler: /usr/bin/c++ - skipped
[4.908s] -- Detecting CXX compile features
[4.908s] -- Detecting CXX compile features - done
[5.324s] -- Found ament_cmake: 2.5.3 (/opt/ros/jazzy/share/ament_cmake/cmake)
[5.662s] -- Found Python3: /usr/bin/python3 (found version "3.12.3") found components: Interpreter 
[6.015s] -- Found ament_lint_auto: 0.17.1 (/opt/ros/jazzy/share/ament_lint_auto/cmake)
[6.303s] -- Added test 'lint_cmake' to check CMake code style
[6.318s] -- Added test 'xmllint' to check XML markup files
[6.330s] -- Configuring done (6.0s)
[6.337s] -- Generating done (0.0s)
[6.352s] -- Build files have been written to: /home/teban/bumperbot_ws/build/bumperbot_cpp_examples
[6.363s] Invoked command in '/home/teban/bumperbot_ws/build/bumperbot_cpp_examples' returned '0': CMAKE_PREFIX_PATH=${CMAKE_PREFIX_PATH}:/opt/ros/jazzy DEBUGINFOD_URLS=https://debuginfod.ubuntu.com /usr/bin/cmake /home/teban/bumperbot_ws/src/bumperbot_cpp_examples -DCMAKE_INSTALL_PREFIX=/home/teban/bumperbot_ws/install/bumperbot_cpp_examples
[6.365s] Invoking command in '/home/teban/bumperbot_ws/build/bumperbot_cpp_examples': CMAKE_PREFIX_PATH=${CMAKE_PREFIX_PATH}:/opt/ros/jazzy DEBUGINFOD_URLS=https://debuginfod.ubuntu.com /usr/bin/cmake --build /home/teban/bumperbot_ws/build/bumperbot_cpp_examples -- -j4 -l4
[6.433s] Invoked command in '/home/teban/bumperbot_ws/build/bumperbot_cpp_examples' returned '0': CMAKE_PREFIX_PATH=${CMAKE_PREFIX_PATH}:/opt/ros/jazzy DEBUGINFOD_URLS=https://debuginfod.ubuntu.com /usr/bin/cmake --build /home/teban/bumperbot_ws/build/bumperbot_cpp_examples -- -j4 -l4
[6.446s] Invoking command in '/home/teban/bumperbot_ws/build/bumperbot_cpp_examples': CMAKE_PREFIX_PATH=${CMAKE_PREFIX_PATH}:/opt/ros/jazzy DEBUGINFOD_URLS=https://debuginfod.ubuntu.com /usr/bin/cmake --install /home/teban/bumperbot_ws/build/bumperbot_cpp_examples
[6.457s] -- Install configuration: ""
[6.457s] -- Installing: /home/teban/bumperbot_ws/install/bumperbot_cpp_examples/share/ament_index/resource_index/package_run_dependencies/bumperbot_cpp_examples
[6.458s] -- Installing: /home/teban/bumperbot_ws/install/bumperbot_cpp_examples/share/ament_index/resource_index/parent_prefix_path/bumperbot_cpp_examples
[6.458s] -- Installing: /home/teban/bumperbot_ws/install/bumperbot_cpp_examples/share/bumperbot_cpp_examples/environment/ament_prefix_path.sh
[6.458s] -- Installing: /home/teban/bumperbot_ws/install/bumperbot_cpp_examples/share/bumperbot_cpp_examples/environment/ament_prefix_path.dsv
[6.458s] -- Installing: /home/teban/bumperbot_ws/install/bumperbot_cpp_examples/share/bumperbot_cpp_examples/environment/path.sh
[6.459s] -- Installing: /home/teban/bumperbot_ws/install/bumperbot_cpp_examples/share/bumperbot_cpp_examples/environment/path.dsv
[6.459s] -- Installing: /home/teban/bumperbot_ws/install/bumperbot_cpp_examples/share/bumperbot_cpp_examples/local_setup.bash
[6.459s] -- Installing: /home/teban/bumperbot_ws/install/bumperbot_cpp_examples/share/bumperbot_cpp_examples/local_setup.sh
[6.459s] -- Installing: /home/teban/bumperbot_ws/install/bumperbot_cpp_examples/share/bumperbot_cpp_examples/local_setup.zsh
[6.460s] -- Installing: /home/teban/bumperbot_ws/install/bumperbot_cpp_examples/share/bumperbot_cpp_examples/local_setup.dsv
[6.460s] -- Installing: /home/teban/bumperbot_ws/install/bumperbot_cpp_examples/share/bumperbot_cpp_examples/package.dsv
[6.460s] -- Installing: /home/teban/bumperbot_ws/install/bumperbot_cpp_examples/share/ament_index/resource_index/packages/bumperbot_cpp_examples
[6.460s] -- Installing: /home/teban/bumperbot_ws/install/bumperbot_cpp_examples/share/bumperbot_cpp_examples/cmake/bumperbot_cpp_examplesConfig.cmake
[6.460s] -- Installing: /home/teban/bumperbot_ws/install/bumperbot_cpp_examples/share/bumperbot_cpp_examples/cmake/bumperbot_cpp_examplesConfig-version.cmake
[6.460s] -- Installing: /home/teban/bumperbot_ws/install/bumperbot_cpp_examples/share/bumperbot_cpp_examples/package.xml
[6.463s] Invoked command in '/home/teban/bumperbot_ws/build/bumperbot_cpp_examples' returned '0': CMAKE_PREFIX_PATH=${CMAKE_PREFIX_PATH}:/opt/ros/jazzy DEBUGINFOD_URLS=https://debuginfod.ubuntu.com /usr/bin/cmake --install /home/teban/bumperbot_ws/build/bumperbot_cpp_examples
