[0.724s] DEBUG:colcon:Command line arguments: ['/usr/bin/colcon', 'build']
[0.725s] DEBUG:colcon:Parsed command line arguments: Namespace(log_base=None, log_level=None, verb_name='build', build_base='build', install_base='install', merge_install=False, symlink_install=False, test_result_base=None, continue_on_error=False, executor='parallel', parallel_workers=4, event_handlers=None, ignore_user_meta=False, metas=['./colcon.meta'], base_paths=['.'], packages_ignore=None, packages_ignore_regex=None, paths=None, packages_up_to=None, packages_up_to_regex=None, packages_above=None, packages_above_and_dependencies=None, packages_above_depth=None, packages_select_by_dep=None, packages_skip_by_dep=None, packages_skip_up_to=None, packages_select_build_failed=False, packages_skip_build_finished=False, packages_select_test_failures=False, packages_skip_test_passed=False, packages_select=None, packages_skip=None, packages_select_regex=None, packages_skip_regex=None, packages_start=None, packages_end=None, allow_overriding=[], cmake_args=None, cmake_target=None, cmake_target_skip_unavailable=False, cmake_clean_cache=False, cmake_clean_first=False, cmake_force_configure=False, ament_cmake_args=None, catkin_cmake_args=None, catkin_skip_building_tests=False, mixin_files=None, mixin=None, verb_parser=<colcon_mixin.mixin.mixin_argument.MixinArgumentDecorator object at 0x740b0fcac6e0>, verb_extension=<colcon_core.verb.build.BuildVerb object at 0x740b0fcac260>, main=<bound method BuildVerb.main of <colcon_core.verb.build.BuildVerb object at 0x740b0fcac260>>, mixin_verb=('build',))
[0.781s] Level 1:colcon.colcon_core.package_discovery:discover_packages(colcon_meta) check parameters
[0.781s] Level 1:colcon.colcon_core.package_discovery:discover_packages(recursive) check parameters
[0.782s] Level 1:colcon.colcon_core.package_discovery:discover_packages(ignore) check parameters
[0.782s] Level 1:colcon.colcon_core.package_discovery:discover_packages(path) check parameters
[0.782s] Level 1:colcon.colcon_core.package_discovery:discover_packages(colcon_meta) discover
[0.782s] Level 1:colcon.colcon_core.package_discovery:discover_packages(recursive) discover
[0.782s] INFO:colcon.colcon_core.package_discovery:Crawling recursively for packages in '/home/teban/bumperbot_ws'
[0.782s] Level 1:colcon.colcon_core.package_identification:_identify(.) by extensions ['ignore', 'ignore_ament_install']
[0.782s] Level 1:colcon.colcon_core.package_identification:_identify(.) by extension 'ignore'
[0.782s] Level 1:colcon.colcon_core.package_identification:_identify(.) by extension 'ignore_ament_install'
[0.782s] Level 1:colcon.colcon_core.package_identification:_identify(.) by extensions ['colcon_pkg']
[0.782s] Level 1:colcon.colcon_core.package_identification:_identify(.) by extension 'colcon_pkg'
[0.783s] Level 1:colcon.colcon_core.package_identification:_identify(.) by extensions ['colcon_meta']
[0.783s] Level 1:colcon.colcon_core.package_identification:_identify(.) by extension 'colcon_meta'
[0.783s] Level 1:colcon.colcon_core.package_identification:_identify(.) by extensions ['ros']
[0.783s] Level 1:colcon.colcon_core.package_identification:_identify(.) by extension 'ros'
[0.813s] Level 1:colcon.colcon_core.package_identification:_identify(.) by extensions ['cmake', 'python']
[0.813s] Level 1:colcon.colcon_core.package_identification:_identify(.) by extension 'cmake'
[0.813s] Level 1:colcon.colcon_core.package_identification:_identify(.) by extension 'python'
[0.813s] Level 1:colcon.colcon_core.package_identification:_identify(.) by extensions ['python_setup_py']
[0.813s] Level 1:colcon.colcon_core.package_identification:_identify(.) by extension 'python_setup_py'
[0.814s] Level 1:colcon.colcon_core.package_identification:_identify(build) by extensions ['ignore', 'ignore_ament_install']
[0.814s] Level 1:colcon.colcon_core.package_identification:_identify(build) by extension 'ignore'
[0.814s] Level 1:colcon.colcon_core.package_identification:_identify(build) ignored
[0.814s] Level 1:colcon.colcon_core.package_identification:_identify(install) by extensions ['ignore', 'ignore_ament_install']
[0.814s] Level 1:colcon.colcon_core.package_identification:_identify(install) by extension 'ignore'
[0.814s] Level 1:colcon.colcon_core.package_identification:_identify(install) ignored
[0.814s] Level 1:colcon.colcon_core.package_identification:_identify(log) by extensions ['ignore', 'ignore_ament_install']
[0.814s] Level 1:colcon.colcon_core.package_identification:_identify(log) by extension 'ignore'
[0.814s] Level 1:colcon.colcon_core.package_identification:_identify(log) ignored
[0.814s] Level 1:colcon.colcon_core.package_identification:_identify(src) by extensions ['ignore', 'ignore_ament_install']
[0.815s] Level 1:colcon.colcon_core.package_identification:_identify(src) by extension 'ignore'
[0.815s] Level 1:colcon.colcon_core.package_identification:_identify(src) by extension 'ignore_ament_install'
[0.815s] Level 1:colcon.colcon_core.package_identification:_identify(src) by extensions ['colcon_pkg']
[0.815s] Level 1:colcon.colcon_core.package_identification:_identify(src) by extension 'colcon_pkg'
[0.815s] Level 1:colcon.colcon_core.package_identification:_identify(src) by extensions ['colcon_meta']
[0.815s] Level 1:colcon.colcon_core.package_identification:_identify(src) by extension 'colcon_meta'
[0.815s] Level 1:colcon.colcon_core.package_identification:_identify(src) by extensions ['ros']
[0.815s] Level 1:colcon.colcon_core.package_identification:_identify(src) by extension 'ros'
[0.815s] Level 1:colcon.colcon_core.package_identification:_identify(src) by extensions ['cmake', 'python']
[0.815s] Level 1:colcon.colcon_core.package_identification:_identify(src) by extension 'cmake'
[0.815s] Level 1:colcon.colcon_core.package_identification:_identify(src) by extension 'python'
[0.815s] Level 1:colcon.colcon_core.package_identification:_identify(src) by extensions ['python_setup_py']
[0.815s] Level 1:colcon.colcon_core.package_identification:_identify(src) by extension 'python_setup_py'
[0.815s] Level 1:colcon.colcon_core.package_identification:_identify(src/bumperbot_controller) by extensions ['ignore', 'ignore_ament_install']
[0.816s] Level 1:colcon.colcon_core.package_identification:_identify(src/bumperbot_controller) by extension 'ignore'
[0.816s] Level 1:colcon.colcon_core.package_identification:_identify(src/bumperbot_controller) by extension 'ignore_ament_install'
[0.816s] Level 1:colcon.colcon_core.package_identification:_identify(src/bumperbot_controller) by extensions ['colcon_pkg']
[0.816s] Level 1:colcon.colcon_core.package_identification:_identify(src/bumperbot_controller) by extension 'colcon_pkg'
[0.816s] Level 1:colcon.colcon_core.package_identification:_identify(src/bumperbot_controller) by extensions ['colcon_meta']
[0.816s] Level 1:colcon.colcon_core.package_identification:_identify(src/bumperbot_controller) by extension 'colcon_meta'
[0.816s] Level 1:colcon.colcon_core.package_identification:_identify(src/bumperbot_controller) by extensions ['ros']
[0.816s] Level 1:colcon.colcon_core.package_identification:_identify(src/bumperbot_controller) by extension 'ros'
[0.818s] DEBUG:colcon.colcon_core.package_identification:Package 'src/bumperbot_controller' with type 'ros.ament_cmake' and name 'bumperbot_controller'
[0.819s] Level 1:colcon.colcon_core.package_identification:_identify(src/bumperbot_cpp_examples) by extensions ['ignore', 'ignore_ament_install']
[0.819s] Level 1:colcon.colcon_core.package_identification:_identify(src/bumperbot_cpp_examples) by extension 'ignore'
[0.819s] Level 1:colcon.colcon_core.package_identification:_identify(src/bumperbot_cpp_examples) by extension 'ignore_ament_install'
[0.819s] Level 1:colcon.colcon_core.package_identification:_identify(src/bumperbot_cpp_examples) by extensions ['colcon_pkg']
[0.819s] Level 1:colcon.colcon_core.package_identification:_identify(src/bumperbot_cpp_examples) by extension 'colcon_pkg'
[0.819s] Level 1:colcon.colcon_core.package_identification:_identify(src/bumperbot_cpp_examples) by extensions ['colcon_meta']
[0.819s] Level 1:colcon.colcon_core.package_identification:_identify(src/bumperbot_cpp_examples) by extension 'colcon_meta'
[0.819s] Level 1:colcon.colcon_core.package_identification:_identify(src/bumperbot_cpp_examples) by extensions ['ros']
[0.819s] Level 1:colcon.colcon_core.package_identification:_identify(src/bumperbot_cpp_examples) by extension 'ros'
[0.820s] DEBUG:colcon.colcon_core.package_identification:Package 'src/bumperbot_cpp_examples' with type 'ros.ament_cmake' and name 'bumperbot_cpp_examples'
[0.820s] Level 1:colcon.colcon_core.package_identification:_identify(src/bumperbot_description) by extensions ['ignore', 'ignore_ament_install']
[0.820s] Level 1:colcon.colcon_core.package_identification:_identify(src/bumperbot_description) by extension 'ignore'
[0.820s] Level 1:colcon.colcon_core.package_identification:_identify(src/bumperbot_description) by extension 'ignore_ament_install'
[0.820s] Level 1:colcon.colcon_core.package_identification:_identify(src/bumperbot_description) by extensions ['colcon_pkg']
[0.820s] Level 1:colcon.colcon_core.package_identification:_identify(src/bumperbot_description) by extension 'colcon_pkg'
[0.820s] Level 1:colcon.colcon_core.package_identification:_identify(src/bumperbot_description) by extensions ['colcon_meta']
[0.820s] Level 1:colcon.colcon_core.package_identification:_identify(src/bumperbot_description) by extension 'colcon_meta'
[0.820s] Level 1:colcon.colcon_core.package_identification:_identify(src/bumperbot_description) by extensions ['ros']
[0.820s] Level 1:colcon.colcon_core.package_identification:_identify(src/bumperbot_description) by extension 'ros'
[0.824s] DEBUG:colcon.colcon_core.package_identification:Package 'src/bumperbot_description' with type 'ros.ament_cmake' and name 'bumperbot_description'
[0.824s] Level 1:colcon.colcon_core.package_identification:_identify(src/bumperbot_py_examples) by extensions ['ignore', 'ignore_ament_install']
[0.824s] Level 1:colcon.colcon_core.package_identification:_identify(src/bumperbot_py_examples) by extension 'ignore'
[0.824s] Level 1:colcon.colcon_core.package_identification:_identify(src/bumperbot_py_examples) by extension 'ignore_ament_install'
[0.824s] Level 1:colcon.colcon_core.package_identification:_identify(src/bumperbot_py_examples) by extensions ['colcon_pkg']
[0.824s] Level 1:colcon.colcon_core.package_identification:_identify(src/bumperbot_py_examples) by extension 'colcon_pkg'
[0.824s] Level 1:colcon.colcon_core.package_identification:_identify(src/bumperbot_py_examples) by extensions ['colcon_meta']
[0.824s] Level 1:colcon.colcon_core.package_identification:_identify(src/bumperbot_py_examples) by extension 'colcon_meta'
[0.824s] Level 1:colcon.colcon_core.package_identification:_identify(src/bumperbot_py_examples) by extensions ['ros']
[0.824s] Level 1:colcon.colcon_core.package_identification:_identify(src/bumperbot_py_examples) by extension 'ros'
[0.825s] DEBUG:colcon.colcon_core.package_identification:Package 'src/bumperbot_py_examples' with type 'ros.ament_python' and name 'bumperbot_py_examples'
[0.825s] Level 1:colcon.colcon_core.package_discovery:discover_packages(recursive) using defaults
[0.825s] Level 1:colcon.colcon_core.package_discovery:discover_packages(ignore) discover
[0.825s] Level 1:colcon.colcon_core.package_discovery:discover_packages(ignore) using defaults
[0.825s] Level 1:colcon.colcon_core.package_discovery:discover_packages(path) discover
[0.825s] Level 1:colcon.colcon_core.package_discovery:discover_packages(path) using defaults
[0.846s] Level 1:colcon.colcon_core.package_discovery:discover_packages(prefix_path) check parameters
[0.846s] Level 1:colcon.colcon_core.package_discovery:discover_packages(prefix_path) discover
[0.851s] DEBUG:colcon.colcon_installed_package_information.package_discovery:Found 384 installed packages in /opt/ros/jazzy
[0.853s] Level 1:colcon.colcon_core.package_discovery:discover_packages(prefix_path) using defaults
[0.933s] Level 5:colcon.colcon_core.verb:set package 'bumperbot_controller' build argument 'cmake_args' from command line to 'None'
[0.933s] Level 5:colcon.colcon_core.verb:set package 'bumperbot_controller' build argument 'cmake_target' from command line to 'None'
[0.934s] Level 5:colcon.colcon_core.verb:set package 'bumperbot_controller' build argument 'cmake_target_skip_unavailable' from command line to 'False'
[0.934s] Level 5:colcon.colcon_core.verb:set package 'bumperbot_controller' build argument 'cmake_clean_cache' from command line to 'False'
[0.934s] Level 5:colcon.colcon_core.verb:set package 'bumperbot_controller' build argument 'cmake_clean_first' from command line to 'False'
[0.934s] Level 5:colcon.colcon_core.verb:set package 'bumperbot_controller' build argument 'cmake_force_configure' from command line to 'False'
[0.934s] Level 5:colcon.colcon_core.verb:set package 'bumperbot_controller' build argument 'ament_cmake_args' from command line to 'None'
[0.934s] Level 5:colcon.colcon_core.verb:set package 'bumperbot_controller' build argument 'catkin_cmake_args' from command line to 'None'
[0.934s] Level 5:colcon.colcon_core.verb:set package 'bumperbot_controller' build argument 'catkin_skip_building_tests' from command line to 'False'
[0.934s] DEBUG:colcon.colcon_core.verb:Building package 'bumperbot_controller' with the following arguments: {'ament_cmake_args': None, 'build_base': '/home/teban/bumperbot_ws/build/bumperbot_controller', 'catkin_cmake_args': None, 'catkin_skip_building_tests': False, 'cmake_args': None, 'cmake_clean_cache': False, 'cmake_clean_first': False, 'cmake_force_configure': False, 'cmake_target': None, 'cmake_target_skip_unavailable': False, 'install_base': '/home/teban/bumperbot_ws/install/bumperbot_controller', 'merge_install': False, 'path': '/home/teban/bumperbot_ws/src/bumperbot_controller', 'symlink_install': False, 'test_result_base': None}
[0.934s] Level 5:colcon.colcon_core.verb:set package 'bumperbot_cpp_examples' build argument 'cmake_args' from command line to 'None'
[0.934s] Level 5:colcon.colcon_core.verb:set package 'bumperbot_cpp_examples' build argument 'cmake_target' from command line to 'None'
[0.934s] Level 5:colcon.colcon_core.verb:set package 'bumperbot_cpp_examples' build argument 'cmake_target_skip_unavailable' from command line to 'False'
[0.934s] Level 5:colcon.colcon_core.verb:set package 'bumperbot_cpp_examples' build argument 'cmake_clean_cache' from command line to 'False'
[0.934s] Level 5:colcon.colcon_core.verb:set package 'bumperbot_cpp_examples' build argument 'cmake_clean_first' from command line to 'False'
[0.934s] Level 5:colcon.colcon_core.verb:set package 'bumperbot_cpp_examples' build argument 'cmake_force_configure' from command line to 'False'
[0.934s] Level 5:colcon.colcon_core.verb:set package 'bumperbot_cpp_examples' build argument 'ament_cmake_args' from command line to 'None'
[0.934s] Level 5:colcon.colcon_core.verb:set package 'bumperbot_cpp_examples' build argument 'catkin_cmake_args' from command line to 'None'
[0.934s] Level 5:colcon.colcon_core.verb:set package 'bumperbot_cpp_examples' build argument 'catkin_skip_building_tests' from command line to 'False'
[0.934s] DEBUG:colcon.colcon_core.verb:Building package 'bumperbot_cpp_examples' with the following arguments: {'ament_cmake_args': None, 'build_base': '/home/teban/bumperbot_ws/build/bumperbot_cpp_examples', 'catkin_cmake_args': None, 'catkin_skip_building_tests': False, 'cmake_args': None, 'cmake_clean_cache': False, 'cmake_clean_first': False, 'cmake_force_configure': False, 'cmake_target': None, 'cmake_target_skip_unavailable': False, 'install_base': '/home/teban/bumperbot_ws/install/bumperbot_cpp_examples', 'merge_install': False, 'path': '/home/teban/bumperbot_ws/src/bumperbot_cpp_examples', 'symlink_install': False, 'test_result_base': None}
[0.935s] Level 5:colcon.colcon_core.verb:set package 'bumperbot_description' build argument 'cmake_args' from command line to 'None'
[0.935s] Level 5:colcon.colcon_core.verb:set package 'bumperbot_description' build argument 'cmake_target' from command line to 'None'
[0.935s] Level 5:colcon.colcon_core.verb:set package 'bumperbot_description' build argument 'cmake_target_skip_unavailable' from command line to 'False'
[0.935s] Level 5:colcon.colcon_core.verb:set package 'bumperbot_description' build argument 'cmake_clean_cache' from command line to 'False'
[0.935s] Level 5:colcon.colcon_core.verb:set package 'bumperbot_description' build argument 'cmake_clean_first' from command line to 'False'
[0.935s] Level 5:colcon.colcon_core.verb:set package 'bumperbot_description' build argument 'cmake_force_configure' from command line to 'False'
[0.935s] Level 5:colcon.colcon_core.verb:set package 'bumperbot_description' build argument 'ament_cmake_args' from command line to 'None'
[0.935s] Level 5:colcon.colcon_core.verb:set package 'bumperbot_description' build argument 'catkin_cmake_args' from command line to 'None'
[0.935s] Level 5:colcon.colcon_core.verb:set package 'bumperbot_description' build argument 'catkin_skip_building_tests' from command line to 'False'
[0.935s] DEBUG:colcon.colcon_core.verb:Building package 'bumperbot_description' with the following arguments: {'ament_cmake_args': None, 'build_base': '/home/teban/bumperbot_ws/build/bumperbot_description', 'catkin_cmake_args': None, 'catkin_skip_building_tests': False, 'cmake_args': None, 'cmake_clean_cache': False, 'cmake_clean_first': False, 'cmake_force_configure': False, 'cmake_target': None, 'cmake_target_skip_unavailable': False, 'install_base': '/home/teban/bumperbot_ws/install/bumperbot_description', 'merge_install': False, 'path': '/home/teban/bumperbot_ws/src/bumperbot_description', 'symlink_install': False, 'test_result_base': None}
[0.935s] Level 5:colcon.colcon_core.verb:set package 'bumperbot_py_examples' build argument 'cmake_args' from command line to 'None'
[0.935s] Level 5:colcon.colcon_core.verb:set package 'bumperbot_py_examples' build argument 'cmake_target' from command line to 'None'
[0.935s] Level 5:colcon.colcon_core.verb:set package 'bumperbot_py_examples' build argument 'cmake_target_skip_unavailable' from command line to 'False'
[0.935s] Level 5:colcon.colcon_core.verb:set package 'bumperbot_py_examples' build argument 'cmake_clean_cache' from command line to 'False'
[0.935s] Level 5:colcon.colcon_core.verb:set package 'bumperbot_py_examples' build argument 'cmake_clean_first' from command line to 'False'
[0.935s] Level 5:colcon.colcon_core.verb:set package 'bumperbot_py_examples' build argument 'cmake_force_configure' from command line to 'False'
[0.935s] Level 5:colcon.colcon_core.verb:set package 'bumperbot_py_examples' build argument 'ament_cmake_args' from command line to 'None'
[0.936s] Level 5:colcon.colcon_core.verb:set package 'bumperbot_py_examples' build argument 'catkin_cmake_args' from command line to 'None'
[0.936s] Level 5:colcon.colcon_core.verb:set package 'bumperbot_py_examples' build argument 'catkin_skip_building_tests' from command line to 'False'
[0.936s] DEBUG:colcon.colcon_core.verb:Building package 'bumperbot_py_examples' with the following arguments: {'ament_cmake_args': None, 'build_base': '/home/teban/bumperbot_ws/build/bumperbot_py_examples', 'catkin_cmake_args': None, 'catkin_skip_building_tests': False, 'cmake_args': None, 'cmake_clean_cache': False, 'cmake_clean_first': False, 'cmake_force_configure': False, 'cmake_target': None, 'cmake_target_skip_unavailable': False, 'install_base': '/home/teban/bumperbot_ws/install/bumperbot_py_examples', 'merge_install': False, 'path': '/home/teban/bumperbot_ws/src/bumperbot_py_examples', 'symlink_install': False, 'test_result_base': None}
[0.936s] INFO:colcon.colcon_core.executor:Executing jobs using 'parallel' executor
[0.937s] DEBUG:colcon.colcon_parallel_executor.executor.parallel:run_until_complete
[0.937s] INFO:colcon.colcon_ros.task.ament_cmake.build:Building ROS package in '/home/teban/bumperbot_ws/src/bumperbot_controller' with build type 'ament_cmake'
[0.937s] INFO:colcon.colcon_cmake.task.cmake.build:Building CMake package in '/home/teban/bumperbot_ws/src/bumperbot_controller'
[0.942s] INFO:colcon.colcon_core.plugin_system:Skipping extension 'colcon_core.shell.bat': Not used on non-Windows systems
[0.942s] INFO:colcon.colcon_core.shell:Skip shell extension 'powershell' for command environment: Not usable outside of PowerShell
[0.942s] DEBUG:colcon.colcon_core.shell:Skip shell extension 'dsv' for command environment
[0.955s] INFO:colcon.colcon_ros.task.ament_cmake.build:Building ROS package in '/home/teban/bumperbot_ws/src/bumperbot_cpp_examples' with build type 'ament_cmake'
[0.955s] INFO:colcon.colcon_cmake.task.cmake.build:Building CMake package in '/home/teban/bumperbot_ws/src/bumperbot_cpp_examples'
[0.956s] INFO:colcon.colcon_core.shell:Skip shell extension 'powershell' for command environment: Not usable outside of PowerShell
[0.956s] DEBUG:colcon.colcon_core.shell:Skip shell extension 'dsv' for command environment
[0.959s] INFO:colcon.colcon_ros.task.ament_cmake.build:Building ROS package in '/home/teban/bumperbot_ws/src/bumperbot_description' with build type 'ament_cmake'
[0.960s] INFO:colcon.colcon_cmake.task.cmake.build:Building CMake package in '/home/teban/bumperbot_ws/src/bumperbot_description'
[0.960s] INFO:colcon.colcon_core.shell:Skip shell extension 'powershell' for command environment: Not usable outside of PowerShell
[0.960s] DEBUG:colcon.colcon_core.shell:Skip shell extension 'dsv' for command environment
[0.964s] INFO:colcon.colcon_ros.task.ament_python.build:Building ROS package in '/home/teban/bumperbot_ws/src/bumperbot_py_examples' with build type 'ament_python'
[0.964s] Level 1:colcon.colcon_core.shell:create_environment_hook('bumperbot_py_examples', 'ament_prefix_path')
[0.964s] INFO:colcon.colcon_core.shell:Creating environment hook '/home/teban/bumperbot_ws/install/bumperbot_py_examples/share/bumperbot_py_examples/hook/ament_prefix_path.ps1'
[0.974s] INFO:colcon.colcon_core.shell:Creating environment descriptor '/home/teban/bumperbot_ws/install/bumperbot_py_examples/share/bumperbot_py_examples/hook/ament_prefix_path.dsv'
[0.975s] INFO:colcon.colcon_core.shell:Creating environment hook '/home/teban/bumperbot_ws/install/bumperbot_py_examples/share/bumperbot_py_examples/hook/ament_prefix_path.sh'
[0.976s] INFO:colcon.colcon_core.shell:Skip shell extension 'powershell' for command environment: Not usable outside of PowerShell
[0.976s] DEBUG:colcon.colcon_core.shell:Skip shell extension 'dsv' for command environment
[0.993s] DEBUG:colcon.colcon_core.event_handler.log_command:Invoking command in '/home/teban/bumperbot_ws/build/bumperbot_controller': CMAKE_PREFIX_PATH=${CMAKE_PREFIX_PATH}:/opt/ros/jazzy DEBUGINFOD_URLS=https://debuginfod.ubuntu.com /usr/bin/cmake --build /home/teban/bumperbot_ws/build/bumperbot_controller -- -j4 -l4
[1.049s] DEBUG:colcon.colcon_core.event_handler.log_command:Invoking command in '/home/teban/bumperbot_ws/build/bumperbot_cpp_examples': CMAKE_PREFIX_PATH=${CMAKE_PREFIX_PATH}:/opt/ros/jazzy DEBUGINFOD_URLS=https://debuginfod.ubuntu.com /usr/bin/cmake --build /home/teban/bumperbot_ws/build/bumperbot_cpp_examples -- -j4 -l4
[1.080s] DEBUG:colcon.colcon_core.event_handler.log_command:Invoking command in '/home/teban/bumperbot_ws/build/bumperbot_description': CMAKE_PREFIX_PATH=${CMAKE_PREFIX_PATH}:/opt/ros/jazzy DEBUGINFOD_URLS=https://debuginfod.ubuntu.com /usr/bin/cmake --build /home/teban/bumperbot_ws/build/bumperbot_description -- -j4 -l4
[1.439s] INFO:colcon.colcon_core.task.python.build:Building Python package in '/home/teban/bumperbot_ws/src/bumperbot_py_examples'
[1.439s] INFO:colcon.colcon_core.shell:Skip shell extension 'powershell' for command environment: Not usable outside of PowerShell
[1.439s] DEBUG:colcon.colcon_core.shell:Skip shell extension 'dsv' for command environment
[1.445s] DEBUG:colcon.colcon_core.event_handler.log_command:Invoked command in '/home/teban/bumperbot_ws/build/bumperbot_description' returned '0': CMAKE_PREFIX_PATH=${CMAKE_PREFIX_PATH}:/opt/ros/jazzy DEBUGINFOD_URLS=https://debuginfod.ubuntu.com /usr/bin/cmake --build /home/teban/bumperbot_ws/build/bumperbot_description -- -j4 -l4
[1.478s] DEBUG:colcon.colcon_core.event_handler.log_command:Invoking command in '/home/teban/bumperbot_ws/build/bumperbot_description': CMAKE_PREFIX_PATH=${CMAKE_PREFIX_PATH}:/opt/ros/jazzy DEBUGINFOD_URLS=https://debuginfod.ubuntu.com /usr/bin/cmake --install /home/teban/bumperbot_ws/build/bumperbot_description
[1.479s] DEBUG:colcon.colcon_core.event_handler.log_command:Invoked command in '/home/teban/bumperbot_ws/build/bumperbot_cpp_examples' returned '0': CMAKE_PREFIX_PATH=${CMAKE_PREFIX_PATH}:/opt/ros/jazzy DEBUGINFOD_URLS=https://debuginfod.ubuntu.com /usr/bin/cmake --build /home/teban/bumperbot_ws/build/bumperbot_cpp_examples -- -j4 -l4
[1.548s] DEBUG:colcon.colcon_core.event_handler.log_command:Invoking command in '/home/teban/bumperbot_ws/build/bumperbot_cpp_examples': CMAKE_PREFIX_PATH=${CMAKE_PREFIX_PATH}:/opt/ros/jazzy DEBUGINFOD_URLS=https://debuginfod.ubuntu.com /usr/bin/cmake --install /home/teban/bumperbot_ws/build/bumperbot_cpp_examples
[1.568s] Level 1:colcon.colcon_core.environment:create_environment_scripts_only(bumperbot_description)
[1.568s] DEBUG:colcon.colcon_core.event_handler.log_command:Invoked command in '/home/teban/bumperbot_ws/build/bumperbot_description' returned '0': CMAKE_PREFIX_PATH=${CMAKE_PREFIX_PATH}:/opt/ros/jazzy DEBUGINFOD_URLS=https://debuginfod.ubuntu.com /usr/bin/cmake --install /home/teban/bumperbot_ws/build/bumperbot_description
[1.597s] Level 1:colcon.colcon_core.environment:checking '/home/teban/bumperbot_ws/install/bumperbot_description' for CMake module files
[1.598s] Level 1:colcon.colcon_core.environment:checking '/home/teban/bumperbot_ws/install/bumperbot_description' for CMake config files
[1.598s] Level 1:colcon.colcon_core.shell:create_environment_hook('bumperbot_description', 'cmake_prefix_path')
[1.598s] INFO:colcon.colcon_core.shell:Creating environment hook '/home/teban/bumperbot_ws/install/bumperbot_description/share/bumperbot_description/hook/cmake_prefix_path.ps1'
[1.599s] INFO:colcon.colcon_core.shell:Creating environment descriptor '/home/teban/bumperbot_ws/install/bumperbot_description/share/bumperbot_description/hook/cmake_prefix_path.dsv'
[1.599s] INFO:colcon.colcon_core.shell:Creating environment hook '/home/teban/bumperbot_ws/install/bumperbot_description/share/bumperbot_description/hook/cmake_prefix_path.sh'
[1.600s] Level 1:colcon.colcon_core.environment:checking '/home/teban/bumperbot_ws/install/bumperbot_description/bin'
[1.600s] Level 1:colcon.colcon_core.environment:checking '/home/teban/bumperbot_ws/install/bumperbot_description/lib/pkgconfig/bumperbot_description.pc'
[1.600s] Level 1:colcon.colcon_core.environment:checking '/home/teban/bumperbot_ws/install/bumperbot_description/lib/python3.12/site-packages'
[1.601s] Level 1:colcon.colcon_core.environment:checking '/home/teban/bumperbot_ws/install/bumperbot_description/bin'
[1.601s] INFO:colcon.colcon_core.shell:Creating package script '/home/teban/bumperbot_ws/install/bumperbot_description/share/bumperbot_description/package.ps1'
[1.615s] INFO:colcon.colcon_core.shell:Creating package descriptor '/home/teban/bumperbot_ws/install/bumperbot_description/share/bumperbot_description/package.dsv'
[1.616s] INFO:colcon.colcon_core.shell:Creating package script '/home/teban/bumperbot_ws/install/bumperbot_description/share/bumperbot_description/package.sh'
[1.616s] INFO:colcon.colcon_core.shell:Creating package script '/home/teban/bumperbot_ws/install/bumperbot_description/share/bumperbot_description/package.bash'
[1.630s] INFO:colcon.colcon_core.shell:Creating package script '/home/teban/bumperbot_ws/install/bumperbot_description/share/bumperbot_description/package.zsh'
[1.633s] Level 1:colcon.colcon_core.environment:create_file_with_runtime_dependencies(/home/teban/bumperbot_ws/install/bumperbot_description/share/colcon-core/packages/bumperbot_description)
[1.633s] Level 1:colcon.colcon_core.environment:create_environment_scripts_only(bumperbot_description)
[1.633s] Level 1:colcon.colcon_core.environment:checking '/home/teban/bumperbot_ws/install/bumperbot_description' for CMake module files
[1.634s] Level 1:colcon.colcon_core.environment:checking '/home/teban/bumperbot_ws/install/bumperbot_description' for CMake config files
[1.634s] Level 1:colcon.colcon_core.shell:create_environment_hook('bumperbot_description', 'cmake_prefix_path')
[1.635s] INFO:colcon.colcon_core.shell:Creating environment hook '/home/teban/bumperbot_ws/install/bumperbot_description/share/bumperbot_description/hook/cmake_prefix_path.ps1'
[1.635s] INFO:colcon.colcon_core.shell:Creating environment descriptor '/home/teban/bumperbot_ws/install/bumperbot_description/share/bumperbot_description/hook/cmake_prefix_path.dsv'
[1.635s] INFO:colcon.colcon_core.shell:Creating environment hook '/home/teban/bumperbot_ws/install/bumperbot_description/share/bumperbot_description/hook/cmake_prefix_path.sh'
[1.636s] Level 1:colcon.colcon_core.environment:checking '/home/teban/bumperbot_ws/install/bumperbot_description/bin'
[1.636s] Level 1:colcon.colcon_core.environment:checking '/home/teban/bumperbot_ws/install/bumperbot_description/lib/pkgconfig/bumperbot_description.pc'
[1.637s] Level 1:colcon.colcon_core.environment:checking '/home/teban/bumperbot_ws/install/bumperbot_description/lib/python3.12/site-packages'
[1.637s] Level 1:colcon.colcon_core.environment:checking '/home/teban/bumperbot_ws/install/bumperbot_description/bin'
[1.637s] INFO:colcon.colcon_core.shell:Creating package script '/home/teban/bumperbot_ws/install/bumperbot_description/share/bumperbot_description/package.ps1'
[1.639s] INFO:colcon.colcon_core.shell:Creating package descriptor '/home/teban/bumperbot_ws/install/bumperbot_description/share/bumperbot_description/package.dsv'
[1.640s] INFO:colcon.colcon_core.shell:Creating package script '/home/teban/bumperbot_ws/install/bumperbot_description/share/bumperbot_description/package.sh'
[1.640s] INFO:colcon.colcon_core.shell:Creating package script '/home/teban/bumperbot_ws/install/bumperbot_description/share/bumperbot_description/package.bash'
[1.641s] INFO:colcon.colcon_core.shell:Creating package script '/home/teban/bumperbot_ws/install/bumperbot_description/share/bumperbot_description/package.zsh'
[1.643s] Level 1:colcon.colcon_core.environment:create_file_with_runtime_dependencies(/home/teban/bumperbot_ws/install/bumperbot_description/share/colcon-core/packages/bumperbot_description)
[1.643s] Level 1:colcon.colcon_core.environment:create_environment_scripts_only(bumperbot_cpp_examples)
[1.643s] Level 1:colcon.colcon_core.environment:checking '/home/teban/bumperbot_ws/install/bumperbot_cpp_examples' for CMake module files
[1.644s] Level 1:colcon.colcon_core.environment:checking '/home/teban/bumperbot_ws/install/bumperbot_cpp_examples' for CMake config files
[1.644s] Level 1:colcon.colcon_core.shell:create_environment_hook('bumperbot_cpp_examples', 'cmake_prefix_path')
[1.645s] INFO:colcon.colcon_core.shell:Creating environment hook '/home/teban/bumperbot_ws/install/bumperbot_cpp_examples/share/bumperbot_cpp_examples/hook/cmake_prefix_path.ps1'
[1.646s] DEBUG:colcon.colcon_core.event_handler.log_command:Invoked command in '/home/teban/bumperbot_ws/build/bumperbot_cpp_examples' returned '0': CMAKE_PREFIX_PATH=${CMAKE_PREFIX_PATH}:/opt/ros/jazzy DEBUGINFOD_URLS=https://debuginfod.ubuntu.com /usr/bin/cmake --install /home/teban/bumperbot_ws/build/bumperbot_cpp_examples
[1.646s] INFO:colcon.colcon_core.shell:Creating environment descriptor '/home/teban/bumperbot_ws/install/bumperbot_cpp_examples/share/bumperbot_cpp_examples/hook/cmake_prefix_path.dsv'
[1.647s] INFO:colcon.colcon_core.shell:Creating environment hook '/home/teban/bumperbot_ws/install/bumperbot_cpp_examples/share/bumperbot_cpp_examples/hook/cmake_prefix_path.sh'
[1.647s] Level 1:colcon.colcon_core.environment:checking '/home/teban/bumperbot_ws/install/bumperbot_cpp_examples/bin'
[1.647s] Level 1:colcon.colcon_core.environment:checking '/home/teban/bumperbot_ws/install/bumperbot_cpp_examples/lib/pkgconfig/bumperbot_cpp_examples.pc'
[1.648s] Level 1:colcon.colcon_core.environment:checking '/home/teban/bumperbot_ws/install/bumperbot_cpp_examples/lib/python3.12/site-packages'
[1.648s] Level 1:colcon.colcon_core.environment:checking '/home/teban/bumperbot_ws/install/bumperbot_cpp_examples/bin'
[1.648s] INFO:colcon.colcon_core.shell:Creating package script '/home/teban/bumperbot_ws/install/bumperbot_cpp_examples/share/bumperbot_cpp_examples/package.ps1'
[1.649s] INFO:colcon.colcon_core.shell:Creating package descriptor '/home/teban/bumperbot_ws/install/bumperbot_cpp_examples/share/bumperbot_cpp_examples/package.dsv'
[1.649s] INFO:colcon.colcon_core.shell:Creating package script '/home/teban/bumperbot_ws/install/bumperbot_cpp_examples/share/bumperbot_cpp_examples/package.sh'
[1.650s] INFO:colcon.colcon_core.shell:Creating package script '/home/teban/bumperbot_ws/install/bumperbot_cpp_examples/share/bumperbot_cpp_examples/package.bash'
[1.650s] INFO:colcon.colcon_core.shell:Creating package script '/home/teban/bumperbot_ws/install/bumperbot_cpp_examples/share/bumperbot_cpp_examples/package.zsh'
[1.650s] Level 1:colcon.colcon_core.environment:create_file_with_runtime_dependencies(/home/teban/bumperbot_ws/install/bumperbot_cpp_examples/share/colcon-core/packages/bumperbot_cpp_examples)
[1.651s] Level 1:colcon.colcon_core.environment:create_environment_scripts_only(bumperbot_cpp_examples)
[1.651s] Level 1:colcon.colcon_core.environment:checking '/home/teban/bumperbot_ws/install/bumperbot_cpp_examples' for CMake module files
[1.652s] Level 1:colcon.colcon_core.environment:checking '/home/teban/bumperbot_ws/install/bumperbot_cpp_examples' for CMake config files
[1.653s] Level 1:colcon.colcon_core.shell:create_environment_hook('bumperbot_cpp_examples', 'cmake_prefix_path')
[1.653s] INFO:colcon.colcon_core.shell:Creating environment hook '/home/teban/bumperbot_ws/install/bumperbot_cpp_examples/share/bumperbot_cpp_examples/hook/cmake_prefix_path.ps1'
[1.653s] INFO:colcon.colcon_core.shell:Creating environment descriptor '/home/teban/bumperbot_ws/install/bumperbot_cpp_examples/share/bumperbot_cpp_examples/hook/cmake_prefix_path.dsv'
[1.654s] INFO:colcon.colcon_core.shell:Creating environment hook '/home/teban/bumperbot_ws/install/bumperbot_cpp_examples/share/bumperbot_cpp_examples/hook/cmake_prefix_path.sh'
[1.655s] Level 1:colcon.colcon_core.environment:checking '/home/teban/bumperbot_ws/install/bumperbot_cpp_examples/bin'
[1.655s] Level 1:colcon.colcon_core.environment:checking '/home/teban/bumperbot_ws/install/bumperbot_cpp_examples/lib/pkgconfig/bumperbot_cpp_examples.pc'
[1.655s] Level 1:colcon.colcon_core.environment:checking '/home/teban/bumperbot_ws/install/bumperbot_cpp_examples/lib/python3.12/site-packages'
[1.656s] Level 1:colcon.colcon_core.environment:checking '/home/teban/bumperbot_ws/install/bumperbot_cpp_examples/bin'
[1.656s] INFO:colcon.colcon_core.shell:Creating package script '/home/teban/bumperbot_ws/install/bumperbot_cpp_examples/share/bumperbot_cpp_examples/package.ps1'
[1.657s] INFO:colcon.colcon_core.shell:Creating package descriptor '/home/teban/bumperbot_ws/install/bumperbot_cpp_examples/share/bumperbot_cpp_examples/package.dsv'
[1.657s] INFO:colcon.colcon_core.shell:Creating package script '/home/teban/bumperbot_ws/install/bumperbot_cpp_examples/share/bumperbot_cpp_examples/package.sh'
[1.658s] INFO:colcon.colcon_core.shell:Creating package script '/home/teban/bumperbot_ws/install/bumperbot_cpp_examples/share/bumperbot_cpp_examples/package.bash'
[1.658s] INFO:colcon.colcon_core.shell:Creating package script '/home/teban/bumperbot_ws/install/bumperbot_cpp_examples/share/bumperbot_cpp_examples/package.zsh'
[1.659s] Level 1:colcon.colcon_core.environment:create_file_with_runtime_dependencies(/home/teban/bumperbot_ws/install/bumperbot_cpp_examples/share/colcon-core/packages/bumperbot_cpp_examples)
[2.623s] DEBUG:colcon.colcon_core.event_handler.log_command:Invoked command in '/home/teban/bumperbot_ws/build/bumperbot_controller' returned '0': CMAKE_PREFIX_PATH=${CMAKE_PREFIX_PATH}:/opt/ros/jazzy DEBUGINFOD_URLS=https://debuginfod.ubuntu.com /usr/bin/cmake --build /home/teban/bumperbot_ws/build/bumperbot_controller -- -j4 -l4
[2.655s] DEBUG:colcon.colcon_core.event_handler.log_command:Invoking command in '/home/teban/bumperbot_ws/build/bumperbot_controller': CMAKE_PREFIX_PATH=${CMAKE_PREFIX_PATH}:/opt/ros/jazzy DEBUGINFOD_URLS=https://debuginfod.ubuntu.com /usr/bin/cmake --install /home/teban/bumperbot_ws/build/bumperbot_controller
[2.669s] Level 1:colcon.colcon_core.environment:create_environment_scripts_only(bumperbot_controller)
[2.669s] Level 1:colcon.colcon_core.environment:checking '/home/teban/bumperbot_ws/install/bumperbot_controller' for CMake module files
[2.669s] DEBUG:colcon.colcon_core.event_handler.log_command:Invoked command in '/home/teban/bumperbot_ws/build/bumperbot_controller' returned '0': CMAKE_PREFIX_PATH=${CMAKE_PREFIX_PATH}:/opt/ros/jazzy DEBUGINFOD_URLS=https://debuginfod.ubuntu.com /usr/bin/cmake --install /home/teban/bumperbot_ws/build/bumperbot_controller
[2.670s] Level 1:colcon.colcon_core.environment:checking '/home/teban/bumperbot_ws/install/bumperbot_controller' for CMake config files
[2.670s] Level 1:colcon.colcon_core.shell:create_environment_hook('bumperbot_controller', 'cmake_prefix_path')
[2.670s] INFO:colcon.colcon_core.shell:Creating environment hook '/home/teban/bumperbot_ws/install/bumperbot_controller/share/bumperbot_controller/hook/cmake_prefix_path.ps1'
[2.671s] INFO:colcon.colcon_core.shell:Creating environment descriptor '/home/teban/bumperbot_ws/install/bumperbot_controller/share/bumperbot_controller/hook/cmake_prefix_path.dsv'
[2.671s] INFO:colcon.colcon_core.shell:Creating environment hook '/home/teban/bumperbot_ws/install/bumperbot_controller/share/bumperbot_controller/hook/cmake_prefix_path.sh'
[2.672s] Level 1:colcon.colcon_core.environment:checking '/home/teban/bumperbot_ws/install/bumperbot_controller/bin'
[2.672s] Level 1:colcon.colcon_core.environment:checking '/home/teban/bumperbot_ws/install/bumperbot_controller/lib/pkgconfig/bumperbot_controller.pc'
[2.672s] Level 1:colcon.colcon_core.environment:checking '/home/teban/bumperbot_ws/install/bumperbot_controller/lib/python3.12/site-packages'
[2.672s] Level 1:colcon.colcon_core.environment:checking '/home/teban/bumperbot_ws/install/bumperbot_controller/bin'
[2.673s] INFO:colcon.colcon_core.shell:Creating package script '/home/teban/bumperbot_ws/install/bumperbot_controller/share/bumperbot_controller/package.ps1'
[2.673s] INFO:colcon.colcon_core.shell:Creating package descriptor '/home/teban/bumperbot_ws/install/bumperbot_controller/share/bumperbot_controller/package.dsv'
[2.673s] INFO:colcon.colcon_core.shell:Creating package script '/home/teban/bumperbot_ws/install/bumperbot_controller/share/bumperbot_controller/package.sh'
[2.674s] INFO:colcon.colcon_core.shell:Creating package script '/home/teban/bumperbot_ws/install/bumperbot_controller/share/bumperbot_controller/package.bash'
[2.674s] INFO:colcon.colcon_core.shell:Creating package script '/home/teban/bumperbot_ws/install/bumperbot_controller/share/bumperbot_controller/package.zsh'
[2.675s] Level 1:colcon.colcon_core.environment:create_file_with_runtime_dependencies(/home/teban/bumperbot_ws/install/bumperbot_controller/share/colcon-core/packages/bumperbot_controller)
[2.675s] Level 1:colcon.colcon_core.environment:create_environment_scripts_only(bumperbot_controller)
[2.675s] Level 1:colcon.colcon_core.environment:checking '/home/teban/bumperbot_ws/install/bumperbot_controller' for CMake module files
[2.676s] Level 1:colcon.colcon_core.environment:checking '/home/teban/bumperbot_ws/install/bumperbot_controller' for CMake config files
[2.676s] Level 1:colcon.colcon_core.shell:create_environment_hook('bumperbot_controller', 'cmake_prefix_path')
[2.676s] INFO:colcon.colcon_core.shell:Creating environment hook '/home/teban/bumperbot_ws/install/bumperbot_controller/share/bumperbot_controller/hook/cmake_prefix_path.ps1'
[2.677s] INFO:colcon.colcon_core.shell:Creating environment descriptor '/home/teban/bumperbot_ws/install/bumperbot_controller/share/bumperbot_controller/hook/cmake_prefix_path.dsv'
[2.677s] INFO:colcon.colcon_core.shell:Creating environment hook '/home/teban/bumperbot_ws/install/bumperbot_controller/share/bumperbot_controller/hook/cmake_prefix_path.sh'
[2.678s] Level 1:colcon.colcon_core.environment:checking '/home/teban/bumperbot_ws/install/bumperbot_controller/bin'
[2.678s] Level 1:colcon.colcon_core.environment:checking '/home/teban/bumperbot_ws/install/bumperbot_controller/lib/pkgconfig/bumperbot_controller.pc'
[2.678s] Level 1:colcon.colcon_core.environment:checking '/home/teban/bumperbot_ws/install/bumperbot_controller/lib/python3.12/site-packages'
[2.678s] Level 1:colcon.colcon_core.environment:checking '/home/teban/bumperbot_ws/install/bumperbot_controller/bin'
[2.679s] INFO:colcon.colcon_core.shell:Creating package script '/home/teban/bumperbot_ws/install/bumperbot_controller/share/bumperbot_controller/package.ps1'
[2.679s] INFO:colcon.colcon_core.shell:Creating package descriptor '/home/teban/bumperbot_ws/install/bumperbot_controller/share/bumperbot_controller/package.dsv'
[2.680s] INFO:colcon.colcon_core.shell:Creating package script '/home/teban/bumperbot_ws/install/bumperbot_controller/share/bumperbot_controller/package.sh'
[2.680s] INFO:colcon.colcon_core.shell:Creating package script '/home/teban/bumperbot_ws/install/bumperbot_controller/share/bumperbot_controller/package.bash'
[2.681s] INFO:colcon.colcon_core.shell:Creating package script '/home/teban/bumperbot_ws/install/bumperbot_controller/share/bumperbot_controller/package.zsh'
[2.681s] Level 1:colcon.colcon_core.environment:create_file_with_runtime_dependencies(/home/teban/bumperbot_ws/install/bumperbot_controller/share/colcon-core/packages/bumperbot_controller)
[5.064s] DEBUG:colcon.colcon_core.event_handler.log_command:Invoking command in '/home/teban/bumperbot_ws/src/bumperbot_py_examples': DEBUGINFOD_URLS=https://debuginfod.ubuntu.com PYTHONPATH=/home/teban/bumperbot_ws/build/bumperbot_py_examples/prefix_override:/usr/lib/python3/dist-packages/colcon_core/task/python/colcon_distutils_commands:/home/teban/bumperbot_ws/install/bumperbot_py_examples/lib/python3.12/site-packages:${PYTHONPATH} /usr/bin/python3 -W ignore:setup.py install is deprecated -W ignore:easy_install command is deprecated setup.py egg_info --egg-base ../../build/bumperbot_py_examples build --build-base /home/teban/bumperbot_ws/build/bumperbot_py_examples/build install --record /home/teban/bumperbot_ws/build/bumperbot_py_examples/install.log --single-version-externally-managed install_data
[5.801s] Level 1:colcon.colcon_core.environment:checking '/home/teban/bumperbot_ws/install/bumperbot_py_examples' for CMake module files
[5.802s] DEBUG:colcon.colcon_core.event_handler.log_command:Invoked command in '/home/teban/bumperbot_ws/src/bumperbot_py_examples' returned '0': DEBUGINFOD_URLS=https://debuginfod.ubuntu.com PYTHONPATH=/home/teban/bumperbot_ws/build/bumperbot_py_examples/prefix_override:/usr/lib/python3/dist-packages/colcon_core/task/python/colcon_distutils_commands:/home/teban/bumperbot_ws/install/bumperbot_py_examples/lib/python3.12/site-packages:${PYTHONPATH} /usr/bin/python3 -W ignore:setup.py install is deprecated -W ignore:easy_install command is deprecated setup.py egg_info --egg-base ../../build/bumperbot_py_examples build --build-base /home/teban/bumperbot_ws/build/bumperbot_py_examples/build install --record /home/teban/bumperbot_ws/build/bumperbot_py_examples/install.log --single-version-externally-managed install_data
[5.802s] Level 1:colcon.colcon_core.environment:checking '/home/teban/bumperbot_ws/install/bumperbot_py_examples' for CMake config files
[5.803s] Level 1:colcon.colcon_core.environment:checking '/home/teban/bumperbot_ws/install/bumperbot_py_examples/lib'
[5.803s] Level 1:colcon.colcon_core.environment:checking '/home/teban/bumperbot_ws/install/bumperbot_py_examples/bin'
[5.803s] Level 1:colcon.colcon_core.environment:checking '/home/teban/bumperbot_ws/install/bumperbot_py_examples/lib/pkgconfig/bumperbot_py_examples.pc'
[5.804s] Level 1:colcon.colcon_core.environment:checking '/home/teban/bumperbot_ws/install/bumperbot_py_examples/lib/python3.12/site-packages'
[5.804s] Level 1:colcon.colcon_core.shell:create_environment_hook('bumperbot_py_examples', 'pythonpath')
[5.804s] INFO:colcon.colcon_core.shell:Creating environment hook '/home/teban/bumperbot_ws/install/bumperbot_py_examples/share/bumperbot_py_examples/hook/pythonpath.ps1'
[5.805s] INFO:colcon.colcon_core.shell:Creating environment descriptor '/home/teban/bumperbot_ws/install/bumperbot_py_examples/share/bumperbot_py_examples/hook/pythonpath.dsv'
[5.805s] INFO:colcon.colcon_core.shell:Creating environment hook '/home/teban/bumperbot_ws/install/bumperbot_py_examples/share/bumperbot_py_examples/hook/pythonpath.sh'
[5.806s] Level 1:colcon.colcon_core.environment:checking '/home/teban/bumperbot_ws/install/bumperbot_py_examples/bin'
[5.806s] Level 1:colcon.colcon_core.environment:create_environment_scripts_only(bumperbot_py_examples)
[5.806s] INFO:colcon.colcon_core.shell:Creating package script '/home/teban/bumperbot_ws/install/bumperbot_py_examples/share/bumperbot_py_examples/package.ps1'
[5.807s] INFO:colcon.colcon_core.shell:Creating package descriptor '/home/teban/bumperbot_ws/install/bumperbot_py_examples/share/bumperbot_py_examples/package.dsv'
[5.807s] INFO:colcon.colcon_core.shell:Creating package script '/home/teban/bumperbot_ws/install/bumperbot_py_examples/share/bumperbot_py_examples/package.sh'
[5.808s] INFO:colcon.colcon_core.shell:Creating package script '/home/teban/bumperbot_ws/install/bumperbot_py_examples/share/bumperbot_py_examples/package.bash'
[5.808s] INFO:colcon.colcon_core.shell:Creating package script '/home/teban/bumperbot_ws/install/bumperbot_py_examples/share/bumperbot_py_examples/package.zsh'
[5.809s] Level 1:colcon.colcon_core.environment:create_file_with_runtime_dependencies(/home/teban/bumperbot_ws/install/bumperbot_py_examples/share/colcon-core/packages/bumperbot_py_examples)
[5.809s] DEBUG:colcon.colcon_parallel_executor.executor.parallel:closing loop
[5.809s] DEBUG:colcon.colcon_parallel_executor.executor.parallel:loop closed
[5.810s] DEBUG:colcon.colcon_parallel_executor.executor.parallel:run_until_complete finished with '0'
[5.810s] DEBUG:colcon.colcon_core.event_reactor:joining thread
[5.838s] INFO:colcon.colcon_core.plugin_system:Skipping extension 'colcon_notification.desktop_notification.terminal_notifier': Not used on non-Darwin systems
[5.838s] INFO:colcon.colcon_core.plugin_system:Skipping extension 'colcon_notification.desktop_notification.win32': Not used on non-Windows systems
[5.838s] INFO:colcon.colcon_notification.desktop_notification:Sending desktop notification using 'notify2'
[5.863s] DEBUG:colcon.colcon_core.event_reactor:joined thread
[5.864s] INFO:colcon.colcon_core.shell:Creating prefix script '/home/teban/bumperbot_ws/install/local_setup.ps1'
[5.874s] INFO:colcon.colcon_core.shell:Creating prefix util module '/home/teban/bumperbot_ws/install/_local_setup_util_ps1.py'
[5.890s] INFO:colcon.colcon_core.shell:Creating prefix chain script '/home/teban/bumperbot_ws/install/setup.ps1'
[5.891s] INFO:colcon.colcon_core.shell:Creating prefix script '/home/teban/bumperbot_ws/install/local_setup.sh'
[5.892s] INFO:colcon.colcon_core.shell:Creating prefix util module '/home/teban/bumperbot_ws/install/_local_setup_util_sh.py'
[5.893s] INFO:colcon.colcon_core.shell:Creating prefix chain script '/home/teban/bumperbot_ws/install/setup.sh'
[5.894s] INFO:colcon.colcon_core.shell:Creating prefix script '/home/teban/bumperbot_ws/install/local_setup.bash'
[5.905s] INFO:colcon.colcon_core.shell:Creating prefix chain script '/home/teban/bumperbot_ws/install/setup.bash'
[5.906s] INFO:colcon.colcon_core.shell:Creating prefix script '/home/teban/bumperbot_ws/install/local_setup.zsh'
[5.908s] INFO:colcon.colcon_core.shell:Creating prefix chain script '/home/teban/bumperbot_ws/install/setup.zsh'
